# JRE version: OpenJDK Runtime Environment (7.0_91-b02) (build 1.7.0_91-b02)
# Java VM: OpenJDK Server VM (24.91-b01 mixed mode linux-x86 )
Heap
 PSYoungGen      total 270336K, used 38122K [0x9dbc0000, 0xb3140000, 0xb3140000)
  eden space 227840K, 0% used [0x9dbc0000,0x9dbc0000,0xaba40000)
  from space 42496K, 89% used [0xb07c0000,0xb2cfa9a8,0xb3140000)
  to   space 60928K, 0% used [0xaba40000,0xaba40000,0xaf5c0000)
 ParOldGen       total 84736K, used 84676K [0x73140000, 0x78400000, 0x9dbc0000)
  object space 84736K, 99% used [0x73140000,0x783f1310,0x78400000)
 PSPermGen       total 16384K, used 4403K [0x6b140000, 0x6c140000, 0x73140000)
  object space 16384K, 26% used [0x6b140000,0x6b58cd68,0x6c140000)
GC Heap History (10 events):
Event: 7.288 GC heap after
Heap after GC invocations=7 (full 0):
 PSYoungGen      total 147200K, used 16881K [0x9dbc0000, 0xb1140000, 0xb3140000)
  eden space 130304K, 0% used [0x9dbc0000,0x9dbc0000,0xa5b00000)
  from space 16896K, 99% used [0xa5b00000,0xa6b7c4d0,0xa6b80000)
  to   space 28160K, 0% used [0xaf5c0000,0xaf5c0000,0xb1140000)
 ParOldGen       total 43008K, used 32789K [0x73140000, 0x75b40000, 0x9dbc0000)
  object space 43008K, 76% used [0x73140000,0x751454d8,0x75b40000)
 PSPermGen       total 16384K, used 4363K [0x6b140000, 0x6c140000, 0x73140000)
  object space 16384K, 26% used [0x6b140000,0x6b582f30,0x6c140000)
}
Event: 7.288 GC heap before
{Heap before GC invocations=8 (full 1):
 PSYoungGen      total 147200K, used 16881K [0x9dbc0000, 0xb1140000, 0xb3140000)
  eden space 130304K, 0% used [0x9dbc0000,0x9dbc0000,0xa5b00000)
  from space 16896K, 99% used [0xa5b00000,0xa6b7c4d0,0xa6b80000)
  to   space 28160K, 0% used [0xaf5c0000,0xaf5c0000,0xb1140000)
 ParOldGen       total 43008K, used 32789K [0x73140000, 0x75b40000, 0x9dbc0000)
  object space 43008K, 76% used [0x73140000,0x751454d8,0x75b40000)
 PSPermGen       total 16384K, used 4363K [0x6b140000, 0x6c140000, 0x73140000)
  object space 16384K, 26% used [0x6b140000,0x6b582f30,0x6c140000)
Event: 7.630 GC heap after
Heap after GC invocations=8 (full 1):
 PSYoungGen      total 147200K, used 3555K [0x9dbc0000, 0xb1140000, 0xb3140000)
  eden space 130304K, 0% used [0x9dbc0000,0x9dbc0000,0xa5b00000)
  from space 16896K, 21% used [0xa5b00000,0xa5e78f18,0xa6b80000)
  to   space 28160K, 0% used [0xaf5c0000,0xaf5c0000,0xb1140000)
 ParOldGen       total 84736K, used 42877K [0x73140000, 0x78400000, 0x9dbc0000)
  object space 84736K, 50% used [0x73140000,0x75b1f4d8,0x78400000)
 PSPermGen       total 16384K, used 4361K [0x6b140000, 0x6c140000, 0x73140000)
  object space 16384K, 26% used [0x6b140000,0x6b582520,0x6c140000)
}
Event: 9.397 GC heap before
{Heap before GC invocations=9 (full 1):
 PSYoungGen      total 147200K, used 133859K [0x9dbc0000, 0xb1140000, 0xb3140000)
  eden space 130304K, 100% used [0x9dbc0000,0xa5b00000,0xa5b00000)
  from space 16896K, 21% used [0xa5b00000,0xa5e78f18,0xa6b80000)
  to   space 28160K, 0% used [0xaf5c0000,0xaf5c0000,0xb1140000)
 ParOldGen       total 84736K, used 42877K [0x73140000, 0x78400000, 0x9dbc0000)
  object space 84736K, 50% used [0x73140000,0x75b1f4d8,0x78400000)
 PSPermGen       total 16384K, used 4371K [0x6b140000, 0x6c140000, 0x73140000)
  object space 16384K, 26% used [0x6b140000,0x6b584c70,0x6c140000)
Event: 9.491 GC heap after
Heap after GC invocations=9 (full 1):
 PSYoungGen      total 210432K, used 23560K [0x9dbc0000, 0xb0d00000, 0xb3140000)
  eden space 186624K, 0% used [0x9dbc0000,0x9dbc0000,0xa9200000)
  from space 23808K, 98% used [0xaf5c0000,0xb0cc20f8,0xb0d00000)
  to   space 31744K, 0% used [0xacf00000,0xacf00000,0xaee00000)
 ParOldGen       total 84736K, used 42877K [0x73140000, 0x78400000, 0x9dbc0000)
  object space 84736K, 50% used [0x73140000,0x75b1f4d8,0x78400000)
 PSPermGen       total 16384K, used 4371K [0x6b140000, 0x6c140000, 0x73140000)
  object space 16384K, 26% used [0x6b140000,0x6b584c70,0x6c140000)
}
Event: 10.711 GC heap before
{Heap before GC invocations=10 (full 1):
 PSYoungGen      total 210432K, used 210184K [0x9dbc0000, 0xb0d00000, 0xb3140000)
  eden space 186624K, 100% used [0x9dbc0000,0xa9200000,0xa9200000)
  from space 23808K, 98% used [0xaf5c0000,0xb0cc20f8,0xb0d00000)
  to   space 31744K, 0% used [0xacf00000,0xacf00000,0xaee00000)
 ParOldGen       total 84736K, used 42877K [0x73140000, 0x78400000, 0x9dbc0000)
  object space 84736K, 50% used [0x73140000,0x75b1f4d8,0x78400000)
 PSPermGen       total 16384K, used 4384K [0x6b140000, 0x6c140000, 0x73140000)
  object space 16384K, 26% used [0x6b140000,0x6b5881e8,0x6c140000)
Event: 11.258 GC heap after
Heap after GC invocations=10 (full 1):
 PSYoungGen      total 280832K, used 31735K [0x9dbc0000, 0xb3140000, 0xb3140000)
  eden space 249088K, 0% used [0x9dbc0000,0x9dbc0000,0xacf00000)
  from space 31744K, 99% used [0xacf00000,0xaedfdf40,0xaee00000)
  to   space 42496K, 0% used [0xb07c0000,0xb07c0000,0xb3140000)
 ParOldGen       total 84736K, used 54941K [0x73140000, 0x78400000, 0x9dbc0000)
  object space 84736K, 64% used [0x73140000,0x766e7680,0x78400000)
 PSPermGen       total 16384K, used 4384K [0x6b140000, 0x6c140000, 0x73140000)
  object space 16384K, 26% used [0x6b140000,0x6b5881e8,0x6c140000)
}
Event: 13.245 GC heap before
{Heap before GC invocations=11 (full 1):
 PSYoungGen      total 280832K, used 280823K [0x9dbc0000, 0xb3140000, 0xb3140000)
  eden space 249088K, 100% used [0x9dbc0000,0xacf00000,0xacf00000)
  from space 31744K, 99% used [0xacf00000,0xaedfdf40,0xaee00000)
  to   space 42496K, 0% used [0xb07c0000,0xb07c0000,0xb3140000)
 ParOldGen       total 84736K, used 54941K [0x73140000, 0x78400000, 0x9dbc0000)
  object space 84736K, 64% used [0x73140000,0x766e7680,0x78400000)
 PSPermGen       total 16384K, used 4403K [0x6b140000, 0x6c140000, 0x73140000)
  object space 16384K, 26% used [0x6b140000,0x6b58cf08,0x6c140000)
Event: 13.427 GC heap after
Heap after GC invocations=11 (full 1):
 PSYoungGen      total 270336K, used 42485K [0x9dbc0000, 0xb3140000, 0xb3140000)
  eden space 227840K, 0% used [0x9dbc0000,0x9dbc0000,0xaba40000)
  from space 42496K, 99% used [0xb07c0000,0xb313d448,0xb3140000)
  to   space 60928K, 0% used [0xaba40000,0xaba40000,0xaf5c0000)
 ParOldGen       total 84736K, used 84657K [0x73140000, 0x78400000, 0x9dbc0000)
  object space 84736K, 99% used [0x73140000,0x783ec6f8,0x78400000)
 PSPermGen       total 16384K, used 4403K [0x6b140000, 0x6c140000, 0x73140000)
  object space 16384K, 26% used [0x6b140000,0x6b58cf08,0x6c140000)
}
Event: 13.427 GC heap before
{Heap before GC invocations=12 (full 2):
 PSYoungGen      total 270336K, used 42485K [0x9dbc0000, 0xb3140000, 0xb3140000)
  eden space 227840K, 0% used [0x9dbc0000,0x9dbc0000,0xaba40000)
  from space 42496K, 99% used [0xb07c0000,0xb313d448,0xb3140000)
  to   space 60928K, 0% used [0xaba40000,0xaba40000,0xaf5c0000)
 ParOldGen       total 84736K, used 84657K [0x73140000, 0x78400000, 0x9dbc0000)
  object space 84736K, 99% used [0x73140000,0x783ec6f8,0x78400000)
 PSPermGen       total 16384K, used 4403K [0x6b140000, 0x6c140000, 0x73140000)
  object space 16384K, 26% used [0x6b140000,0x6b58cf08,0x6c140000)

