# JRE version: OpenJDK Runtime Environment (7.0_91-b02) (build 1.7.0_91-b02)
# Java VM: OpenJDK Server VM (24.91-b01 mixed mode linux-x86 )
Heap
 PSYoungGen      total 76544K, used 10994K [0x9db40000, 0xa31c0000, 0xb30c0000)
  eden space 65536K, 0% used [0x9db40000,0x9db40000,0xa1b40000)
  from space 11008K, 99% used [0xa1b40000,0xa25fc970,0xa2600000)
  to   space 9984K, 0% used [0xa2600000,0xa2600000,0xa2fc0000)
 ParOldGen       total 43008K, used 21321K [0x730c0000, 0x75ac0000, 0x9db40000)
  object space 43008K, 49% used [0x730c0000,0x745925c0,0x75ac0000)
 PSPermGen       total 16384K, used 4275K [0x6b0c0000, 0x6c0c0000, 0x730c0000)
  object space 16384K, 26% used [0x6b0c0000,0x6b4ecd58,0x6c0c0000)
GC Heap History (10 events):
Event: 6.076 GC heap after
Heap after GC invocations=2 (full 0):
 PSYoungGen      total 19200K, used 2554K [0x9db40000, 0x9f080000, 0xb30c0000)
  eden space 16640K, 0% used [0x9db40000,0x9db40000,0x9eb80000)
  from space 2560K, 99% used [0x9ee00000,0x9f07e9e8,0x9f080000)
  to   space 2560K, 0% used [0x9eb80000,0x9eb80000,0x9ee00000)
 ParOldGen       total 43008K, used 1800K [0x730c0000, 0x75ac0000, 0x9db40000)
  object space 43008K, 4% used [0x730c0000,0x73282398,0x75ac0000)
 PSPermGen       total 16384K, used 4107K [0x6b0c0000, 0x6c0c0000, 0x730c0000)
  object space 16384K, 25% used [0x6b0c0000,0x6b4c2d40,0x6c0c0000)
}
Event: 7.288 GC heap before
{Heap before GC invocations=3 (full 0):
 PSYoungGen      total 19200K, used 19194K [0x9db40000, 0x9f080000, 0xb30c0000)
  eden space 16640K, 100% used [0x9db40000,0x9eb80000,0x9eb80000)
  from space 2560K, 99% used [0x9ee00000,0x9f07e9e8,0x9f080000)
  to   space 2560K, 0% used [0x9eb80000,0x9eb80000,0x9ee00000)
 ParOldGen       total 43008K, used 1800K [0x730c0000, 0x75ac0000, 0x9db40000)
  object space 43008K, 4% used [0x730c0000,0x73282398,0x75ac0000)
 PSPermGen       total 16384K, used 4190K [0x6b0c0000, 0x6c0c0000, 0x730c0000)
  object space 16384K, 25% used [0x6b0c0000,0x6b4d78f0,0x6c0c0000)
Event: 7.339 GC heap after
Heap after GC invocations=3 (full 0):
 PSYoungGen      total 19200K, used 2559K [0x9db40000, 0xa00c0000, 0xb30c0000)
  eden space 16640K, 0% used [0x9db40000,0x9db40000,0x9eb80000)
  from space 2560K, 99% used [0x9eb80000,0x9edfff28,0x9ee00000)
  to   space 2560K, 0% used [0x9fe40000,0x9fe40000,0xa00c0000)
 ParOldGen       total 43008K, used 4965K [0x730c0000, 0x75ac0000, 0x9db40000)
  object space 43008K, 11% used [0x730c0000,0x73599638,0x75ac0000)
 PSPermGen       total 16384K, used 4190K [0x6b0c0000, 0x6c0c0000, 0x730c0000)
  object space 16384K, 25% used [0x6b0c0000,0x6b4d78f0,0x6c0c0000)
}
Event: 8.856 GC heap before
{Heap before GC invocations=4 (full 0):
 PSYoungGen      total 19200K, used 19199K [0x9db40000, 0xa00c0000, 0xb30c0000)
  eden space 16640K, 100% used [0x9db40000,0x9eb80000,0x9eb80000)
  from space 2560K, 99% used [0x9eb80000,0x9edfff28,0x9ee00000)
  to   space 2560K, 0% used [0x9fe40000,0x9fe40000,0xa00c0000)
 ParOldGen       total 43008K, used 4965K [0x730c0000, 0x75ac0000, 0x9db40000)
  object space 43008K, 11% used [0x730c0000,0x73599638,0x75ac0000)
 PSPermGen       total 16384K, used 4213K [0x6b0c0000, 0x6c0c0000, 0x730c0000)
  object space 16384K, 25% used [0x6b0c0000,0x6b4dd4c8,0x6c0c0000)
Event: 8.934 GC heap after
Heap after GC invocations=4 (full 0):
 PSYoungGen      total 35840K, used 2557K [0x9db40000, 0xa00c0000, 0xb30c0000)
  eden space 33280K, 0% used [0x9db40000,0x9db40000,0x9fbc0000)
  from space 2560K, 99% used [0x9fe40000,0xa00bf7f8,0xa00c0000)
  to   space 2560K, 0% used [0x9fbc0000,0x9fbc0000,0x9fe40000)
 ParOldGen       total 43008K, used 8557K [0x730c0000, 0x75ac0000, 0x9db40000)
  object space 43008K, 19% used [0x730c0000,0x7391b7d8,0x75ac0000)
 PSPermGen       total 16384K, used 4213K [0x6b0c0000, 0x6c0c0000, 0x730c0000)
  object space 16384K, 25% used [0x6b0c0000,0x6b4dd4c8,0x6c0c0000)
}
Event: 11.246 GC heap before
{Heap before GC invocations=5 (full 0):
 PSYoungGen      total 35840K, used 35837K [0x9db40000, 0xa00c0000, 0xb30c0000)
  eden space 33280K, 100% used [0x9db40000,0x9fbc0000,0x9fbc0000)
  from space 2560K, 99% used [0x9fe40000,0xa00bf7f8,0xa00c0000)
  to   space 2560K, 0% used [0x9fbc0000,0x9fbc0000,0x9fe40000)
 ParOldGen       total 43008K, used 8557K [0x730c0000, 0x75ac0000, 0x9db40000)
  object space 43008K, 19% used [0x730c0000,0x7391b7d8,0x75ac0000)
 PSPermGen       total 16384K, used 4232K [0x6b0c0000, 0x6c0c0000, 0x730c0000)
  object space 16384K, 25% used [0x6b0c0000,0x6b4e23b8,0x6c0c0000)
Event: 11.330 GC heap after
Heap after GC invocations=5 (full 0):
 PSYoungGen      total 35840K, used 2559K [0x9db40000, 0xa2fc0000, 0xb30c0000)
  eden space 33280K, 0% used [0x9db40000,0x9db40000,0x9fbc0000)
  from space 2560K, 99% used [0x9fbc0000,0x9fe3ff40,0x9fe40000)
  to   space 9984K, 0% used [0xa2600000,0xa2600000,0xa2fc0000)
 ParOldGen       total 43008K, used 13658K [0x730c0000, 0x75ac0000, 0x9db40000)
  object space 43008K, 31% used [0x730c0000,0x73e16bd0,0x75ac0000)
 PSPermGen       total 16384K, used 4232K [0x6b0c0000, 0x6c0c0000, 0x730c0000)
  object space 16384K, 25% used [0x6b0c0000,0x6b4e23b8,0x6c0c0000)
}
Event: 13.753 GC heap before
{Heap before GC invocations=6 (full 0):
 PSYoungGen      total 35840K, used 35839K [0x9db40000, 0xa2fc0000, 0xb30c0000)
  eden space 33280K, 100% used [0x9db40000,0x9fbc0000,0x9fbc0000)
  from space 2560K, 99% used [0x9fbc0000,0x9fe3ff40,0x9fe40000)
  to   space 9984K, 0% used [0xa2600000,0xa2600000,0xa2fc0000)
 ParOldGen       total 43008K, used 13658K [0x730c0000, 0x75ac0000, 0x9db40000)
  object space 43008K, 31% used [0x730c0000,0x73e16bd0,0x75ac0000)
 PSPermGen       total 16384K, used 4251K [0x6b0c0000, 0x6c0c0000, 0x730c0000)
  object space 16384K, 25% used [0x6b0c0000,0x6b4e6fb8,0x6c0c0000)
Event: 13.864 GC heap after
Heap after GC invocations=6 (full 0):
 PSYoungGen      total 75520K, used 8261K [0x9db40000, 0xa31c0000, 0xb30c0000)
  eden space 65536K, 0% used [0x9db40000,0x9db40000,0xa1b40000)
  from space 9984K, 82% used [0xa2600000,0xa2e11548,0xa2fc0000)
  to   space 11008K, 0% used [0xa1b40000,0xa1b40000,0xa2600000)
 ParOldGen       total 43008K, used 13658K [0x730c0000, 0x75ac0000, 0x9db40000)
  object space 43008K, 31% used [0x730c0000,0x73e16bd0,0x75ac0000)
 PSPermGen       total 16384K, used 4251K [0x6b0c0000, 0x6c0c0000, 0x730c0000)
  object space 16384K, 25% used [0x6b0c0000,0x6b4e6fb8,0x6c0c0000)
}
Event: 18.910 GC heap before
{Heap before GC invocations=7 (full 0):
 PSYoungGen      total 75520K, used 73797K [0x9db40000, 0xa31c0000, 0xb30c0000)
  eden space 65536K, 100% used [0x9db40000,0xa1b40000,0xa1b40000)
  from space 9984K, 82% used [0xa2600000,0xa2e11548,0xa2fc0000)
  to   space 11008K, 0% used [0xa1b40000,0xa1b40000,0xa2600000)
 ParOldGen       total 43008K, used 13658K [0x730c0000, 0x75ac0000, 0x9db40000)
  object space 43008K, 31% used [0x730c0000,0x73e16bd0,0x75ac0000)
 PSPermGen       total 16384K, used 4275K [0x6b0c0000, 0x6c0c0000, 0x730c0000)
  object space 16384K, 26% used [0x6b0c0000,0x6b4ecd58,0x6c0c0000)

