# JRE version: OpenJDK Runtime Environment (7.0_91-b02) (build 1.7.0_91-b02)
# Java VM: OpenJDK Server VM (24.91-b01 mixed mode linux-x86 )
Heap
 PSYoungGen      total 298240K, used 50696K [0x9db40000, 0xb30c0000, 0xb30c0000)
  eden space 257024K, 3% used [0x9db40000,0x9e4a9910,0xad640000)
  from space 41216K, 99% used [0xad640000,0xafe58a68,0xafe80000)
  to   space 51456K, 0% used [0xafe80000,0xafe80000,0xb30c0000)
 ParOldGen       total 150272K, used 117930K [0x730c0000, 0x7c380000, 0x9db40000)
  object space 150272K, 78% used [0x730c0000,0x7a3eaab0,0x7c380000)
 PSPermGen       total 16384K, used 4417K [0x6b0c0000, 0x6c0c0000, 0x730c0000)
  object space 16384K, 26% used [0x6b0c0000,0x6b5104c8,0x6c0c0000)
GC Heap History (10 events):
Event: 12.031 GC heap before
{Heap before GC invocations=11 (full 1):
 PSYoungGen      total 226048K, used 21226K [0x9db40000, 0xadac0000, 0xb30c0000)
  eden space 196608K, 0% used [0x9db40000,0x9db40000,0xa9b40000)
  from space 29440K, 72% used [0xaba00000,0xaceba900,0xad6c0000)
  to   space 31488K, 0% used [0xa9b40000,0xa9b40000,0xaba00000)
 ParOldGen       total 43008K, used 42524K [0x730c0000, 0x75ac0000, 0x9db40000)
  object space 43008K, 98% used [0x730c0000,0x75a47220,0x75ac0000)
 PSPermGen       total 16384K, used 4377K [0x6b0c0000, 0x6c0c0000, 0x730c0000)
  object space 16384K, 26% used [0x6b0c0000,0x6b506770,0x6c0c0000)
Event: 12.516 GC heap after
Heap after GC invocations=11 (full 1):
 PSYoungGen      total 226048K, used 15962K [0x9db40000, 0xadac0000, 0xb30c0000)
  eden space 196608K, 0% used [0x9db40000,0x9db40000,0xa9b40000)
  from space 29440K, 54% used [0xaba00000,0xac9969e8,0xad6c0000)
  to   space 31488K, 0% used [0xa9b40000,0xa9b40000,0xaba00000)
 ParOldGen       total 78336K, used 42861K [0x730c0000, 0x77d40000, 0x9db40000)
  object space 78336K, 54% used [0x730c0000,0x75a9b460,0x77d40000)
 PSPermGen       total 16384K, used 4375K [0x6b0c0000, 0x6c0c0000, 0x730c0000)
  object space 16384K, 26% used [0x6b0c0000,0x6b505d90,0x6c0c0000)
}
Event: 14.656 GC heap before
{Heap before GC invocations=12 (full 1):
 PSYoungGen      total 226048K, used 212570K [0x9db40000, 0xadac0000, 0xb30c0000)
  eden space 196608K, 100% used [0x9db40000,0xa9b40000,0xa9b40000)
  from space 29440K, 54% used [0xaba00000,0xac9969e8,0xad6c0000)
  to   space 31488K, 0% used [0xa9b40000,0xa9b40000,0xaba00000)
 ParOldGen       total 78336K, used 42861K [0x730c0000, 0x77d40000, 0x9db40000)
  object space 78336K, 54% used [0x730c0000,0x75a9b460,0x77d40000)
 PSPermGen       total 16384K, used 4393K [0x6b0c0000, 0x6c0c0000, 0x730c0000)
  object space 16384K, 26% used [0x6b0c0000,0x6b50a798,0x6c0c0000)
Event: 14.793 GC heap after
Heap after GC invocations=12 (full 1):
 PSYoungGen      total 228096K, used 31473K [0x9db40000, 0xb30c0000, 0xb30c0000)
  eden space 196608K, 0% used [0x9db40000,0x9db40000,0xa9b40000)
  from space 31488K, 99% used [0xa9b40000,0xab9fc748,0xaba00000)
  to   space 43264K, 0% used [0xb0680000,0xb0680000,0xb30c0000)
 ParOldGen       total 78336K, used 60058K [0x730c0000, 0x77d40000, 0x9db40000)
  object space 78336K, 76% used [0x730c0000,0x76b66bb0,0x77d40000)
 PSPermGen       total 16384K, used 4393K [0x6b0c0000, 0x6c0c0000, 0x730c0000)
  object space 16384K, 26% used [0x6b0c0000,0x6b50a798,0x6c0c0000)
}
Event: 16.127 GC heap before
{Heap before GC invocations=13 (full 1):
 PSYoungGen      total 228096K, used 228081K [0x9db40000, 0xb30c0000, 0xb30c0000)
  eden space 196608K, 100% used [0x9db40000,0xa9b40000,0xa9b40000)
  from space 31488K, 99% used [0xa9b40000,0xab9fc748,0xaba00000)
  to   space 43264K, 0% used [0xb0680000,0xb0680000,0xb30c0000)
 ParOldGen       total 78336K, used 60058K [0x730c0000, 0x77d40000, 0x9db40000)
  object space 78336K, 76% used [0x730c0000,0x76b66bb0,0x77d40000)
 PSPermGen       total 16384K, used 4402K [0x6b0c0000, 0x6c0c0000, 0x730c0000)
  object space 16384K, 26% used [0x6b0c0000,0x6b50cbd0,0x6c0c0000)
Event: 16.564 GC heap after
Heap after GC invocations=13 (full 1):
 PSYoungGen      total 300288K, used 30944K [0x9db40000, 0xb30c0000, 0xb30c0000)
  eden space 257024K, 0% used [0x9db40000,0x9db40000,0xad640000)
  from space 43264K, 71% used [0xb0680000,0xb24b8068,0xb30c0000)
  to   space 46336K, 0% used [0xad640000,0xad640000,0xb0380000)
 ParOldGen       total 91904K, used 91348K [0x730c0000, 0x78a80000, 0x9db40000)
  object space 91904K, 99% used [0x730c0000,0x789f5050,0x78a80000)
 PSPermGen       total 16384K, used 4402K [0x6b0c0000, 0x6c0c0000, 0x730c0000)
  object space 16384K, 26% used [0x6b0c0000,0x6b50cbd0,0x6c0c0000)
}
Event: 16.564 GC heap before
{Heap before GC invocations=14 (full 2):
 PSYoungGen      total 300288K, used 30944K [0x9db40000, 0xb30c0000, 0xb30c0000)
  eden space 257024K, 0% used [0x9db40000,0x9db40000,0xad640000)
  from space 43264K, 71% used [0xb0680000,0xb24b8068,0xb30c0000)
  to   space 46336K, 0% used [0xad640000,0xad640000,0xb0380000)
 ParOldGen       total 91904K, used 91348K [0x730c0000, 0x78a80000, 0x9db40000)
  object space 91904K, 99% used [0x730c0000,0x789f5050,0x78a80000)
 PSPermGen       total 16384K, used 4402K [0x6b0c0000, 0x6c0c0000, 0x730c0000)
  object space 16384K, 26% used [0x6b0c0000,0x6b50cbd0,0x6c0c0000)
Event: 17.217 GC heap after
Heap after GC invocations=14 (full 2):
 PSYoungGen      total 300288K, used 27293K [0x9db40000, 0xb30c0000, 0xb30c0000)
  eden space 257024K, 0% used [0x9db40000,0x9db40000,0xad640000)
  from space 43264K, 63% used [0xb0680000,0xb2127758,0xb30c0000)
  to   space 46336K, 0% used [0xad640000,0xad640000,0xb0380000)
 ParOldGen       total 150272K, used 91781K [0x730c0000, 0x7c380000, 0x9db40000)
  object space 150272K, 61% used [0x730c0000,0x78a61590,0x7c380000)
 PSPermGen       total 16384K, used 4402K [0x6b0c0000, 0x6c0c0000, 0x730c0000)
  object space 16384K, 26% used [0x6b0c0000,0x6b50c980,0x6c0c0000)
}
Event: 18.470 GC heap before
{Heap before GC invocations=15 (full 2):
 PSYoungGen      total 300288K, used 284317K [0x9db40000, 0xb30c0000, 0xb30c0000)
  eden space 257024K, 100% used [0x9db40000,0xad640000,0xad640000)
  from space 43264K, 63% used [0xb0680000,0xb2127758,0xb30c0000)
  to   space 46336K, 0% used [0xad640000,0xad640000,0xb0380000)
 ParOldGen       total 150272K, used 91781K [0x730c0000, 0x7c380000, 0x9db40000)
  object space 150272K, 61% used [0x730c0000,0x78a61590,0x7c380000)
 PSPermGen       total 16384K, used 4417K [0x6b0c0000, 0x6c0c0000, 0x730c0000)
  object space 16384K, 26% used [0x6b0c0000,0x6b5104b8,0x6c0c0000)
Event: 18.705 GC heap after
Heap after GC invocations=15 (full 2):
 PSYoungGen      total 298240K, used 41058K [0x9db40000, 0xb30c0000, 0xb30c0000)
  eden space 257024K, 0% used [0x9db40000,0x9db40000,0xad640000)
  from space 41216K, 99% used [0xad640000,0xafe58a68,0xafe80000)
  to   space 51456K, 0% used [0xafe80000,0xafe80000,0xb30c0000)
 ParOldGen       total 150272K, used 117930K [0x730c0000, 0x7c380000, 0x9db40000)
  object space 150272K, 78% used [0x730c0000,0x7a3eaab0,0x7c380000)
 PSPermGen       total 16384K, used 4417K [0x6b0c0000, 0x6c0c0000, 0x730c0000)
  object space 16384K, 26% used [0x6b0c0000,0x6b5104b8,0x6c0c0000)
}

