# JRE version: OpenJDK Runtime Environment (7.0_91-b02) (build 1.7.0_91-b02)
# Java VM: OpenJDK Server VM (24.91-b01 mixed mode linux-x86 )
Heap
 PSYoungGen      total 76544K, used 10996K [0x9dbc0000, 0xa3240000, 0xb3140000)
  eden space 65536K, 0% used [0x9dbc0000,0x9dbc0000,0xa1bc0000)
  from space 11008K, 99% used [0xa1bc0000,0xa267d1a0,0xa2680000)
  to   space 9984K, 0% used [0xa2680000,0xa2680000,0xa3040000)
 ParOldGen       total 43008K, used 20683K [0x73140000, 0x75b40000, 0x9dbc0000)
  object space 43008K, 48% used [0x73140000,0x74572c78,0x75b40000)
 PSPermGen       total 16384K, used 4296K [0x6b140000, 0x6c140000, 0x73140000)
  object space 16384K, 26% used [0x6b140000,0x6b572000,0x6c140000)
GC Heap History (10 events):
Event: 2.141 GC heap after
Heap after GC invocations=2 (full 0):
 PSYoungGen      total 19200K, used 2549K [0x9dbc0000, 0xa0140000, 0xb3140000)
  eden space 16640K, 0% used [0x9dbc0000,0x9dbc0000,0x9ec00000)
  from space 2560K, 99% used [0x9ee80000,0x9f0fd768,0x9f100000)
  to   space 2560K, 0% used [0x9ec00000,0x9ec00000,0x9ee80000)
 ParOldGen       total 43008K, used 1598K [0x73140000, 0x75b40000, 0x9dbc0000)
  object space 43008K, 3% used [0x73140000,0x732cfa20,0x75b40000)
 PSPermGen       total 16384K, used 4119K [0x6b140000, 0x6c140000, 0x73140000)
  object space 16384K, 25% used [0x6b140000,0x6b545f50,0x6c140000)
}
Event: 3.546 GC heap before
{Heap before GC invocations=3 (full 0):
 PSYoungGen      total 19200K, used 19189K [0x9dbc0000, 0xa0140000, 0xb3140000)
  eden space 16640K, 100% used [0x9dbc0000,0x9ec00000,0x9ec00000)
  from space 2560K, 99% used [0x9ee80000,0x9f0fd768,0x9f100000)
  to   space 2560K, 0% used [0x9ec00000,0x9ec00000,0x9ee80000)
 ParOldGen       total 43008K, used 1598K [0x73140000, 0x75b40000, 0x9dbc0000)
  object space 43008K, 3% used [0x73140000,0x732cfa20,0x75b40000)
 PSPermGen       total 16384K, used 4201K [0x6b140000, 0x6c140000, 0x73140000)
  object space 16384K, 25% used [0x6b140000,0x6b55a6f8,0x6c140000)
Event: 3.648 GC heap after
Heap after GC invocations=3 (full 0):
 PSYoungGen      total 19200K, used 2553K [0x9dbc0000, 0xa0140000, 0xb3140000)
  eden space 16640K, 0% used [0x9dbc0000,0x9dbc0000,0x9ec00000)
  from space 2560K, 99% used [0x9ec00000,0x9ee7e728,0x9ee80000)
  to   space 2560K, 0% used [0x9fec0000,0x9fec0000,0xa0140000)
 ParOldGen       total 43008K, used 4761K [0x73140000, 0x75b40000, 0x9dbc0000)
  object space 43008K, 11% used [0x73140000,0x735e6678,0x75b40000)
 PSPermGen       total 16384K, used 4201K [0x6b140000, 0x6c140000, 0x73140000)
  object space 16384K, 25% used [0x6b140000,0x6b55a6f8,0x6c140000)
}
Event: 5.015 GC heap before
{Heap before GC invocations=4 (full 0):
 PSYoungGen      total 19200K, used 19193K [0x9dbc0000, 0xa0140000, 0xb3140000)
  eden space 16640K, 100% used [0x9dbc0000,0x9ec00000,0x9ec00000)
  from space 2560K, 99% used [0x9ec00000,0x9ee7e728,0x9ee80000)
  to   space 2560K, 0% used [0x9fec0000,0x9fec0000,0xa0140000)
 ParOldGen       total 43008K, used 4761K [0x73140000, 0x75b40000, 0x9dbc0000)
  object space 43008K, 11% used [0x73140000,0x735e6678,0x75b40000)
 PSPermGen       total 16384K, used 4230K [0x6b140000, 0x6c140000, 0x73140000)
  object space 16384K, 25% used [0x6b140000,0x6b561938,0x6c140000)
Event: 5.214 GC heap after
Heap after GC invocations=4 (full 0):
 PSYoungGen      total 35840K, used 2549K [0x9dbc0000, 0xa0140000, 0xb3140000)
  eden space 33280K, 0% used [0x9dbc0000,0x9dbc0000,0x9fc40000)
  from space 2560K, 99% used [0x9fec0000,0xa013d720,0xa0140000)
  to   space 2560K, 0% used [0x9fc40000,0x9fc40000,0x9fec0000)
 ParOldGen       total 43008K, used 7378K [0x73140000, 0x75b40000, 0x9dbc0000)
  object space 43008K, 17% used [0x73140000,0x73874940,0x75b40000)
 PSPermGen       total 16384K, used 4230K [0x6b140000, 0x6c140000, 0x73140000)
  object space 16384K, 25% used [0x6b140000,0x6b561938,0x6c140000)
}
Event: 8.512 GC heap before
{Heap before GC invocations=5 (full 0):
 PSYoungGen      total 35840K, used 35829K [0x9dbc0000, 0xa0140000, 0xb3140000)
  eden space 33280K, 100% used [0x9dbc0000,0x9fc40000,0x9fc40000)
  from space 2560K, 99% used [0x9fec0000,0xa013d720,0xa0140000)
  to   space 2560K, 0% used [0x9fc40000,0x9fc40000,0x9fec0000)
 ParOldGen       total 43008K, used 7378K [0x73140000, 0x75b40000, 0x9dbc0000)
  object space 43008K, 17% used [0x73140000,0x73874940,0x75b40000)
 PSPermGen       total 16384K, used 4255K [0x6b140000, 0x6c140000, 0x73140000)
  object space 16384K, 25% used [0x6b140000,0x6b567d70,0x6c140000)
Event: 8.615 GC heap after
Heap after GC invocations=5 (full 0):
 PSYoungGen      total 35840K, used 2545K [0x9dbc0000, 0xa3040000, 0xb3140000)
  eden space 33280K, 0% used [0x9dbc0000,0x9dbc0000,0x9fc40000)
  from space 2560K, 99% used [0x9fc40000,0x9febc7e8,0x9fec0000)
  to   space 9984K, 0% used [0xa2680000,0xa2680000,0xa3040000)
 ParOldGen       total 43008K, used 13362K [0x73140000, 0x75b40000, 0x9dbc0000)
  object space 43008K, 31% used [0x73140000,0x73e4caf8,0x75b40000)
 PSPermGen       total 16384K, used 4255K [0x6b140000, 0x6c140000, 0x73140000)
  object space 16384K, 25% used [0x6b140000,0x6b567d70,0x6c140000)
}
Event: 11.331 GC heap before
{Heap before GC invocations=6 (full 0):
 PSYoungGen      total 35840K, used 35825K [0x9dbc0000, 0xa3040000, 0xb3140000)
  eden space 33280K, 100% used [0x9dbc0000,0x9fc40000,0x9fc40000)
  from space 2560K, 99% used [0x9fc40000,0x9febc7e8,0x9fec0000)
  to   space 9984K, 0% used [0xa2680000,0xa2680000,0xa3040000)
 ParOldGen       total 43008K, used 13362K [0x73140000, 0x75b40000, 0x9dbc0000)
  object space 43008K, 31% used [0x73140000,0x73e4caf8,0x75b40000)
 PSPermGen       total 16384K, used 4266K [0x6b140000, 0x6c140000, 0x73140000)
  object space 16384K, 26% used [0x6b140000,0x6b56aa08,0x6c140000)
Event: 11.405 GC heap after
Heap after GC invocations=6 (full 0):
 PSYoungGen      total 75520K, used 8180K [0x9dbc0000, 0xa3240000, 0xb3140000)
  eden space 65536K, 0% used [0x9dbc0000,0x9dbc0000,0xa1bc0000)
  from space 9984K, 81% used [0xa2680000,0xa2e7d2f0,0xa3040000)
  to   space 11008K, 0% used [0xa1bc0000,0xa1bc0000,0xa2680000)
 ParOldGen       total 43008K, used 13362K [0x73140000, 0x75b40000, 0x9dbc0000)
  object space 43008K, 31% used [0x73140000,0x73e4caf8,0x75b40000)
 PSPermGen       total 16384K, used 4266K [0x6b140000, 0x6c140000, 0x73140000)
  object space 16384K, 26% used [0x6b140000,0x6b56aa08,0x6c140000)
}
Event: 16.155 GC heap before
{Heap before GC invocations=7 (full 0):
 PSYoungGen      total 75520K, used 73716K [0x9dbc0000, 0xa3240000, 0xb3140000)
  eden space 65536K, 100% used [0x9dbc0000,0xa1bc0000,0xa1bc0000)
  from space 9984K, 81% used [0xa2680000,0xa2e7d2f0,0xa3040000)
  to   space 11008K, 0% used [0xa1bc0000,0xa1bc0000,0xa2680000)
 ParOldGen       total 43008K, used 13362K [0x73140000, 0x75b40000, 0x9dbc0000)
  object space 43008K, 31% used [0x73140000,0x73e4caf8,0x75b40000)
 PSPermGen       total 16384K, used 4296K [0x6b140000, 0x6c140000, 0x73140000)
  object space 16384K, 26% used [0x6b140000,0x6b572000,0x6c140000)

