# JRE version: OpenJDK Runtime Environment (7.0_91-b02) (build 1.7.0_91-b02)
# Java VM: OpenJDK Server VM (24.91-b01 mixed mode linux-x86 )
Heap
 PSYoungGen      total 148224K, used 17657K [0x9dbc0000, 0xa8040000, 0xb3140000)
  eden space 130560K, 0% used [0x9dbc0000,0x9dbc0000,0xa5b40000)
  from space 17664K, 99% used [0xa5b40000,0xa6c7e738,0xa6c80000)
  to   space 15104K, 0% used [0xa6c80000,0xa6c80000,0xa7b40000)
 ParOldGen       total 43008K, used 38013K [0x73140000, 0x75b40000, 0x9dbc0000)
  object space 43008K, 88% used [0x73140000,0x7565f780,0x75b40000)
 PSPermGen       total 16384K, used 4348K [0x6b140000, 0x6c140000, 0x73140000)
  object space 16384K, 26% used [0x6b140000,0x6b57f2d8,0x6c140000)
GC Heap History (10 events):
Event: 2.013 GC heap after
Heap after GC invocations=2 (full 0):
 PSYoungGen      total 35840K, used 2556K [0x9dbc0000, 0xa0140000, 0xb3140000)
  eden space 33280K, 0% used [0x9dbc0000,0x9dbc0000,0x9fc40000)
  from space 2560K, 99% used [0x9fec0000,0xa013f170,0xa0140000)
  to   space 2560K, 0% used [0x9fc40000,0x9fc40000,0x9fec0000)
 ParOldGen       total 43008K, used 2070K [0x73140000, 0x75b40000, 0x9dbc0000)
  object space 43008K, 4% used [0x73140000,0x73345910,0x75b40000)
 PSPermGen       total 16384K, used 4121K [0x6b140000, 0x6c140000, 0x73140000)
  object space 16384K, 25% used [0x6b140000,0x6b546488,0x6c140000)
}
Event: 4.094 GC heap before
{Heap before GC invocations=3 (full 0):
 PSYoungGen      total 35840K, used 35836K [0x9dbc0000, 0xa0140000, 0xb3140000)
  eden space 33280K, 100% used [0x9dbc0000,0x9fc40000,0x9fc40000)
  from space 2560K, 99% used [0x9fec0000,0xa013f170,0xa0140000)
  to   space 2560K, 0% used [0x9fc40000,0x9fc40000,0x9fec0000)
 ParOldGen       total 43008K, used 2070K [0x73140000, 0x75b40000, 0x9dbc0000)
  object space 43008K, 4% used [0x73140000,0x73345910,0x75b40000)
 PSPermGen       total 16384K, used 4234K [0x6b140000, 0x6c140000, 0x73140000)
  object space 16384K, 25% used [0x6b140000,0x6b5629c8,0x6c140000)
Event: 4.160 GC heap after
Heap after GC invocations=3 (full 0):
 PSYoungGen      total 35840K, used 2558K [0x9dbc0000, 0xa21c0000, 0xb3140000)
  eden space 33280K, 0% used [0x9dbc0000,0x9dbc0000,0x9fc40000)
  from space 2560K, 99% used [0x9fc40000,0x9febfb90,0x9fec0000)
  to   space 2560K, 0% used [0xa1f40000,0xa1f40000,0xa21c0000)
 ParOldGen       total 43008K, used 7545K [0x73140000, 0x75b40000, 0x9dbc0000)
  object space 43008K, 17% used [0x73140000,0x7389e478,0x75b40000)
 PSPermGen       total 16384K, used 4234K [0x6b140000, 0x6c140000, 0x73140000)
  object space 16384K, 25% used [0x6b140000,0x6b5629c8,0x6c140000)
}
Event: 6.438 GC heap before
{Heap before GC invocations=4 (full 0):
 PSYoungGen      total 35840K, used 35838K [0x9dbc0000, 0xa21c0000, 0xb3140000)
  eden space 33280K, 100% used [0x9dbc0000,0x9fc40000,0x9fc40000)
  from space 2560K, 99% used [0x9fc40000,0x9febfb90,0x9fec0000)
  to   space 2560K, 0% used [0xa1f40000,0xa1f40000,0xa21c0000)
 ParOldGen       total 43008K, used 7545K [0x73140000, 0x75b40000, 0x9dbc0000)
  object space 43008K, 17% used [0x73140000,0x7389e478,0x75b40000)
 PSPermGen       total 16384K, used 4255K [0x6b140000, 0x6c140000, 0x73140000)
  object space 16384K, 25% used [0x6b140000,0x6b567e58,0x6c140000)
Event: 6.554 GC heap after
Heap after GC invocations=4 (full 0):
 PSYoungGen      total 69120K, used 2544K [0x9dbc0000, 0xa21c0000, 0xb3140000)
  eden space 66560K, 0% used [0x9dbc0000,0x9dbc0000,0xa1cc0000)
  from space 2560K, 99% used [0xa1f40000,0xa21bc368,0xa21c0000)
  to   space 2560K, 0% used [0xa1cc0000,0xa1cc0000,0xa1f40000)
 ParOldGen       total 43008K, used 12508K [0x73140000, 0x75b40000, 0x9dbc0000)
  object space 43008K, 29% used [0x73140000,0x73d77368,0x75b40000)
 PSPermGen       total 16384K, used 4255K [0x6b140000, 0x6c140000, 0x73140000)
  object space 16384K, 25% used [0x6b140000,0x6b567e58,0x6c140000)
}
Event: 12.749 GC heap before
{Heap before GC invocations=5 (full 0):
 PSYoungGen      total 69120K, used 69104K [0x9dbc0000, 0xa21c0000, 0xb3140000)
  eden space 66560K, 100% used [0x9dbc0000,0xa1cc0000,0xa1cc0000)
  from space 2560K, 99% used [0xa1f40000,0xa21bc368,0xa21c0000)
  to   space 2560K, 0% used [0xa1cc0000,0xa1cc0000,0xa1f40000)
 ParOldGen       total 43008K, used 12508K [0x73140000, 0x75b40000, 0x9dbc0000)
  object space 43008K, 29% used [0x73140000,0x73d77368,0x75b40000)
 PSPermGen       total 16384K, used 4283K [0x6b140000, 0x6c140000, 0x73140000)
  object space 16384K, 26% used [0x6b140000,0x6b56eeb8,0x6c140000)
Event: 12.958 GC heap after
Heap after GC invocations=5 (full 0):
 PSYoungGen      total 69120K, used 2554K [0x9dbc0000, 0xa7b40000, 0xb3140000)
  eden space 66560K, 0% used [0x9dbc0000,0x9dbc0000,0xa1cc0000)
  from space 2560K, 99% used [0xa1cc0000,0xa1f3e980,0xa1f40000)
  to   space 15104K, 0% used [0xa6c80000,0xa6c80000,0xa7b40000)
 ParOldGen       total 43008K, used 23135K [0x73140000, 0x75b40000, 0x9dbc0000)
  object space 43008K, 53% used [0x73140000,0x747d7df0,0x75b40000)
 PSPermGen       total 16384K, used 4283K [0x6b140000, 0x6c140000, 0x73140000)
  object space 16384K, 26% used [0x6b140000,0x6b56eeb8,0x6c140000)
}
Event: 19.421 GC heap before
{Heap before GC invocations=6 (full 0):
 PSYoungGen      total 69120K, used 69114K [0x9dbc0000, 0xa7b40000, 0xb3140000)
  eden space 66560K, 100% used [0x9dbc0000,0xa1cc0000,0xa1cc0000)
  from space 2560K, 99% used [0xa1cc0000,0xa1f3e980,0xa1f40000)
  to   space 15104K, 0% used [0xa6c80000,0xa6c80000,0xa7b40000)
 ParOldGen       total 43008K, used 23135K [0x73140000, 0x75b40000, 0x9dbc0000)
  object space 43008K, 53% used [0x73140000,0x747d7df0,0x75b40000)
 PSPermGen       total 16384K, used 4300K [0x6b140000, 0x6c140000, 0x73140000)
  object space 16384K, 26% used [0x6b140000,0x6b5730e8,0x6c140000)
Event: 19.561 GC heap after
Heap after GC invocations=6 (full 0):
 PSYoungGen      total 145664K, used 13446K [0x9dbc0000, 0xa8040000, 0xb3140000)
  eden space 130560K, 0% used [0x9dbc0000,0x9dbc0000,0xa5b40000)
  from space 15104K, 89% used [0xa6c80000,0xa79a1890,0xa7b40000)
  to   space 17664K, 0% used [0xa5b40000,0xa5b40000,0xa6c80000)
 ParOldGen       total 43008K, used 23135K [0x73140000, 0x75b40000, 0x9dbc0000)
  object space 43008K, 53% used [0x73140000,0x747d7df0,0x75b40000)
 PSPermGen       total 16384K, used 4300K [0x6b140000, 0x6c140000, 0x73140000)
  object space 16384K, 26% used [0x6b140000,0x6b5730e8,0x6c140000)
}
Event: 25.997 GC heap before
{Heap before GC invocations=7 (full 0):
 PSYoungGen      total 145664K, used 144006K [0x9dbc0000, 0xa8040000, 0xb3140000)
  eden space 130560K, 100% used [0x9dbc0000,0xa5b40000,0xa5b40000)
  from space 15104K, 89% used [0xa6c80000,0xa79a1890,0xa7b40000)
  to   space 17664K, 0% used [0xa5b40000,0xa5b40000,0xa6c80000)
 ParOldGen       total 43008K, used 23135K [0x73140000, 0x75b40000, 0x9dbc0000)
  object space 43008K, 53% used [0x73140000,0x747d7df0,0x75b40000)
 PSPermGen       total 16384K, used 4348K [0x6b140000, 0x6c140000, 0x73140000)
  object space 16384K, 26% used [0x6b140000,0x6b57f2d8,0x6c140000)

