# JRE version: OpenJDK Runtime Environment (7.0_91-b02) (build 1.7.0_91-b02)
# Java VM: OpenJDK Server VM (24.91-b01 mixed mode linux-x86 )
Heap
 PSYoungGen      total 77312K, used 11760K [0x9db80000, 0xa3380000, 0xb3100000)
  eden space 65536K, 0% used [0x9db80000,0x9db80000,0xa1b80000)
  from space 11776K, 99% used [0xa1b80000,0xa26fc250,0xa2700000)
  to   space 10752K, 0% used [0xa2700000,0xa2700000,0xa3180000)
 ParOldGen       total 43008K, used 21648K [0x73100000, 0x75b00000, 0x9db80000)
  object space 43008K, 50% used [0x73100000,0x74624278,0x75b00000)
 PSPermGen       total 16384K, used 4298K [0x6b100000, 0x6c100000, 0x73100000)
  object space 16384K, 26% used [0x6b100000,0x6b532ba0,0x6c100000)
GC Heap History (10 events):
Event: 2.061 GC heap after
Heap after GC invocations=2 (full 0):
 PSYoungGen      total 19200K, used 2554K [0x9db80000, 0xa0100000, 0xb3100000)
  eden space 16640K, 0% used [0x9db80000,0x9db80000,0x9ebc0000)
  from space 2560K, 99% used [0x9ee40000,0x9f0bea00,0x9f0c0000)
  to   space 2560K, 0% used [0x9ebc0000,0x9ebc0000,0x9ee40000)
 ParOldGen       total 43008K, used 1702K [0x73100000, 0x75b00000, 0x9db80000)
  object space 43008K, 3% used [0x73100000,0x732a9b20,0x75b00000)
 PSPermGen       total 16384K, used 4126K [0x6b100000, 0x6c100000, 0x73100000)
  object space 16384K, 25% used [0x6b100000,0x6b507888,0x6c100000)
}
Event: 3.171 GC heap before
{Heap before GC invocations=3 (full 0):
 PSYoungGen      total 19200K, used 19194K [0x9db80000, 0xa0100000, 0xb3100000)
  eden space 16640K, 100% used [0x9db80000,0x9ebc0000,0x9ebc0000)
  from space 2560K, 99% used [0x9ee40000,0x9f0bea00,0x9f0c0000)
  to   space 2560K, 0% used [0x9ebc0000,0x9ebc0000,0x9ee40000)
 ParOldGen       total 43008K, used 1702K [0x73100000, 0x75b00000, 0x9db80000)
  object space 43008K, 3% used [0x73100000,0x732a9b20,0x75b00000)
 PSPermGen       total 16384K, used 4206K [0x6b100000, 0x6c100000, 0x73100000)
  object space 16384K, 25% used [0x6b100000,0x6b51b8d0,0x6c100000)
Event: 3.207 GC heap after
Heap after GC invocations=3 (full 0):
 PSYoungGen      total 19200K, used 2559K [0x9db80000, 0xa0100000, 0xb3100000)
  eden space 16640K, 0% used [0x9db80000,0x9db80000,0x9ebc0000)
  from space 2560K, 99% used [0x9ebc0000,0x9ee3fd30,0x9ee40000)
  to   space 2560K, 0% used [0x9fe80000,0x9fe80000,0xa0100000)
 ParOldGen       total 43008K, used 5097K [0x73100000, 0x75b00000, 0x9db80000)
  object space 43008K, 11% used [0x73100000,0x735fa580,0x75b00000)
 PSPermGen       total 16384K, used 4206K [0x6b100000, 0x6c100000, 0x73100000)
  object space 16384K, 25% used [0x6b100000,0x6b51b8d0,0x6c100000)
}
Event: 4.360 GC heap before
{Heap before GC invocations=4 (full 0):
 PSYoungGen      total 19200K, used 19199K [0x9db80000, 0xa0100000, 0xb3100000)
  eden space 16640K, 100% used [0x9db80000,0x9ebc0000,0x9ebc0000)
  from space 2560K, 99% used [0x9ebc0000,0x9ee3fd30,0x9ee40000)
  to   space 2560K, 0% used [0x9fe80000,0x9fe80000,0xa0100000)
 ParOldGen       total 43008K, used 5097K [0x73100000, 0x75b00000, 0x9db80000)
  object space 43008K, 11% used [0x73100000,0x735fa580,0x75b00000)
 PSPermGen       total 16384K, used 4236K [0x6b100000, 0x6c100000, 0x73100000)
  object space 16384K, 25% used [0x6b100000,0x6b523050,0x6c100000)
Event: 4.455 GC heap after
Heap after GC invocations=4 (full 0):
 PSYoungGen      total 35840K, used 2551K [0x9db80000, 0xa0100000, 0xb3100000)
  eden space 33280K, 0% used [0x9db80000,0x9db80000,0x9fc00000)
  from space 2560K, 99% used [0x9fe80000,0xa00fdd10,0xa0100000)
  to   space 2560K, 0% used [0x9fc00000,0x9fc00000,0x9fe80000)
 ParOldGen       total 43008K, used 8220K [0x73100000, 0x75b00000, 0x9db80000)
  object space 43008K, 19% used [0x73100000,0x739072f0,0x75b00000)
 PSPermGen       total 16384K, used 4236K [0x6b100000, 0x6c100000, 0x73100000)
  object space 16384K, 25% used [0x6b100000,0x6b523050,0x6c100000)
}
Event: 7.270 GC heap before
{Heap before GC invocations=5 (full 0):
 PSYoungGen      total 35840K, used 35831K [0x9db80000, 0xa0100000, 0xb3100000)
  eden space 33280K, 100% used [0x9db80000,0x9fc00000,0x9fc00000)
  from space 2560K, 99% used [0x9fe80000,0xa00fdd10,0xa0100000)
  to   space 2560K, 0% used [0x9fc00000,0x9fc00000,0x9fe80000)
 ParOldGen       total 43008K, used 8220K [0x73100000, 0x75b00000, 0x9db80000)
  object space 43008K, 19% used [0x73100000,0x739072f0,0x75b00000)
 PSPermGen       total 16384K, used 4257K [0x6b100000, 0x6c100000, 0x73100000)
  object space 16384K, 25% used [0x6b100000,0x6b528770,0x6c100000)
Event: 7.328 GC heap after
Heap after GC invocations=5 (full 0):
 PSYoungGen      total 35840K, used 2547K [0x9db80000, 0xa3180000, 0xb3100000)
  eden space 33280K, 0% used [0x9db80000,0x9db80000,0x9fc00000)
  from space 2560K, 99% used [0x9fc00000,0x9fe7ce30,0x9fe80000)
  to   space 10752K, 0% used [0xa2700000,0xa2700000,0xa3180000)
 ParOldGen       total 43008K, used 14761K [0x73100000, 0x75b00000, 0x9db80000)
  object space 43008K, 34% used [0x73100000,0x73f6a6d8,0x75b00000)
 PSPermGen       total 16384K, used 4257K [0x6b100000, 0x6c100000, 0x73100000)
  object space 16384K, 25% used [0x6b100000,0x6b528770,0x6c100000)
}
Event: 10.160 GC heap before
{Heap before GC invocations=6 (full 0):
 PSYoungGen      total 35840K, used 35827K [0x9db80000, 0xa3180000, 0xb3100000)
  eden space 33280K, 100% used [0x9db80000,0x9fc00000,0x9fc00000)
  from space 2560K, 99% used [0x9fc00000,0x9fe7ce30,0x9fe80000)
  to   space 10752K, 0% used [0xa2700000,0xa2700000,0xa3180000)
 ParOldGen       total 43008K, used 14761K [0x73100000, 0x75b00000, 0x9db80000)
  object space 43008K, 34% used [0x73100000,0x73f6a6d8,0x75b00000)
 PSPermGen       total 16384K, used 4269K [0x6b100000, 0x6c100000, 0x73100000)
  object space 16384K, 26% used [0x6b100000,0x6b52b6c0,0x6c100000)
Event: 10.275 GC heap after
Heap after GC invocations=6 (full 0):
 PSYoungGen      total 76288K, used 8473K [0x9db80000, 0xa3380000, 0xb3100000)
  eden space 65536K, 0% used [0x9db80000,0x9db80000,0xa1b80000)
  from space 10752K, 78% used [0xa2700000,0xa2f466a0,0xa3180000)
  to   space 11776K, 0% used [0xa1b80000,0xa1b80000,0xa2700000)
 ParOldGen       total 43008K, used 14761K [0x73100000, 0x75b00000, 0x9db80000)
  object space 43008K, 34% used [0x73100000,0x73f6a6d8,0x75b00000)
 PSPermGen       total 16384K, used 4269K [0x6b100000, 0x6c100000, 0x73100000)
  object space 16384K, 26% used [0x6b100000,0x6b52b6c0,0x6c100000)
}
Event: 15.959 GC heap before
{Heap before GC invocations=7 (full 0):
 PSYoungGen      total 76288K, used 74009K [0x9db80000, 0xa3380000, 0xb3100000)
  eden space 65536K, 100% used [0x9db80000,0xa1b80000,0xa1b80000)
  from space 10752K, 78% used [0xa2700000,0xa2f466a0,0xa3180000)
  to   space 11776K, 0% used [0xa1b80000,0xa1b80000,0xa2700000)
 ParOldGen       total 43008K, used 14761K [0x73100000, 0x75b00000, 0x9db80000)
  object space 43008K, 34% used [0x73100000,0x73f6a6d8,0x75b00000)
 PSPermGen       total 16384K, used 4298K [0x6b100000, 0x6c100000, 0x73100000)
  object space 16384K, 26% used [0x6b100000,0x6b532ba0,0x6c100000)

