# JRE version: OpenJDK Runtime Environment (7.0_91-b02) (build 1.7.0_91-b02)
# Java VM: OpenJDK Server VM (24.91-b01 mixed mode linux-x86 )
Heap
 PSYoungGen      total 76032K, used 10742K [0x9dc00000, 0xa3200000, 0xb3180000)
  eden space 65280K, 0% used [0x9dc00000,0x9dc00000,0xa1bc0000)
  from space 10752K, 99% used [0xa1bc0000,0xa263d868,0xa2640000)
  to   space 9472K, 0% used [0xa2640000,0xa2640000,0xa2f80000)
 ParOldGen       total 43008K, used 21058K [0x73180000, 0x75b80000, 0x9dc00000)
  object space 43008K, 48% used [0x73180000,0x74610ab8,0x75b80000)
 PSPermGen       total 16384K, used 4296K [0x6b180000, 0x6c180000, 0x73180000)
  object space 16384K, 26% used [0x6b180000,0x6b5b2130,0x6c180000)
GC Heap History (10 events):
Event: 2.375 GC heap after
Heap after GC invocations=2 (full 0):
 PSYoungGen      total 19200K, used 2556K [0x9dc00000, 0xa0180000, 0xb3180000)
  eden space 16640K, 0% used [0x9dc00000,0x9dc00000,0x9ec40000)
  from space 2560K, 99% used [0x9eec0000,0x9f13f160,0x9f140000)
  to   space 2560K, 0% used [0x9ec40000,0x9ec40000,0x9eec0000)
 ParOldGen       total 43008K, used 2027K [0x73180000, 0x75b80000, 0x9dc00000)
  object space 43008K, 4% used [0x73180000,0x7337ad90,0x75b80000)
 PSPermGen       total 16384K, used 4122K [0x6b180000, 0x6c180000, 0x73180000)
  object space 16384K, 25% used [0x6b180000,0x6b586920,0x6c180000)
}
Event: 3.652 GC heap before
{Heap before GC invocations=3 (full 0):
 PSYoungGen      total 19200K, used 19196K [0x9dc00000, 0xa0180000, 0xb3180000)
  eden space 16640K, 100% used [0x9dc00000,0x9ec40000,0x9ec40000)
  from space 2560K, 99% used [0x9eec0000,0x9f13f160,0x9f140000)
  to   space 2560K, 0% used [0x9ec40000,0x9ec40000,0x9eec0000)
 ParOldGen       total 43008K, used 2027K [0x73180000, 0x75b80000, 0x9dc00000)
  object space 43008K, 4% used [0x73180000,0x7337ad90,0x75b80000)
 PSPermGen       total 16384K, used 4203K [0x6b180000, 0x6c180000, 0x73180000)
  object space 16384K, 25% used [0x6b180000,0x6b59ac00,0x6c180000)
Event: 3.673 GC heap after
Heap after GC invocations=3 (full 0):
 PSYoungGen      total 19200K, used 2558K [0x9dc00000, 0xa0180000, 0xb3180000)
  eden space 16640K, 0% used [0x9dc00000,0x9dc00000,0x9ec40000)
  from space 2560K, 99% used [0x9ec40000,0x9eebf910,0x9eec0000)
  to   space 2560K, 0% used [0x9ff00000,0x9ff00000,0xa0180000)
 ParOldGen       total 43008K, used 4781K [0x73180000, 0x75b80000, 0x9dc00000)
  object space 43008K, 11% used [0x73180000,0x7362b6c8,0x75b80000)
 PSPermGen       total 16384K, used 4203K [0x6b180000, 0x6c180000, 0x73180000)
  object space 16384K, 25% used [0x6b180000,0x6b59ac00,0x6c180000)
}
Event: 4.876 GC heap before
{Heap before GC invocations=4 (full 0):
 PSYoungGen      total 19200K, used 19198K [0x9dc00000, 0xa0180000, 0xb3180000)
  eden space 16640K, 100% used [0x9dc00000,0x9ec40000,0x9ec40000)
  from space 2560K, 99% used [0x9ec40000,0x9eebf910,0x9eec0000)
  to   space 2560K, 0% used [0x9ff00000,0x9ff00000,0xa0180000)
 ParOldGen       total 43008K, used 4781K [0x73180000, 0x75b80000, 0x9dc00000)
  object space 43008K, 11% used [0x73180000,0x7362b6c8,0x75b80000)
 PSPermGen       total 16384K, used 4228K [0x6b180000, 0x6c180000, 0x73180000)
  object space 16384K, 25% used [0x6b180000,0x6b5a11e0,0x6c180000)
Event: 4.930 GC heap after
Heap after GC invocations=4 (full 0):
 PSYoungGen      total 35840K, used 2550K [0x9dc00000, 0xa0180000, 0xb3180000)
  eden space 33280K, 0% used [0x9dc00000,0x9dc00000,0x9fc80000)
  from space 2560K, 99% used [0x9ff00000,0xa017d900,0xa0180000)
  to   space 2560K, 0% used [0x9fc80000,0x9fc80000,0x9ff00000)
 ParOldGen       total 43008K, used 7956K [0x73180000, 0x75b80000, 0x9dc00000)
  object space 43008K, 18% used [0x73180000,0x739451f8,0x75b80000)
 PSPermGen       total 16384K, used 4228K [0x6b180000, 0x6c180000, 0x73180000)
  object space 16384K, 25% used [0x6b180000,0x6b5a11e0,0x6c180000)
}
Event: 11.950 GC heap before
{Heap before GC invocations=5 (full 0):
 PSYoungGen      total 35840K, used 35830K [0x9dc00000, 0xa0180000, 0xb3180000)
  eden space 33280K, 100% used [0x9dc00000,0x9fc80000,0x9fc80000)
  from space 2560K, 99% used [0x9ff00000,0xa017d900,0xa0180000)
  to   space 2560K, 0% used [0x9fc80000,0x9fc80000,0x9ff00000)
 ParOldGen       total 43008K, used 7956K [0x73180000, 0x75b80000, 0x9dc00000)
  object space 43008K, 18% used [0x73180000,0x739451f8,0x75b80000)
 PSPermGen       total 16384K, used 4252K [0x6b180000, 0x6c180000, 0x73180000)
  object space 16384K, 25% used [0x6b180000,0x6b5a7110,0x6c180000)
Event: 12.018 GC heap after
Heap after GC invocations=5 (full 0):
 PSYoungGen      total 35840K, used 2545K [0x9dc00000, 0xa2f80000, 0xb3180000)
  eden space 33280K, 0% used [0x9dc00000,0x9dc00000,0x9fc80000)
  from space 2560K, 99% used [0x9fc80000,0x9fefc5f8,0x9ff00000)
  to   space 9472K, 0% used [0xa2640000,0xa2640000,0xa2f80000)
 ParOldGen       total 43008K, used 12996K [0x73180000, 0x75b80000, 0x9dc00000)
  object space 43008K, 30% used [0x73180000,0x73e313f8,0x75b80000)
 PSPermGen       total 16384K, used 4252K [0x6b180000, 0x6c180000, 0x73180000)
  object space 16384K, 25% used [0x6b180000,0x6b5a7110,0x6c180000)
}
Event: 15.021 GC heap before
{Heap before GC invocations=6 (full 0):
 PSYoungGen      total 35840K, used 35825K [0x9dc00000, 0xa2f80000, 0xb3180000)
  eden space 33280K, 100% used [0x9dc00000,0x9fc80000,0x9fc80000)
  from space 2560K, 99% used [0x9fc80000,0x9fefc5f8,0x9ff00000)
  to   space 9472K, 0% used [0xa2640000,0xa2640000,0xa2f80000)
 ParOldGen       total 43008K, used 12996K [0x73180000, 0x75b80000, 0x9dc00000)
  object space 43008K, 30% used [0x73180000,0x73e313f8,0x75b80000)
 PSPermGen       total 16384K, used 4266K [0x6b180000, 0x6c180000, 0x73180000)
  object space 16384K, 26% used [0x6b180000,0x6b5aaae0,0x6c180000)
Event: 15.130 GC heap after
Heap after GC invocations=6 (full 0):
 PSYoungGen      total 74752K, used 8408K [0x9dc00000, 0xa3200000, 0xb3180000)
  eden space 65280K, 0% used [0x9dc00000,0x9dc00000,0xa1bc0000)
  from space 9472K, 88% used [0xa2640000,0xa2e761b8,0xa2f80000)
  to   space 10752K, 0% used [0xa1bc0000,0xa1bc0000,0xa2640000)
 ParOldGen       total 43008K, used 12996K [0x73180000, 0x75b80000, 0x9dc00000)
  object space 43008K, 30% used [0x73180000,0x73e313f8,0x75b80000)
 PSPermGen       total 16384K, used 4266K [0x6b180000, 0x6c180000, 0x73180000)
  object space 16384K, 26% used [0x6b180000,0x6b5aaae0,0x6c180000)
}
Event: 19.954 GC heap before
{Heap before GC invocations=7 (full 0):
 PSYoungGen      total 74752K, used 73688K [0x9dc00000, 0xa3200000, 0xb3180000)
  eden space 65280K, 100% used [0x9dc00000,0xa1bc0000,0xa1bc0000)
  from space 9472K, 88% used [0xa2640000,0xa2e761b8,0xa2f80000)
  to   space 10752K, 0% used [0xa1bc0000,0xa1bc0000,0xa2640000)
 ParOldGen       total 43008K, used 12996K [0x73180000, 0x75b80000, 0x9dc00000)
  object space 43008K, 30% used [0x73180000,0x73e313f8,0x75b80000)
 PSPermGen       total 16384K, used 4296K [0x6b180000, 0x6c180000, 0x73180000)
  object space 16384K, 26% used [0x6b180000,0x6b5b2130,0x6c180000)

