# JRE version: OpenJDK Runtime Environment (7.0_91-b02) (build 1.7.0_91-b02)
# Java VM: OpenJDK Server VM (24.91-b01 mixed mode linux-x86 )
Heap
 PSYoungGen      total 260096K, used 15549K [0x9dc40000, 0xb31c0000, 0xb31c0000)
  eden space 221696K, 0% used [0x9dc40000,0x9dc40000,0xab4c0000)
  from space 38400K, 40% used [0xab4c0000,0xac3ef5b8,0xada40000)
  to   space 54272K, 0% used [0xafcc0000,0xafcc0000,0xb31c0000)
 ParOldGen       total 130048K, used 129989K [0x731c0000, 0x7b0c0000, 0x9dc40000)
  object space 130048K, 99% used [0x731c0000,0x7b0b1798,0x7b0c0000)
 PSPermGen       total 16384K, used 4414K [0x6b1c0000, 0x6c1c0000, 0x731c0000)
  object space 16384K, 26% used [0x6b1c0000,0x6b60fac8,0x6c1c0000)
GC Heap History (10 events):
Event: 9.347 GC heap after
Heap after GC invocations=11 (full 1):
 PSYoungGen      total 187904K, used 18894K [0x9dc40000, 0xacd00000, 0xb31c0000)
  eden space 168960K, 0% used [0x9dc40000,0x9dc40000,0xa8140000)
  from space 18944K, 99% used [0xaba80000,0xaccf38b0,0xacd00000)
  to   space 30976K, 0% used [0xa9080000,0xa9080000,0xaaec0000)
 ParOldGen       total 76800K, used 43659K [0x731c0000, 0x77cc0000, 0x9dc40000)
  object space 76800K, 56% used [0x731c0000,0x75c62d40,0x77cc0000)
 PSPermGen       total 16384K, used 4374K [0x6b1c0000, 0x6c1c0000, 0x731c0000)
  object space 16384K, 26% used [0x6b1c0000,0x6b605a50,0x6c1c0000)
}
Event: 10.716 GC heap before
{Heap before GC invocations=12 (full 1):
 PSYoungGen      total 187904K, used 187854K [0x9dc40000, 0xacd00000, 0xb31c0000)
  eden space 168960K, 100% used [0x9dc40000,0xa8140000,0xa8140000)
  from space 18944K, 99% used [0xaba80000,0xaccf38b0,0xacd00000)
  to   space 30976K, 0% used [0xa9080000,0xa9080000,0xaaec0000)
 ParOldGen       total 76800K, used 43659K [0x731c0000, 0x77cc0000, 0x9dc40000)
  object space 76800K, 56% used [0x731c0000,0x75c62d40,0x77cc0000)
 PSPermGen       total 16384K, used 4385K [0x6b1c0000, 0x6c1c0000, 0x731c0000)
  object space 16384K, 26% used [0x6b1c0000,0x6b608490,0x6c1c0000)
Event: 10.800 GC heap after
Heap after GC invocations=12 (full 1):
 PSYoungGen      total 215552K, used 25502K [0x9dc40000, 0xaff40000, 0xb31c0000)
  eden space 184576K, 0% used [0x9dc40000,0x9dc40000,0xa9080000)
  from space 30976K, 82% used [0xa9080000,0xaa967ba0,0xaaec0000)
  to   space 34304K, 0% used [0xaddc0000,0xaddc0000,0xaff40000)
 ParOldGen       total 76800K, used 61968K [0x731c0000, 0x77cc0000, 0x9dc40000)
  object space 76800K, 80% used [0x731c0000,0x76e44268,0x77cc0000)
 PSPermGen       total 16384K, used 4385K [0x6b1c0000, 0x6c1c0000, 0x731c0000)
  object space 16384K, 26% used [0x6b1c0000,0x6b608490,0x6c1c0000)
}
Event: 10.800 GC heap before
{Heap before GC invocations=13 (full 2):
 PSYoungGen      total 215552K, used 25502K [0x9dc40000, 0xaff40000, 0xb31c0000)
  eden space 184576K, 0% used [0x9dc40000,0x9dc40000,0xa9080000)
  from space 30976K, 82% used [0xa9080000,0xaa967ba0,0xaaec0000)
  to   space 34304K, 0% used [0xaddc0000,0xaddc0000,0xaff40000)
 ParOldGen       total 76800K, used 61968K [0x731c0000, 0x77cc0000, 0x9dc40000)
  object space 76800K, 80% used [0x731c0000,0x76e44268,0x77cc0000)
 PSPermGen       total 16384K, used 4385K [0x6b1c0000, 0x6c1c0000, 0x731c0000)
  object space 16384K, 26% used [0x6b1c0000,0x6b608490,0x6c1c0000)
Event: 11.519 GC heap after
Heap after GC invocations=13 (full 2):
 PSYoungGen      total 215552K, used 7931K [0x9dc40000, 0xaff40000, 0xb31c0000)
  eden space 184576K, 0% used [0x9dc40000,0x9dc40000,0xa9080000)
  from space 30976K, 25% used [0xa9080000,0xa983ec70,0xaaec0000)
  to   space 34304K, 0% used [0xaddc0000,0xaddc0000,0xaff40000)
 ParOldGen       total 130048K, used 76693K [0x731c0000, 0x7b0c0000, 0x9dc40000)
  object space 130048K, 58% used [0x731c0000,0x77ca5698,0x7b0c0000)
 PSPermGen       total 16384K, used 4384K [0x6b1c0000, 0x6c1c0000, 0x731c0000)
  object space 16384K, 26% used [0x6b1c0000,0x6b608310,0x6c1c0000)
}
Event: 12.862 GC heap before
{Heap before GC invocations=14 (full 2):
 PSYoungGen      total 215552K, used 192507K [0x9dc40000, 0xaff40000, 0xb31c0000)
  eden space 184576K, 100% used [0x9dc40000,0xa9080000,0xa9080000)
  from space 30976K, 25% used [0xa9080000,0xa983ec70,0xaaec0000)
  to   space 34304K, 0% used [0xaddc0000,0xaddc0000,0xaff40000)
 ParOldGen       total 130048K, used 76693K [0x731c0000, 0x7b0c0000, 0x9dc40000)
  object space 130048K, 58% used [0x731c0000,0x77ca5698,0x7b0c0000)
 PSPermGen       total 16384K, used 4400K [0x6b1c0000, 0x6c1c0000, 0x731c0000)
  object space 16384K, 26% used [0x6b1c0000,0x6b60c1d8,0x6c1c0000)
Event: 12.966 GC heap after
Heap after GC invocations=14 (full 2):
 PSYoungGen      total 256000K, used 29804K [0x9dc40000, 0xaffc0000, 0xb31c0000)
  eden space 221696K, 0% used [0x9dc40000,0x9dc40000,0xab4c0000)
  from space 34304K, 86% used [0xaddc0000,0xafadb0a0,0xaff40000)
  to   space 38400K, 0% used [0xab4c0000,0xab4c0000,0xada40000)
 ParOldGen       total 130048K, used 83796K [0x731c0000, 0x7b0c0000, 0x9dc40000)
  object space 130048K, 64% used [0x731c0000,0x78395110,0x7b0c0000)
 PSPermGen       total 16384K, used 4400K [0x6b1c0000, 0x6c1c0000, 0x731c0000)
  object space 16384K, 26% used [0x6b1c0000,0x6b60c1d8,0x6c1c0000)
}
Event: 13.816 GC heap before
{Heap before GC invocations=15 (full 2):
 PSYoungGen      total 256000K, used 251500K [0x9dc40000, 0xaffc0000, 0xb31c0000)
  eden space 221696K, 100% used [0x9dc40000,0xab4c0000,0xab4c0000)
  from space 34304K, 86% used [0xaddc0000,0xafadb0a0,0xaff40000)
  to   space 38400K, 0% used [0xab4c0000,0xab4c0000,0xada40000)
 ParOldGen       total 130048K, used 83796K [0x731c0000, 0x7b0c0000, 0x9dc40000)
  object space 130048K, 64% used [0x731c0000,0x78395110,0x7b0c0000)
 PSPermGen       total 16384K, used 4415K [0x6b1c0000, 0x6c1c0000, 0x731c0000)
  object space 16384K, 26% used [0x6b1c0000,0x6b60fca8,0x6c1c0000)
Event: 13.930 GC heap after
Heap after GC invocations=15 (full 2):
 PSYoungGen      total 260096K, used 38399K [0x9dc40000, 0xb31c0000, 0xb31c0000)
  eden space 221696K, 0% used [0x9dc40000,0x9dc40000,0xab4c0000)
  from space 38400K, 99% used [0xab4c0000,0xada3ff00,0xada40000)
  to   space 54272K, 0% used [0xafcc0000,0xafcc0000,0xb31c0000)
 ParOldGen       total 130048K, used 108923K [0x731c0000, 0x7b0c0000, 0x9dc40000)
  object space 130048K, 83% used [0x731c0000,0x79c1ed00,0x7b0c0000)
 PSPermGen       total 16384K, used 4415K [0x6b1c0000, 0x6c1c0000, 0x731c0000)
  object space 16384K, 26% used [0x6b1c0000,0x6b60fca8,0x6c1c0000)
}
Event: 13.930 GC heap before
{Heap before GC invocations=16 (full 3):
 PSYoungGen      total 260096K, used 38399K [0x9dc40000, 0xb31c0000, 0xb31c0000)
  eden space 221696K, 0% used [0x9dc40000,0x9dc40000,0xab4c0000)
  from space 38400K, 99% used [0xab4c0000,0xada3ff00,0xada40000)
  to   space 54272K, 0% used [0xafcc0000,0xafcc0000,0xb31c0000)
 ParOldGen       total 130048K, used 108923K [0x731c0000, 0x7b0c0000, 0x9dc40000)
  object space 130048K, 83% used [0x731c0000,0x79c1ed00,0x7b0c0000)
 PSPermGen       total 16384K, used 4415K [0x6b1c0000, 0x6c1c0000, 0x731c0000)
  object space 16384K, 26% used [0x6b1c0000,0x6b60fca8,0x6c1c0000)

