# JRE version: OpenJDK Runtime Environment (7.0_91-b02) (build 1.7.0_91-b02)
# Java VM: OpenJDK Server VM (24.91-b01 mixed mode linux-x86 )
Heap
 PSYoungGen      total 76544K, used 11005K [0x9db80000, 0xa3200000, 0xb3100000)
  eden space 65536K, 0% used [0x9db80000,0x9db80000,0xa1b80000)
  from space 11008K, 99% used [0xa1b80000,0xa263f5a0,0xa2640000)
  to   space 9984K, 0% used [0xa2640000,0xa2640000,0xa3000000)
 ParOldGen       total 43008K, used 20933K [0x73100000, 0x75b00000, 0x9db80000)
  object space 43008K, 48% used [0x73100000,0x74571408,0x75b00000)
 PSPermGen       total 16384K, used 4279K [0x6b100000, 0x6c100000, 0x73100000)
  object space 16384K, 26% used [0x6b100000,0x6b52ded8,0x6c100000)
GC Heap History (10 events):
Event: 8.691 GC heap after
Heap after GC invocations=2 (full 0):
 PSYoungGen      total 19200K, used 2545K [0x9db80000, 0xa0100000, 0xb3100000)
  eden space 16640K, 0% used [0x9db80000,0x9db80000,0x9ebc0000)
  from space 2560K, 99% used [0x9fe80000,0xa00fc628,0xa0100000)
  to   space 2560K, 0% used [0x9ebc0000,0x9ebc0000,0x9ee40000)
 ParOldGen       total 43008K, used 1827K [0x73100000, 0x75b00000, 0x9db80000)
  object space 43008K, 4% used [0x73100000,0x732c8fc8,0x75b00000)
 PSPermGen       total 16384K, used 4112K [0x6b100000, 0x6c100000, 0x73100000)
  object space 16384K, 25% used [0x6b100000,0x6b504048,0x6c100000)
}
Event: 10.940 GC heap before
{Heap before GC invocations=3 (full 0):
 PSYoungGen      total 19200K, used 19185K [0x9db80000, 0xa0100000, 0xb3100000)
  eden space 16640K, 100% used [0x9db80000,0x9ebc0000,0x9ebc0000)
  from space 2560K, 99% used [0x9fe80000,0xa00fc628,0xa0100000)
  to   space 2560K, 0% used [0x9ebc0000,0x9ebc0000,0x9ee40000)
 ParOldGen       total 43008K, used 1827K [0x73100000, 0x75b00000, 0x9db80000)
  object space 43008K, 4% used [0x73100000,0x732c8fc8,0x75b00000)
 PSPermGen       total 16384K, used 4193K [0x6b100000, 0x6c100000, 0x73100000)
  object space 16384K, 25% used [0x6b100000,0x6b518690,0x6c100000)
Event: 11.049 GC heap after
Heap after GC invocations=3 (full 0):
 PSYoungGen      total 19200K, used 2551K [0x9db80000, 0xa0100000, 0xb3100000)
  eden space 16640K, 0% used [0x9db80000,0x9db80000,0x9ebc0000)
  from space 2560K, 99% used [0x9ebc0000,0x9ee3df48,0x9ee40000)
  to   space 2560K, 0% used [0x9fe80000,0x9fe80000,0xa0100000)
 ParOldGen       total 43008K, used 4258K [0x73100000, 0x75b00000, 0x9db80000)
  object space 43008K, 9% used [0x73100000,0x735288a8,0x75b00000)
 PSPermGen       total 16384K, used 4193K [0x6b100000, 0x6c100000, 0x73100000)
  object space 16384K, 25% used [0x6b100000,0x6b518690,0x6c100000)
}
Event: 12.093 GC heap before
{Heap before GC invocations=4 (full 0):
 PSYoungGen      total 19200K, used 19191K [0x9db80000, 0xa0100000, 0xb3100000)
  eden space 16640K, 100% used [0x9db80000,0x9ebc0000,0x9ebc0000)
  from space 2560K, 99% used [0x9ebc0000,0x9ee3df48,0x9ee40000)
  to   space 2560K, 0% used [0x9fe80000,0x9fe80000,0xa0100000)
 ParOldGen       total 43008K, used 4258K [0x73100000, 0x75b00000, 0x9db80000)
  object space 43008K, 9% used [0x73100000,0x735288a8,0x75b00000)
 PSPermGen       total 16384K, used 4216K [0x6b100000, 0x6c100000, 0x73100000)
  object space 16384K, 25% used [0x6b100000,0x6b51e130,0x6c100000)
Event: 12.129 GC heap after
Heap after GC invocations=4 (full 0):
 PSYoungGen      total 35840K, used 2557K [0x9db80000, 0xa0100000, 0xb3100000)
  eden space 33280K, 0% used [0x9db80000,0x9db80000,0x9fc00000)
  from space 2560K, 99% used [0x9fe80000,0xa00ff418,0xa0100000)
  to   space 2560K, 0% used [0x9fc00000,0x9fc00000,0x9fe80000)
 ParOldGen       total 43008K, used 7757K [0x73100000, 0x75b00000, 0x9db80000)
  object space 43008K, 18% used [0x73100000,0x73893728,0x75b00000)
 PSPermGen       total 16384K, used 4216K [0x6b100000, 0x6c100000, 0x73100000)
  object space 16384K, 25% used [0x6b100000,0x6b51e130,0x6c100000)
}
Event: 13.631 GC heap before
{Heap before GC invocations=5 (full 0):
 PSYoungGen      total 35840K, used 35837K [0x9db80000, 0xa0100000, 0xb3100000)
  eden space 33280K, 100% used [0x9db80000,0x9fc00000,0x9fc00000)
  from space 2560K, 99% used [0x9fe80000,0xa00ff418,0xa0100000)
  to   space 2560K, 0% used [0x9fc00000,0x9fc00000,0x9fe80000)
 ParOldGen       total 43008K, used 7757K [0x73100000, 0x75b00000, 0x9db80000)
  object space 43008K, 18% used [0x73100000,0x73893728,0x75b00000)
 PSPermGen       total 16384K, used 4237K [0x6b100000, 0x6c100000, 0x73100000)
  object space 16384K, 25% used [0x6b100000,0x6b523530,0x6c100000)
Event: 13.664 GC heap after
Heap after GC invocations=5 (full 0):
 PSYoungGen      total 35840K, used 2554K [0x9db80000, 0xa3000000, 0xb3100000)
  eden space 33280K, 0% used [0x9db80000,0x9db80000,0x9fc00000)
  from space 2560K, 99% used [0x9fc00000,0x9fe7e8b0,0x9fe80000)
  to   space 9984K, 0% used [0xa2640000,0xa2640000,0xa3000000)
 ParOldGen       total 43008K, used 13341K [0x73100000, 0x75b00000, 0x9db80000)
  object space 43008K, 31% used [0x73100000,0x73e076b8,0x75b00000)
 PSPermGen       total 16384K, used 4237K [0x6b100000, 0x6c100000, 0x73100000)
  object space 16384K, 25% used [0x6b100000,0x6b523530,0x6c100000)
}
Event: 14.884 GC heap before
{Heap before GC invocations=6 (full 0):
 PSYoungGen      total 35840K, used 35834K [0x9db80000, 0xa3000000, 0xb3100000)
  eden space 33280K, 100% used [0x9db80000,0x9fc00000,0x9fc00000)
  from space 2560K, 99% used [0x9fc00000,0x9fe7e8b0,0x9fe80000)
  to   space 9984K, 0% used [0xa2640000,0xa2640000,0xa3000000)
 ParOldGen       total 43008K, used 13341K [0x73100000, 0x75b00000, 0x9db80000)
  object space 43008K, 31% used [0x73100000,0x73e076b8,0x75b00000)
 PSPermGen       total 16384K, used 4254K [0x6b100000, 0x6c100000, 0x73100000)
  object space 16384K, 25% used [0x6b100000,0x6b527a18,0x6c100000)
Event: 14.918 GC heap after
Heap after GC invocations=6 (full 0):
 PSYoungGen      total 75520K, used 8346K [0x9db80000, 0xa3200000, 0xb3100000)
  eden space 65536K, 0% used [0x9db80000,0x9db80000,0xa1b80000)
  from space 9984K, 83% used [0xa2640000,0xa2e669a8,0xa3000000)
  to   space 11008K, 0% used [0xa1b80000,0xa1b80000,0xa2640000)
 ParOldGen       total 43008K, used 13341K [0x73100000, 0x75b00000, 0x9db80000)
  object space 43008K, 31% used [0x73100000,0x73e076b8,0x75b00000)
 PSPermGen       total 16384K, used 4254K [0x6b100000, 0x6c100000, 0x73100000)
  object space 16384K, 25% used [0x6b100000,0x6b527a18,0x6c100000)
}
Event: 20.323 GC heap before
{Heap before GC invocations=7 (full 0):
 PSYoungGen      total 75520K, used 73882K [0x9db80000, 0xa3200000, 0xb3100000)
  eden space 65536K, 100% used [0x9db80000,0xa1b80000,0xa1b80000)
  from space 9984K, 83% used [0xa2640000,0xa2e669a8,0xa3000000)
  to   space 11008K, 0% used [0xa1b80000,0xa1b80000,0xa2640000)
 ParOldGen       total 43008K, used 13341K [0x73100000, 0x75b00000, 0x9db80000)
  object space 43008K, 31% used [0x73100000,0x73e076b8,0x75b00000)
 PSPermGen       total 16384K, used 4279K [0x6b100000, 0x6c100000, 0x73100000)
  object space 16384K, 26% used [0x6b100000,0x6b52ded8,0x6c100000)

