# JRE version: OpenJDK Runtime Environment (7.0_91-b02) (build 1.7.0_91-b02)
# Java VM: OpenJDK Server VM (24.91-b01 mixed mode linux-x86 )
Heap
 PSYoungGen      total 148480K, used 17919K [0x9db40000, 0xa8040000, 0xb30c0000)
  eden space 130560K, 0% used [0x9db40000,0x9db40000,0xa5ac0000)
  from space 17920K, 99% used [0xa5ac0000,0xa6c3fc18,0xa6c40000)
  to   space 15360K, 0% used [0xa6c40000,0xa6c40000,0xa7b40000)
 ParOldGen       total 43008K, used 37391K [0x730c0000, 0x75ac0000, 0x9db40000)
  object space 43008K, 86% used [0x730c0000,0x75543e20,0x75ac0000)
 PSPermGen       total 16384K, used 4343K [0x6b0c0000, 0x6c0c0000, 0x730c0000)
  object space 16384K, 26% used [0x6b0c0000,0x6b4fdef8,0x6c0c0000)
GC Heap History (10 events):
Event: 2.956 GC heap after
Heap after GC invocations=2 (full 0):
 PSYoungGen      total 35840K, used 2557K [0x9db40000, 0xa00c0000, 0xb30c0000)
  eden space 33280K, 0% used [0x9db40000,0x9db40000,0x9fbc0000)
  from space 2560K, 99% used [0x9fe40000,0xa00bf470,0xa00c0000)
  to   space 2560K, 0% used [0x9fbc0000,0x9fbc0000,0x9fe40000)
 ParOldGen       total 43008K, used 1401K [0x730c0000, 0x75ac0000, 0x9db40000)
  object space 43008K, 3% used [0x730c0000,0x7321e648,0x75ac0000)
 PSPermGen       total 16384K, used 4122K [0x6b0c0000, 0x6c0c0000, 0x730c0000)
  object space 16384K, 25% used [0x6b0c0000,0x6b4c68f8,0x6c0c0000)
}
Event: 6.027 GC heap before
{Heap before GC invocations=3 (full 0):
 PSYoungGen      total 35840K, used 35837K [0x9db40000, 0xa00c0000, 0xb30c0000)
  eden space 33280K, 100% used [0x9db40000,0x9fbc0000,0x9fbc0000)
  from space 2560K, 99% used [0x9fe40000,0xa00bf470,0xa00c0000)
  to   space 2560K, 0% used [0x9fbc0000,0x9fbc0000,0x9fe40000)
 ParOldGen       total 43008K, used 1401K [0x730c0000, 0x75ac0000, 0x9db40000)
  object space 43008K, 3% used [0x730c0000,0x7321e648,0x75ac0000)
 PSPermGen       total 16384K, used 4228K [0x6b0c0000, 0x6c0c0000, 0x730c0000)
  object space 16384K, 25% used [0x6b0c0000,0x6b4e1200,0x6c0c0000)
Event: 6.072 GC heap after
Heap after GC invocations=3 (full 0):
 PSYoungGen      total 35840K, used 2551K [0x9db40000, 0xa2140000, 0xb30c0000)
  eden space 33280K, 0% used [0x9db40000,0x9db40000,0x9fbc0000)
  from space 2560K, 99% used [0x9fbc0000,0x9fe3dd10,0x9fe40000)
  to   space 2560K, 0% used [0xa1ec0000,0xa1ec0000,0xa2140000)
 ParOldGen       total 43008K, used 6632K [0x730c0000, 0x75ac0000, 0x9db40000)
  object space 43008K, 15% used [0x730c0000,0x7373a010,0x75ac0000)
 PSPermGen       total 16384K, used 4228K [0x6b0c0000, 0x6c0c0000, 0x730c0000)
  object space 16384K, 25% used [0x6b0c0000,0x6b4e1200,0x6c0c0000)
}
Event: 11.547 GC heap before
{Heap before GC invocations=4 (full 0):
 PSYoungGen      total 35840K, used 35831K [0x9db40000, 0xa2140000, 0xb30c0000)
  eden space 33280K, 100% used [0x9db40000,0x9fbc0000,0x9fbc0000)
  from space 2560K, 99% used [0x9fbc0000,0x9fe3dd10,0x9fe40000)
  to   space 2560K, 0% used [0xa1ec0000,0xa1ec0000,0xa2140000)
 ParOldGen       total 43008K, used 6632K [0x730c0000, 0x75ac0000, 0x9db40000)
  object space 43008K, 15% used [0x730c0000,0x7373a010,0x75ac0000)
 PSPermGen       total 16384K, used 4249K [0x6b0c0000, 0x6c0c0000, 0x730c0000)
  object space 16384K, 25% used [0x6b0c0000,0x6b4e67e8,0x6c0c0000)
Event: 11.611 GC heap after
Heap after GC invocations=4 (full 0):
 PSYoungGen      total 69120K, used 2551K [0x9db40000, 0xa2140000, 0xb30c0000)
  eden space 66560K, 0% used [0x9db40000,0x9db40000,0xa1c40000)
  from space 2560K, 99% used [0xa1ec0000,0xa213df40,0xa2140000)
  to   space 2560K, 0% used [0xa1c40000,0xa1c40000,0xa1ec0000)
 ParOldGen       total 43008K, used 11520K [0x730c0000, 0x75ac0000, 0x9db40000)
  object space 43008K, 26% used [0x730c0000,0x73c00288,0x75ac0000)
 PSPermGen       total 16384K, used 4249K [0x6b0c0000, 0x6c0c0000, 0x730c0000)
  object space 16384K, 25% used [0x6b0c0000,0x6b4e67e8,0x6c0c0000)
}
Event: 16.403 GC heap before
{Heap before GC invocations=5 (full 0):
 PSYoungGen      total 69120K, used 69111K [0x9db40000, 0xa2140000, 0xb30c0000)
  eden space 66560K, 100% used [0x9db40000,0xa1c40000,0xa1c40000)
  from space 2560K, 99% used [0xa1ec0000,0xa213df40,0xa2140000)
  to   space 2560K, 0% used [0xa1c40000,0xa1c40000,0xa1ec0000)
 ParOldGen       total 43008K, used 11520K [0x730c0000, 0x75ac0000, 0x9db40000)
  object space 43008K, 26% used [0x730c0000,0x73c00288,0x75ac0000)
 PSPermGen       total 16384K, used 4280K [0x6b0c0000, 0x6c0c0000, 0x730c0000)
  object space 16384K, 26% used [0x6b0c0000,0x6b4ee1d8,0x6c0c0000)
Event: 16.549 GC heap after
Heap after GC invocations=5 (full 0):
 PSYoungGen      total 69120K, used 2553K [0x9db40000, 0xa7b40000, 0xb30c0000)
  eden space 66560K, 0% used [0x9db40000,0x9db40000,0xa1c40000)
  from space 2560K, 99% used [0xa1c40000,0xa1ebe768,0xa1ec0000)
  to   space 15360K, 0% used [0xa6c40000,0xa6c40000,0xa7b40000)
 ParOldGen       total 43008K, used 22465K [0x730c0000, 0x75ac0000, 0x9db40000)
  object space 43008K, 52% used [0x730c0000,0x746b0660,0x75ac0000)
 PSPermGen       total 16384K, used 4280K [0x6b0c0000, 0x6c0c0000, 0x730c0000)
  object space 16384K, 26% used [0x6b0c0000,0x6b4ee1d8,0x6c0c0000)
}
Event: 19.541 GC heap before
{Heap before GC invocations=6 (full 0):
 PSYoungGen      total 69120K, used 69113K [0x9db40000, 0xa7b40000, 0xb30c0000)
  eden space 66560K, 100% used [0x9db40000,0xa1c40000,0xa1c40000)
  from space 2560K, 99% used [0xa1c40000,0xa1ebe768,0xa1ec0000)
  to   space 15360K, 0% used [0xa6c40000,0xa6c40000,0xa7b40000)
 ParOldGen       total 43008K, used 22465K [0x730c0000, 0x75ac0000, 0x9db40000)
  object space 43008K, 52% used [0x730c0000,0x746b0660,0x75ac0000)
 PSPermGen       total 16384K, used 4299K [0x6b0c0000, 0x6c0c0000, 0x730c0000)
  object space 16384K, 26% used [0x6b0c0000,0x6b4f2f18,0x6c0c0000)
Event: 19.698 GC heap after
Heap after GC invocations=6 (full 0):
 PSYoungGen      total 145920K, used 13733K [0x9db40000, 0xa8040000, 0xb30c0000)
  eden space 130560K, 0% used [0x9db40000,0x9db40000,0xa5ac0000)
  from space 15360K, 89% used [0xa6c40000,0xa79a9460,0xa7b40000)
  to   space 17920K, 0% used [0xa5ac0000,0xa5ac0000,0xa6c40000)
 ParOldGen       total 43008K, used 22465K [0x730c0000, 0x75ac0000, 0x9db40000)
  object space 43008K, 52% used [0x730c0000,0x746b0660,0x75ac0000)
 PSPermGen       total 16384K, used 4299K [0x6b0c0000, 0x6c0c0000, 0x730c0000)
  object space 16384K, 26% used [0x6b0c0000,0x6b4f2f18,0x6c0c0000)
}
Event: 26.046 GC heap before
{Heap before GC invocations=7 (full 0):
 PSYoungGen      total 145920K, used 144293K [0x9db40000, 0xa8040000, 0xb30c0000)
  eden space 130560K, 100% used [0x9db40000,0xa5ac0000,0xa5ac0000)
  from space 15360K, 89% used [0xa6c40000,0xa79a9460,0xa7b40000)
  to   space 17920K, 0% used [0xa5ac0000,0xa5ac0000,0xa6c40000)
 ParOldGen       total 43008K, used 22465K [0x730c0000, 0x75ac0000, 0x9db40000)
  object space 43008K, 52% used [0x730c0000,0x746b0660,0x75ac0000)
 PSPermGen       total 16384K, used 4343K [0x6b0c0000, 0x6c0c0000, 0x730c0000)
  object space 16384K, 26% used [0x6b0c0000,0x6b4fdef8,0x6c0c0000)

