# JRE version: OpenJDK Runtime Environment (7.0_91-b02) (build 1.7.0_91-b02)
# Java VM: OpenJDK Server VM (24.91-b01 mixed mode linux-x86 )
Heap
 PSYoungGen      total 76288K, used 11505K [0x9dbc0000, 0xa3340000, 0xb3140000)
  eden space 64768K, 0% used [0x9dbc0000,0x9dbc0000,0xa1b00000)
  from space 11520K, 99% used [0xa1b00000,0xa263c618,0xa2640000)
  to   space 9728K, 0% used [0xa2640000,0xa2640000,0xa2fc0000)
 ParOldGen       total 43008K, used 19452K [0x73140000, 0x75b40000, 0x9dbc0000)
  object space 43008K, 45% used [0x73140000,0x7443f378,0x75b40000)
 PSPermGen       total 16384K, used 4276K [0x6b140000, 0x6c140000, 0x73140000)
  object space 16384K, 26% used [0x6b140000,0x6b56d170,0x6c140000)
GC Heap History (10 events):
Event: 6.532 GC heap after
Heap after GC invocations=2 (full 0):
 PSYoungGen      total 19200K, used 2553K [0x9dbc0000, 0xa0140000, 0xb3140000)
  eden space 16640K, 0% used [0x9dbc0000,0x9dbc0000,0x9ec00000)
  from space 2560K, 99% used [0x9ee80000,0x9f0fe618,0x9f100000)
  to   space 2560K, 0% used [0x9ec00000,0x9ec00000,0x9ee80000)
 ParOldGen       total 43008K, used 1994K [0x73140000, 0x75b40000, 0x9dbc0000)
  object space 43008K, 4% used [0x73140000,0x73332850,0x75b40000)
 PSPermGen       total 16384K, used 4107K [0x6b140000, 0x6c140000, 0x73140000)
  object space 16384K, 25% used [0x6b140000,0x6b542fa8,0x6c140000)
}
Event: 8.021 GC heap before
{Heap before GC invocations=3 (full 0):
 PSYoungGen      total 19200K, used 19193K [0x9dbc0000, 0xa0140000, 0xb3140000)
  eden space 16640K, 100% used [0x9dbc0000,0x9ec00000,0x9ec00000)
  from space 2560K, 99% used [0x9ee80000,0x9f0fe618,0x9f100000)
  to   space 2560K, 0% used [0x9ec00000,0x9ec00000,0x9ee80000)
 ParOldGen       total 43008K, used 1994K [0x73140000, 0x75b40000, 0x9dbc0000)
  object space 43008K, 4% used [0x73140000,0x73332850,0x75b40000)
 PSPermGen       total 16384K, used 4189K [0x6b140000, 0x6c140000, 0x73140000)
  object space 16384K, 25% used [0x6b140000,0x6b557690,0x6c140000)
Event: 8.065 GC heap after
Heap after GC invocations=3 (full 0):
 PSYoungGen      total 19200K, used 2550K [0x9dbc0000, 0xa0140000, 0xb3140000)
  eden space 16640K, 0% used [0x9dbc0000,0x9dbc0000,0x9ec00000)
  from space 2560K, 99% used [0x9ec00000,0x9ee7dba8,0x9ee80000)
  to   space 2560K, 0% used [0x9fec0000,0x9fec0000,0xa0140000)
 ParOldGen       total 43008K, used 4085K [0x73140000, 0x75b40000, 0x9dbc0000)
  object space 43008K, 9% used [0x73140000,0x7353d508,0x75b40000)
 PSPermGen       total 16384K, used 4189K [0x6b140000, 0x6c140000, 0x73140000)
  object space 16384K, 25% used [0x6b140000,0x6b557690,0x6c140000)
}
Event: 9.268 GC heap before
{Heap before GC invocations=4 (full 0):
 PSYoungGen      total 19200K, used 19190K [0x9dbc0000, 0xa0140000, 0xb3140000)
  eden space 16640K, 100% used [0x9dbc0000,0x9ec00000,0x9ec00000)
  from space 2560K, 99% used [0x9ec00000,0x9ee7dba8,0x9ee80000)
  to   space 2560K, 0% used [0x9fec0000,0x9fec0000,0xa0140000)
 ParOldGen       total 43008K, used 4085K [0x73140000, 0x75b40000, 0x9dbc0000)
  object space 43008K, 9% used [0x73140000,0x7353d508,0x75b40000)
 PSPermGen       total 16384K, used 4213K [0x6b140000, 0x6c140000, 0x73140000)
  object space 16384K, 25% used [0x6b140000,0x6b55d570,0x6c140000)
Event: 9.322 GC heap after
Heap after GC invocations=4 (full 0):
 PSYoungGen      total 35840K, used 2549K [0x9dbc0000, 0xa0140000, 0xb3140000)
  eden space 33280K, 0% used [0x9dbc0000,0x9dbc0000,0x9fc40000)
  from space 2560K, 99% used [0x9fec0000,0xa013d438,0xa0140000)
  to   space 2560K, 0% used [0x9fc40000,0x9fc40000,0x9fec0000)
 ParOldGen       total 43008K, used 7463K [0x73140000, 0x75b40000, 0x9dbc0000)
  object space 43008K, 17% used [0x73140000,0x73889fa0,0x75b40000)
 PSPermGen       total 16384K, used 4213K [0x6b140000, 0x6c140000, 0x73140000)
  object space 16384K, 25% used [0x6b140000,0x6b55d570,0x6c140000)
}
Event: 11.297 GC heap before
{Heap before GC invocations=5 (full 0):
 PSYoungGen      total 35840K, used 35829K [0x9dbc0000, 0xa0140000, 0xb3140000)
  eden space 33280K, 100% used [0x9dbc0000,0x9fc40000,0x9fc40000)
  from space 2560K, 99% used [0x9fec0000,0xa013d438,0xa0140000)
  to   space 2560K, 0% used [0x9fc40000,0x9fc40000,0x9fec0000)
 ParOldGen       total 43008K, used 7463K [0x73140000, 0x75b40000, 0x9dbc0000)
  object space 43008K, 17% used [0x73140000,0x73889fa0,0x75b40000)
 PSPermGen       total 16384K, used 4235K [0x6b140000, 0x6c140000, 0x73140000)
  object space 16384K, 25% used [0x6b140000,0x6b562dd0,0x6c140000)
Event: 11.414 GC heap after
Heap after GC invocations=5 (full 0):
 PSYoungGen      total 35840K, used 2557K [0x9dbc0000, 0xa2fc0000, 0xb3140000)
  eden space 33280K, 0% used [0x9dbc0000,0x9dbc0000,0x9fc40000)
  from space 2560K, 99% used [0x9fc40000,0x9febf480,0x9fec0000)
  to   space 9728K, 0% used [0xa2640000,0xa2640000,0xa2fc0000)
 ParOldGen       total 43008K, used 12881K [0x73140000, 0x75b40000, 0x9dbc0000)
  object space 43008K, 29% used [0x73140000,0x73dd45d8,0x75b40000)
 PSPermGen       total 16384K, used 4235K [0x6b140000, 0x6c140000, 0x73140000)
  object space 16384K, 25% used [0x6b140000,0x6b562dd0,0x6c140000)
}
Event: 13.765 GC heap before
{Heap before GC invocations=6 (full 0):
 PSYoungGen      total 35840K, used 35837K [0x9dbc0000, 0xa2fc0000, 0xb3140000)
  eden space 33280K, 100% used [0x9dbc0000,0x9fc40000,0x9fc40000)
  from space 2560K, 99% used [0x9fc40000,0x9febf480,0x9fec0000)
  to   space 9728K, 0% used [0xa2640000,0xa2640000,0xa2fc0000)
 ParOldGen       total 43008K, used 12881K [0x73140000, 0x75b40000, 0x9dbc0000)
  object space 43008K, 29% used [0x73140000,0x73dd45d8,0x75b40000)
 PSPermGen       total 16384K, used 4252K [0x6b140000, 0x6c140000, 0x73140000)
  object space 16384K, 25% used [0x6b140000,0x6b5670c0,0x6c140000)
Event: 13.840 GC heap after
Heap after GC invocations=6 (full 0):
 PSYoungGen      total 74496K, used 9288K [0x9dbc0000, 0xa3340000, 0xb3140000)
  eden space 64768K, 0% used [0x9dbc0000,0x9dbc0000,0xa1b00000)
  from space 9728K, 95% used [0xa2640000,0xa2f520d0,0xa2fc0000)
  to   space 11520K, 0% used [0xa1b00000,0xa1b00000,0xa2640000)
 ParOldGen       total 43008K, used 12881K [0x73140000, 0x75b40000, 0x9dbc0000)
  object space 43008K, 29% used [0x73140000,0x73dd45d8,0x75b40000)
 PSPermGen       total 16384K, used 4252K [0x6b140000, 0x6c140000, 0x73140000)
  object space 16384K, 25% used [0x6b140000,0x6b5670c0,0x6c140000)
}
Event: 19.060 GC heap before
{Heap before GC invocations=7 (full 0):
 PSYoungGen      total 74496K, used 74056K [0x9dbc0000, 0xa3340000, 0xb3140000)
  eden space 64768K, 100% used [0x9dbc0000,0xa1b00000,0xa1b00000)
  from space 9728K, 95% used [0xa2640000,0xa2f520d0,0xa2fc0000)
  to   space 11520K, 0% used [0xa1b00000,0xa1b00000,0xa2640000)
 ParOldGen       total 43008K, used 12881K [0x73140000, 0x75b40000, 0x9dbc0000)
  object space 43008K, 29% used [0x73140000,0x73dd45d8,0x75b40000)
 PSPermGen       total 16384K, used 4276K [0x6b140000, 0x6c140000, 0x73140000)
  object space 16384K, 26% used [0x6b140000,0x6b56d170,0x6c140000)

