# JRE version: OpenJDK Runtime Environment (7.0_91-b02) (build 1.7.0_91-b02)
# Java VM: OpenJDK Server VM (24.91-b01 mixed mode linux-x86 )
Heap
 PSYoungGen      total 238080K, used 10910K [0x9db80000, 0xb3100000, 0xb3100000)
  eden space 222208K, 0% used [0x9db80000,0x9db80000,0xab480000)
  from space 15872K, 68% used [0xaea80000,0xaf527a40,0xafa00000)
  to   space 55296K, 0% used [0xab480000,0xab480000,0xaea80000)
 ParOldGen       total 105984K, used 105916K [0x73100000, 0x79880000, 0x9db80000)
  object space 105984K, 99% used [0x73100000,0x7986f268,0x79880000)
 PSPermGen       total 16384K, used 4402K [0x6b100000, 0x6c100000, 0x73100000)
  object space 16384K, 26% used [0x6b100000,0x6b54c948,0x6c100000)
GC Heap History (10 events):
Event: 6.882 GC heap after
Heap after GC invocations=7 (full 0):
 PSYoungGen      total 147456K, used 16890K [0x9db80000, 0xb0f80000, 0xb3100000)
  eden space 130560K, 0% used [0x9db80000,0x9db80000,0xa5b00000)
  from space 16896K, 99% used [0xa5b00000,0xa6b7e958,0xa6b80000)
  to   space 27136K, 0% used [0xaf500000,0xaf500000,0xb0f80000)
 ParOldGen       total 43008K, used 32096K [0x73100000, 0x75b00000, 0x9db80000)
  object space 43008K, 74% used [0x73100000,0x750581f0,0x75b00000)
 PSPermGen       total 16384K, used 4362K [0x6b100000, 0x6c100000, 0x73100000)
  object space 16384K, 26% used [0x6b100000,0x6b5428e0,0x6c100000)
}
Event: 6.882 GC heap before
{Heap before GC invocations=8 (full 1):
 PSYoungGen      total 147456K, used 16890K [0x9db80000, 0xb0f80000, 0xb3100000)
  eden space 130560K, 0% used [0x9db80000,0x9db80000,0xa5b00000)
  from space 16896K, 99% used [0xa5b00000,0xa6b7e958,0xa6b80000)
  to   space 27136K, 0% used [0xaf500000,0xaf500000,0xb0f80000)
 ParOldGen       total 43008K, used 32096K [0x73100000, 0x75b00000, 0x9db80000)
  object space 43008K, 74% used [0x73100000,0x750581f0,0x75b00000)
 PSPermGen       total 16384K, used 4362K [0x6b100000, 0x6c100000, 0x73100000)
  object space 16384K, 26% used [0x6b100000,0x6b5428e0,0x6c100000)
Event: 7.329 GC heap after
Heap after GC invocations=8 (full 1):
 PSYoungGen      total 147456K, used 2801K [0x9db80000, 0xb0f80000, 0xb3100000)
  eden space 130560K, 0% used [0x9db80000,0x9db80000,0xa5b00000)
  from space 16896K, 16% used [0xa5b00000,0xa5dbc4f0,0xa6b80000)
  to   space 27136K, 0% used [0xaf500000,0xaf500000,0xb0f80000)
 ParOldGen       total 85504K, used 42898K [0x73100000, 0x78480000, 0x9db80000)
  object space 85504K, 50% used [0x73100000,0x75ae4848,0x78480000)
 PSPermGen       total 16384K, used 4359K [0x6b100000, 0x6c100000, 0x73100000)
  object space 16384K, 26% used [0x6b100000,0x6b541eb0,0x6c100000)
}
Event: 8.545 GC heap before
{Heap before GC invocations=9 (full 1):
 PSYoungGen      total 147456K, used 133361K [0x9db80000, 0xb0f80000, 0xb3100000)
  eden space 130560K, 100% used [0x9db80000,0xa5b00000,0xa5b00000)
  from space 16896K, 16% used [0xa5b00000,0xa5dbc4f0,0xa6b80000)
  to   space 27136K, 0% used [0xaf500000,0xaf500000,0xb0f80000)
 ParOldGen       total 85504K, used 42898K [0x73100000, 0x78480000, 0x9db80000)
  object space 85504K, 50% used [0x73100000,0x75ae4848,0x78480000)
 PSPermGen       total 16384K, used 4374K [0x6b100000, 0x6c100000, 0x73100000)
  object space 16384K, 26% used [0x6b100000,0x6b5458d0,0x6c100000)
Event: 8.609 GC heap after
Heap after GC invocations=9 (full 1):
 PSYoungGen      total 191232K, used 17481K [0x9db80000, 0xb0640000, 0xb3100000)
  eden space 173568K, 0% used [0x9db80000,0x9db80000,0xa8500000)
  from space 17664K, 98% used [0xaf500000,0xb06125a8,0xb0640000)
  to   space 28416K, 0% used [0xacec0000,0xacec0000,0xaea80000)
 ParOldGen       total 85504K, used 42902K [0x73100000, 0x78480000, 0x9db80000)
  object space 85504K, 50% used [0x73100000,0x75ae5848,0x78480000)
 PSPermGen       total 16384K, used 4374K [0x6b100000, 0x6c100000, 0x73100000)
  object space 16384K, 26% used [0x6b100000,0x6b5458d0,0x6c100000)
}
Event: 10.056 GC heap before
{Heap before GC invocations=10 (full 1):
 PSYoungGen      total 191232K, used 191049K [0x9db80000, 0xb0640000, 0xb3100000)
  eden space 173568K, 100% used [0x9db80000,0xa8500000,0xa8500000)
  from space 17664K, 98% used [0xaf500000,0xb06125a8,0xb0640000)
  to   space 28416K, 0% used [0xacec0000,0xacec0000,0xaea80000)
 ParOldGen       total 85504K, used 42902K [0x73100000, 0x78480000, 0x9db80000)
  object space 85504K, 50% used [0x73100000,0x75ae5848,0x78480000)
 PSPermGen       total 16384K, used 4390K [0x6b100000, 0x6c100000, 0x73100000)
  object space 16384K, 26% used [0x6b100000,0x6b5499c0,0x6c100000)
Event: 10.146 GC heap after
Heap after GC invocations=10 (full 1):
 PSYoungGen      total 241408K, used 28400K [0x9db80000, 0xafa00000, 0xb3100000)
  eden space 212992K, 0% used [0x9db80000,0x9db80000,0xaab80000)
  from space 28416K, 99% used [0xacec0000,0xaea7c298,0xaea80000)
  to   space 15872K, 0% used [0xaea80000,0xaea80000,0xafa00000)
 ParOldGen       total 85504K, used 59589K [0x73100000, 0x78480000, 0x9db80000)
  object space 85504K, 69% used [0x73100000,0x76b317f8,0x78480000)
 PSPermGen       total 16384K, used 4390K [0x6b100000, 0x6c100000, 0x73100000)
  object space 16384K, 26% used [0x6b100000,0x6b5499c0,0x6c100000)
}
Event: 11.382 GC heap before
{Heap before GC invocations=11 (full 1):
 PSYoungGen      total 241408K, used 241392K [0x9db80000, 0xafa00000, 0xb3100000)
  eden space 212992K, 100% used [0x9db80000,0xaab80000,0xaab80000)
  from space 28416K, 99% used [0xacec0000,0xaea7c298,0xaea80000)
  to   space 15872K, 0% used [0xaea80000,0xaea80000,0xafa00000)
 ParOldGen       total 85504K, used 59589K [0x73100000, 0x78480000, 0x9db80000)
  object space 85504K, 69% used [0x73100000,0x76b317f8,0x78480000)
 PSPermGen       total 16384K, used 4403K [0x6b100000, 0x6c100000, 0x73100000)
  object space 16384K, 26% used [0x6b100000,0x6b54cc08,0x6c100000)
Event: 11.577 GC heap after
Heap after GC invocations=11 (full 1):
 PSYoungGen      total 238080K, used 15857K [0x9db80000, 0xb3100000, 0xb3100000)
  eden space 222208K, 0% used [0x9db80000,0x9db80000,0xab480000)
  from space 15872K, 99% used [0xaea80000,0xaf9fc730,0xafa00000)
  to   space 55296K, 0% used [0xab480000,0xab480000,0xaea80000)
 ParOldGen       total 105984K, used 105805K [0x73100000, 0x79880000, 0x9db80000)
  object space 105984K, 99% used [0x73100000,0x798537d8,0x79880000)
 PSPermGen       total 16384K, used 4403K [0x6b100000, 0x6c100000, 0x73100000)
  object space 16384K, 26% used [0x6b100000,0x6b54cc08,0x6c100000)
}
Event: 11.577 GC heap before
{Heap before GC invocations=12 (full 2):
 PSYoungGen      total 238080K, used 15857K [0x9db80000, 0xb3100000, 0xb3100000)
  eden space 222208K, 0% used [0x9db80000,0x9db80000,0xab480000)
  from space 15872K, 99% used [0xaea80000,0xaf9fc730,0xafa00000)
  to   space 55296K, 0% used [0xab480000,0xab480000,0xaea80000)
 ParOldGen       total 105984K, used 105805K [0x73100000, 0x79880000, 0x9db80000)
  object space 105984K, 99% used [0x73100000,0x798537d8,0x79880000)
 PSPermGen       total 16384K, used 4403K [0x6b100000, 0x6c100000, 0x73100000)
  object space 16384K, 26% used [0x6b100000,0x6b54cc08,0x6c100000)

