# JRE version: OpenJDK Runtime Environment (7.0_91-b02) (build 1.7.0_91-b02)
# Java VM: OpenJDK Server VM (24.91-b01 mixed mode linux-x86 )
Heap
 PSYoungGen      total 147456K, used 21241K [0x9db80000, 0xa8500000, 0xb3100000)
  eden space 126208K, 0% used [0x9db80000,0x9db80000,0xa56c0000)
  from space 21248K, 99% used [0xa56c0000,0xa6b7e7b0,0xa6b80000)
  to   space 16384K, 0% used [0xa6b80000,0xa6b80000,0xa7b80000)
 ParOldGen       total 43008K, used 38780K [0x73100000, 0x75b00000, 0x9db80000)
  object space 43008K, 90% used [0x73100000,0x756df220,0x75b00000)
 PSPermGen       total 16384K, used 4352K [0x6b100000, 0x6c100000, 0x73100000)
  object space 16384K, 26% used [0x6b100000,0x6b5403f8,0x6c100000)
GC Heap History (10 events):
Event: 5.956 GC heap after
Heap after GC invocations=4 (full 0):
 PSYoungGen      total 35840K, used 2551K [0x9db80000, 0xa0100000, 0xb3100000)
  eden space 33280K, 0% used [0x9db80000,0x9db80000,0x9fc00000)
  from space 2560K, 99% used [0x9fe80000,0xa00fdfb8,0xa0100000)
  to   space 2560K, 0% used [0x9fc00000,0x9fc00000,0x9fe80000)
 ParOldGen       total 43008K, used 7352K [0x73100000, 0x75b00000, 0x9db80000)
  object space 43008K, 17% used [0x73100000,0x7382e000,0x75b00000)
 PSPermGen       total 16384K, used 4229K [0x6b100000, 0x6c100000, 0x73100000)
  object space 16384K, 25% used [0x6b100000,0x6b521698,0x6c100000)
}
Event: 9.936 GC heap before
{Heap before GC invocations=5 (full 0):
 PSYoungGen      total 35840K, used 35831K [0x9db80000, 0xa0100000, 0xb3100000)
  eden space 33280K, 100% used [0x9db80000,0x9fc00000,0x9fc00000)
  from space 2560K, 99% used [0x9fe80000,0xa00fdfb8,0xa0100000)
  to   space 2560K, 0% used [0x9fc00000,0x9fc00000,0x9fe80000)
 ParOldGen       total 43008K, used 7352K [0x73100000, 0x75b00000, 0x9db80000)
  object space 43008K, 17% used [0x73100000,0x7382e000,0x75b00000)
 PSPermGen       total 16384K, used 4255K [0x6b100000, 0x6c100000, 0x73100000)
  object space 16384K, 25% used [0x6b100000,0x6b527f30,0x6c100000)
Event: 10.028 GC heap after
Heap after GC invocations=5 (full 0):
 PSYoungGen      total 35840K, used 2546K [0x9db80000, 0xa2f00000, 0xb3100000)
  eden space 33280K, 0% used [0x9db80000,0x9db80000,0x9fc00000)
  from space 2560K, 99% used [0x9fc00000,0x9fe7c980,0x9fe80000)
  to   space 9472K, 0% used [0xa25c0000,0xa25c0000,0xa2f00000)
 ParOldGen       total 43008K, used 12403K [0x73100000, 0x75b00000, 0x9db80000)
  object space 43008K, 28% used [0x73100000,0x73d1cfe8,0x75b00000)
 PSPermGen       total 16384K, used 4255K [0x6b100000, 0x6c100000, 0x73100000)
  object space 16384K, 25% used [0x6b100000,0x6b527f30,0x6c100000)
}
Event: 13.093 GC heap before
{Heap before GC invocations=6 (full 0):
 PSYoungGen      total 35840K, used 35826K [0x9db80000, 0xa2f00000, 0xb3100000)
  eden space 33280K, 100% used [0x9db80000,0x9fc00000,0x9fc00000)
  from space 2560K, 99% used [0x9fc00000,0x9fe7c980,0x9fe80000)
  to   space 9472K, 0% used [0xa25c0000,0xa25c0000,0xa2f00000)
 ParOldGen       total 43008K, used 12403K [0x73100000, 0x75b00000, 0x9db80000)
  object space 43008K, 28% used [0x73100000,0x73d1cfe8,0x75b00000)
 PSPermGen       total 16384K, used 4267K [0x6b100000, 0x6c100000, 0x73100000)
  object space 16384K, 26% used [0x6b100000,0x6b52ac88,0x6c100000)
Event: 13.270 GC heap after
Heap after GC invocations=6 (full 0):
 PSYoungGen      total 75008K, used 8103K [0x9db80000, 0xa3100000, 0xb3100000)
  eden space 65536K, 0% used [0x9db80000,0x9db80000,0xa1b80000)
  from space 9472K, 85% used [0xa25c0000,0xa2da9cf0,0xa2f00000)
  to   space 10496K, 0% used [0xa1b80000,0xa1b80000,0xa25c0000)
 ParOldGen       total 43008K, used 12403K [0x73100000, 0x75b00000, 0x9db80000)
  object space 43008K, 28% used [0x73100000,0x73d1cfe8,0x75b00000)
 PSPermGen       total 16384K, used 4267K [0x6b100000, 0x6c100000, 0x73100000)
  object space 16384K, 26% used [0x6b100000,0x6b52ac88,0x6c100000)
}
Event: 18.227 GC heap before
{Heap before GC invocations=7 (full 0):
 PSYoungGen      total 75008K, used 73639K [0x9db80000, 0xa3100000, 0xb3100000)
  eden space 65536K, 100% used [0x9db80000,0xa1b80000,0xa1b80000)
  from space 9472K, 85% used [0xa25c0000,0xa2da9cf0,0xa2f00000)
  to   space 10496K, 0% used [0xa1b80000,0xa1b80000,0xa25c0000)
 ParOldGen       total 43008K, used 12403K [0x73100000, 0x75b00000, 0x9db80000)
  object space 43008K, 28% used [0x73100000,0x73d1cfe8,0x75b00000)
 PSPermGen       total 16384K, used 4296K [0x6b100000, 0x6c100000, 0x73100000)
  object space 16384K, 26% used [0x6b100000,0x6b532330,0x6c100000)
Event: 18.353 GC heap after
Heap after GC invocations=7 (full 0):
 PSYoungGen      total 76032K, used 10489K [0x9db80000, 0xa7b80000, 0xb3100000)
  eden space 65536K, 0% used [0x9db80000,0x9db80000,0xa1b80000)
  from space 10496K, 99% used [0xa1b80000,0xa25be5c0,0xa25c0000)
  to   space 16384K, 0% used [0xa6b80000,0xa6b80000,0xa7b80000)
 ParOldGen       total 43008K, used 20327K [0x73100000, 0x75b00000, 0x9db80000)
  object space 43008K, 47% used [0x73100000,0x744d9da0,0x75b00000)
 PSPermGen       total 16384K, used 4296K [0x6b100000, 0x6c100000, 0x73100000)
  object space 16384K, 26% used [0x6b100000,0x6b532330,0x6c100000)
}
Event: 21.125 GC heap before
{Heap before GC invocations=8 (full 0):
 PSYoungGen      total 76032K, used 76025K [0x9db80000, 0xa7b80000, 0xb3100000)
  eden space 65536K, 100% used [0x9db80000,0xa1b80000,0xa1b80000)
  from space 10496K, 99% used [0xa1b80000,0xa25be5c0,0xa25c0000)
  to   space 16384K, 0% used [0xa6b80000,0xa6b80000,0xa7b80000)
 ParOldGen       total 43008K, used 20327K [0x73100000, 0x75b00000, 0x9db80000)
  object space 43008K, 47% used [0x73100000,0x744d9da0,0x75b00000)
 PSPermGen       total 16384K, used 4314K [0x6b100000, 0x6c100000, 0x73100000)
  object space 16384K, 26% used [0x6b100000,0x6b536a68,0x6c100000)
Event: 21.414 GC heap after
Heap after GC invocations=8 (full 0):
 PSYoungGen      total 142592K, used 16383K [0x9db80000, 0xa8500000, 0xb3100000)
  eden space 126208K, 0% used [0x9db80000,0x9db80000,0xa56c0000)
  from space 16384K, 99% used [0xa6b80000,0xa7b7fc28,0xa7b80000)
  to   space 21248K, 0% used [0xa56c0000,0xa56c0000,0xa6b80000)
 ParOldGen       total 43008K, used 24815K [0x73100000, 0x75b00000, 0x9db80000)
  object space 43008K, 57% used [0x73100000,0x7493bfc8,0x75b00000)
 PSPermGen       total 16384K, used 4314K [0x6b100000, 0x6c100000, 0x73100000)
  object space 16384K, 26% used [0x6b100000,0x6b536a68,0x6c100000)
}
Event: 27.586 GC heap before
{Heap before GC invocations=9 (full 0):
 PSYoungGen      total 142592K, used 142591K [0x9db80000, 0xa8500000, 0xb3100000)
  eden space 126208K, 100% used [0x9db80000,0xa56c0000,0xa56c0000)
  from space 16384K, 99% used [0xa6b80000,0xa7b7fc28,0xa7b80000)
  to   space 21248K, 0% used [0xa56c0000,0xa56c0000,0xa6b80000)
 ParOldGen       total 43008K, used 24815K [0x73100000, 0x75b00000, 0x9db80000)
  object space 43008K, 57% used [0x73100000,0x7493bfc8,0x75b00000)
 PSPermGen       total 16384K, used 4352K [0x6b100000, 0x6c100000, 0x73100000)
  object space 16384K, 26% used [0x6b100000,0x6b5403f8,0x6c100000)

