# JRE version: OpenJDK Runtime Environment (7.0_91-b02) (build 1.7.0_91-b02)
# Java VM: OpenJDK Server VM (24.91-b01 mixed mode linux-x86 )
Heap
 PSYoungGen      total 142848K, used 142833K [0x9dbc0000, 0xa85c0000, 0xb3140000)
  eden space 126208K, 100% used [0x9dbc0000,0xa5700000,0xa5700000)
  from space 16640K, 99% used [0xa6c00000,0xa7c3c590,0xa7c40000)
  to   space 21504K, 99% used [0xa5700000,0xa6bffa20,0xa6c00000)
 ParOldGen       total 43008K, used 35587K [0x73140000, 0x75b40000, 0x9dbc0000)
  object space 43008K, 82% used [0x73140000,0x75400fb8,0x75b40000)
 PSPermGen       total 16384K, used 4354K [0x6b140000, 0x6c140000, 0x73140000)
  object space 16384K, 26% used [0x6b140000,0x6b5808a0,0x6c140000)
GC Heap History (10 events):
Event: 5.354 GC heap after
Heap after GC invocations=4 (full 0):
 PSYoungGen      total 35840K, used 2555K [0x9dbc0000, 0xa0140000, 0xb3140000)
  eden space 33280K, 0% used [0x9dbc0000,0x9dbc0000,0x9fc40000)
  from space 2560K, 99% used [0x9fec0000,0xa013ec48,0xa0140000)
  to   space 2560K, 0% used [0x9fc40000,0x9fc40000,0x9fec0000)
 ParOldGen       total 43008K, used 7573K [0x73140000, 0x75b40000, 0x9dbc0000)
  object space 43008K, 17% used [0x73140000,0x738a56e8,0x75b40000)
 PSPermGen       total 16384K, used 4230K [0x6b140000, 0x6c140000, 0x73140000)
  object space 16384K, 25% used [0x6b140000,0x6b561a78,0x6c140000)
}
Event: 13.125 GC heap before
{Heap before GC invocations=5 (full 0):
 PSYoungGen      total 35840K, used 35835K [0x9dbc0000, 0xa0140000, 0xb3140000)
  eden space 33280K, 100% used [0x9dbc0000,0x9fc40000,0x9fc40000)
  from space 2560K, 99% used [0x9fec0000,0xa013ec48,0xa0140000)
  to   space 2560K, 0% used [0x9fc40000,0x9fc40000,0x9fec0000)
 ParOldGen       total 43008K, used 7573K [0x73140000, 0x75b40000, 0x9dbc0000)
  object space 43008K, 17% used [0x73140000,0x738a56e8,0x75b40000)
 PSPermGen       total 16384K, used 4250K [0x6b140000, 0x6c140000, 0x73140000)
  object space 16384K, 25% used [0x6b140000,0x6b5669d8,0x6c140000)
Event: 13.332 GC heap after
Heap after GC invocations=5 (full 0):
 PSYoungGen      total 35840K, used 2554K [0x9dbc0000, 0xa2f40000, 0xb3140000)
  eden space 33280K, 0% used [0x9dbc0000,0x9dbc0000,0x9fc40000)
  from space 2560K, 99% used [0x9fc40000,0x9febe9c0,0x9fec0000)
  to   space 9472K, 0% used [0xa2600000,0xa2600000,0xa2f40000)
 ParOldGen       total 43008K, used 12456K [0x73140000, 0x75b40000, 0x9dbc0000)
  object space 43008K, 28% used [0x73140000,0x73d6a068,0x75b40000)
 PSPermGen       total 16384K, used 4250K [0x6b140000, 0x6c140000, 0x73140000)
  object space 16384K, 25% used [0x6b140000,0x6b5669d8,0x6c140000)
}
Event: 15.812 GC heap before
{Heap before GC invocations=6 (full 0):
 PSYoungGen      total 35840K, used 35834K [0x9dbc0000, 0xa2f40000, 0xb3140000)
  eden space 33280K, 100% used [0x9dbc0000,0x9fc40000,0x9fc40000)
  from space 2560K, 99% used [0x9fc40000,0x9febe9c0,0x9fec0000)
  to   space 9472K, 0% used [0xa2600000,0xa2600000,0xa2f40000)
 ParOldGen       total 43008K, used 12456K [0x73140000, 0x75b40000, 0x9dbc0000)
  object space 43008K, 28% used [0x73140000,0x73d6a068,0x75b40000)
 PSPermGen       total 16384K, used 4268K [0x6b140000, 0x6c140000, 0x73140000)
  object space 16384K, 26% used [0x6b140000,0x6b56b218,0x6c140000)
Event: 15.871 GC heap after
Heap after GC invocations=6 (full 0):
 PSYoungGen      total 75008K, used 8191K [0x9dbc0000, 0xa3140000, 0xb3140000)
  eden space 65536K, 0% used [0x9dbc0000,0x9dbc0000,0xa1bc0000)
  from space 9472K, 86% used [0xa2600000,0xa2dffe18,0xa2f40000)
  to   space 10496K, 0% used [0xa1bc0000,0xa1bc0000,0xa2600000)
 ParOldGen       total 43008K, used 12456K [0x73140000, 0x75b40000, 0x9dbc0000)
  object space 43008K, 28% used [0x73140000,0x73d6a068,0x75b40000)
 PSPermGen       total 16384K, used 4268K [0x6b140000, 0x6c140000, 0x73140000)
  object space 16384K, 26% used [0x6b140000,0x6b56b218,0x6c140000)
}
Event: 19.352 GC heap before
{Heap before GC invocations=7 (full 0):
 PSYoungGen      total 75008K, used 73727K [0x9dbc0000, 0xa3140000, 0xb3140000)
  eden space 65536K, 100% used [0x9dbc0000,0xa1bc0000,0xa1bc0000)
  from space 9472K, 86% used [0xa2600000,0xa2dffe18,0xa2f40000)
  to   space 10496K, 0% used [0xa1bc0000,0xa1bc0000,0xa2600000)
 ParOldGen       total 43008K, used 12456K [0x73140000, 0x75b40000, 0x9dbc0000)
  object space 43008K, 28% used [0x73140000,0x73d6a068,0x75b40000)
 PSPermGen       total 16384K, used 4298K [0x6b140000, 0x6c140000, 0x73140000)
  object space 16384K, 26% used [0x6b140000,0x6b5728f0,0x6c140000)
Event: 19.682 GC heap after
Heap after GC invocations=7 (full 0):
 PSYoungGen      total 76032K, used 10486K [0x9dbc0000, 0xa7c40000, 0xb3140000)
  eden space 65536K, 0% used [0x9dbc0000,0x9dbc0000,0xa1bc0000)
  from space 10496K, 99% used [0xa1bc0000,0xa25fdb08,0xa2600000)
  to   space 16640K, 0% used [0xa6c00000,0xa6c00000,0xa7c40000)
 ParOldGen       total 43008K, used 20934K [0x73140000, 0x75b40000, 0x9dbc0000)
  object space 43008K, 48% used [0x73140000,0x745b1958,0x75b40000)
 PSPermGen       total 16384K, used 4298K [0x6b140000, 0x6c140000, 0x73140000)
  object space 16384K, 26% used [0x6b140000,0x6b5728f0,0x6c140000)
}
Event: 22.769 GC heap before
{Heap before GC invocations=8 (full 0):
 PSYoungGen      total 76032K, used 76022K [0x9dbc0000, 0xa7c40000, 0xb3140000)
  eden space 65536K, 100% used [0x9dbc0000,0xa1bc0000,0xa1bc0000)
  from space 10496K, 99% used [0xa1bc0000,0xa25fdb08,0xa2600000)
  to   space 16640K, 0% used [0xa6c00000,0xa6c00000,0xa7c40000)
 ParOldGen       total 43008K, used 20934K [0x73140000, 0x75b40000, 0x9dbc0000)
  object space 43008K, 48% used [0x73140000,0x745b1958,0x75b40000)
 PSPermGen       total 16384K, used 4315K [0x6b140000, 0x6c140000, 0x73140000)
  object space 16384K, 26% used [0x6b140000,0x6b576e08,0x6c140000)
Event: 23.021 GC heap after
Heap after GC invocations=8 (full 0):
 PSYoungGen      total 142848K, used 16625K [0x9dbc0000, 0xa85c0000, 0xb3140000)
  eden space 126208K, 0% used [0x9dbc0000,0x9dbc0000,0xa5700000)
  from space 16640K, 99% used [0xa6c00000,0xa7c3c590,0xa7c40000)
  to   space 21504K, 0% used [0xa5700000,0xa5700000,0xa6c00000)
 ParOldGen       total 43008K, used 25091K [0x73140000, 0x75b40000, 0x9dbc0000)
  object space 43008K, 58% used [0x73140000,0x749c0e90,0x75b40000)
 PSPermGen       total 16384K, used 4315K [0x6b140000, 0x6c140000, 0x73140000)
  object space 16384K, 26% used [0x6b140000,0x6b576e08,0x6c140000)
}
Event: 29.007 GC heap before
{Heap before GC invocations=9 (full 0):
 PSYoungGen      total 142848K, used 142833K [0x9dbc0000, 0xa85c0000, 0xb3140000)
  eden space 126208K, 100% used [0x9dbc0000,0xa5700000,0xa5700000)
  from space 16640K, 99% used [0xa6c00000,0xa7c3c590,0xa7c40000)
  to   space 21504K, 0% used [0xa5700000,0xa5700000,0xa6c00000)
 ParOldGen       total 43008K, used 25091K [0x73140000, 0x75b40000, 0x9dbc0000)
  object space 43008K, 58% used [0x73140000,0x749c0e90,0x75b40000)
 PSPermGen       total 16384K, used 4354K [0x6b140000, 0x6c140000, 0x73140000)
  object space 16384K, 26% used [0x6b140000,0x6b5808a0,0x6c140000)

