# JRE version: OpenJDK Runtime Environment (7.0_91-b02) (build 1.7.0_91-b02)
# Java VM: OpenJDK Server VM (24.91-b01 mixed mode linux-x86 )
Heap
 PSYoungGen      total 147712K, used 21756K [0x9dc40000, 0xa86c0000, 0xb31c0000)
  eden space 125952K, 0% used [0x9dc40000,0x9dc40000,0xa5740000)
  from space 21760K, 99% used [0xa5740000,0xa6c7f1a8,0xa6c80000)
  to   space 16640K, 0% used [0xa6c80000,0xa6c80000,0xa7cc0000)
 ParOldGen       total 43008K, used 38883K [0x731c0000, 0x75bc0000, 0x9dc40000)
  object space 43008K, 90% used [0x731c0000,0x757b8e28,0x75bc0000)
 PSPermGen       total 16384K, used 4349K [0x6b1c0000, 0x6c1c0000, 0x731c0000)
  object space 16384K, 26% used [0x6b1c0000,0x6b5ff628,0x6c1c0000)
GC Heap History (10 events):
Event: 4.460 GC heap after
Heap after GC invocations=4 (full 0):
 PSYoungGen      total 35840K, used 2558K [0x9dc40000, 0xa01c0000, 0xb31c0000)
  eden space 33280K, 0% used [0x9dc40000,0x9dc40000,0x9fcc0000)
  from space 2560K, 99% used [0x9ff40000,0xa01bf920,0xa01c0000)
  to   space 2560K, 0% used [0x9fcc0000,0x9fcc0000,0x9ff40000)
 ParOldGen       total 43008K, used 7293K [0x731c0000, 0x75bc0000, 0x9dc40000)
  object space 43008K, 16% used [0x731c0000,0x738df518,0x75bc0000)
 PSPermGen       total 16384K, used 4235K [0x6b1c0000, 0x6c1c0000, 0x731c0000)
  object space 16384K, 25% used [0x6b1c0000,0x6b5e2db0,0x6c1c0000)
}
Event: 6.742 GC heap before
{Heap before GC invocations=5 (full 0):
 PSYoungGen      total 35840K, used 35838K [0x9dc40000, 0xa01c0000, 0xb31c0000)
  eden space 33280K, 100% used [0x9dc40000,0x9fcc0000,0x9fcc0000)
  from space 2560K, 99% used [0x9ff40000,0xa01bf920,0xa01c0000)
  to   space 2560K, 0% used [0x9fcc0000,0x9fcc0000,0x9ff40000)
 ParOldGen       total 43008K, used 7293K [0x731c0000, 0x75bc0000, 0x9dc40000)
  object space 43008K, 16% used [0x731c0000,0x738df518,0x75bc0000)
 PSPermGen       total 16384K, used 4256K [0x6b1c0000, 0x6c1c0000, 0x731c0000)
  object space 16384K, 25% used [0x6b1c0000,0x6b5e8228,0x6c1c0000)
Event: 6.805 GC heap after
Heap after GC invocations=5 (full 0):
 PSYoungGen      total 35840K, used 2549K [0x9dc40000, 0xa30c0000, 0xb31c0000)
  eden space 33280K, 0% used [0x9dc40000,0x9dc40000,0x9fcc0000)
  from space 2560K, 99% used [0x9fcc0000,0x9ff3d5a0,0x9ff40000)
  to   space 9984K, 0% used [0xa2700000,0xa2700000,0xa30c0000)
 ParOldGen       total 43008K, used 13419K [0x731c0000, 0x75bc0000, 0x9dc40000)
  object space 43008K, 31% used [0x731c0000,0x73edadc0,0x75bc0000)
 PSPermGen       total 16384K, used 4256K [0x6b1c0000, 0x6c1c0000, 0x731c0000)
  object space 16384K, 25% used [0x6b1c0000,0x6b5e8228,0x6c1c0000)
}
Event: 9.218 GC heap before
{Heap before GC invocations=6 (full 0):
 PSYoungGen      total 35840K, used 35829K [0x9dc40000, 0xa30c0000, 0xb31c0000)
  eden space 33280K, 100% used [0x9dc40000,0x9fcc0000,0x9fcc0000)
  from space 2560K, 99% used [0x9fcc0000,0x9ff3d5a0,0x9ff40000)
  to   space 9984K, 0% used [0xa2700000,0xa2700000,0xa30c0000)
 ParOldGen       total 43008K, used 13419K [0x731c0000, 0x75bc0000, 0x9dc40000)
  object space 43008K, 31% used [0x731c0000,0x73edadc0,0x75bc0000)
 PSPermGen       total 16384K, used 4267K [0x6b1c0000, 0x6c1c0000, 0x731c0000)
  object space 16384K, 26% used [0x6b1c0000,0x6b5eaf70,0x6c1c0000)
Event: 9.290 GC heap after
Heap after GC invocations=6 (full 0):
 PSYoungGen      total 75520K, used 8362K [0x9dc40000, 0xa32c0000, 0xb31c0000)
  eden space 65536K, 0% used [0x9dc40000,0x9dc40000,0xa1c40000)
  from space 9984K, 83% used [0xa2700000,0xa2f2aa60,0xa30c0000)
  to   space 11008K, 0% used [0xa1c40000,0xa1c40000,0xa2700000)
 ParOldGen       total 43008K, used 13419K [0x731c0000, 0x75bc0000, 0x9dc40000)
  object space 43008K, 31% used [0x731c0000,0x73edadc0,0x75bc0000)
 PSPermGen       total 16384K, used 4267K [0x6b1c0000, 0x6c1c0000, 0x731c0000)
  object space 16384K, 26% used [0x6b1c0000,0x6b5eaf70,0x6c1c0000)
}
Event: 15.948 GC heap before
{Heap before GC invocations=7 (full 0):
 PSYoungGen      total 75520K, used 73898K [0x9dc40000, 0xa32c0000, 0xb31c0000)
  eden space 65536K, 100% used [0x9dc40000,0xa1c40000,0xa1c40000)
  from space 9984K, 83% used [0xa2700000,0xa2f2aa60,0xa30c0000)
  to   space 11008K, 0% used [0xa1c40000,0xa1c40000,0xa2700000)
 ParOldGen       total 43008K, used 13419K [0x731c0000, 0x75bc0000, 0x9dc40000)
  object space 43008K, 31% used [0x731c0000,0x73edadc0,0x75bc0000)
 PSPermGen       total 16384K, used 4290K [0x6b1c0000, 0x6c1c0000, 0x731c0000)
  object space 16384K, 26% used [0x6b1c0000,0x6b5f0ac8,0x6c1c0000)
Event: 16.115 GC heap after
Heap after GC invocations=7 (full 0):
 PSYoungGen      total 76544K, used 11000K [0x9dc40000, 0xa7cc0000, 0xb31c0000)
  eden space 65536K, 0% used [0x9dc40000,0x9dc40000,0xa1c40000)
  from space 11008K, 99% used [0xa1c40000,0xa26fe250,0xa2700000)
  to   space 16640K, 0% used [0xa6c80000,0xa6c80000,0xa7cc0000)
 ParOldGen       total 43008K, used 20573K [0x731c0000, 0x75bc0000, 0x9dc40000)
  object space 43008K, 47% used [0x731c0000,0x745d7590,0x75bc0000)
 PSPermGen       total 16384K, used 4290K [0x6b1c0000, 0x6c1c0000, 0x731c0000)
  object space 16384K, 26% used [0x6b1c0000,0x6b5f0ac8,0x6c1c0000)
}
Event: 19.826 GC heap before
{Heap before GC invocations=8 (full 0):
 PSYoungGen      total 76544K, used 76536K [0x9dc40000, 0xa7cc0000, 0xb31c0000)
  eden space 65536K, 100% used [0x9dc40000,0xa1c40000,0xa1c40000)
  from space 11008K, 99% used [0xa1c40000,0xa26fe250,0xa2700000)
  to   space 16640K, 0% used [0xa6c80000,0xa6c80000,0xa7cc0000)
 ParOldGen       total 43008K, used 20573K [0x731c0000, 0x75bc0000, 0x9dc40000)
  object space 43008K, 47% used [0x731c0000,0x745d7590,0x75bc0000)
 PSPermGen       total 16384K, used 4315K [0x6b1c0000, 0x6c1c0000, 0x731c0000)
  object space 16384K, 26% used [0x6b1c0000,0x6b5f6cb0,0x6c1c0000)
Event: 20.247 GC heap after
Heap after GC invocations=8 (full 0):
 PSYoungGen      total 142592K, used 16627K [0x9dc40000, 0xa86c0000, 0xb31c0000)
  eden space 125952K, 0% used [0x9dc40000,0x9dc40000,0xa5740000)
  from space 16640K, 99% used [0xa6c80000,0xa7cbcd28,0xa7cc0000)
  to   space 21760K, 0% used [0xa5740000,0xa5740000,0xa6c80000)
 ParOldGen       total 43008K, used 25458K [0x731c0000, 0x75bc0000, 0x9dc40000)
  object space 43008K, 59% used [0x731c0000,0x74a9cb08,0x75bc0000)
 PSPermGen       total 16384K, used 4315K [0x6b1c0000, 0x6c1c0000, 0x731c0000)
  object space 16384K, 26% used [0x6b1c0000,0x6b5f6cb0,0x6c1c0000)
}
Event: 26.497 GC heap before
{Heap before GC invocations=9 (full 0):
 PSYoungGen      total 142592K, used 142579K [0x9dc40000, 0xa86c0000, 0xb31c0000)
  eden space 125952K, 100% used [0x9dc40000,0xa5740000,0xa5740000)
  from space 16640K, 99% used [0xa6c80000,0xa7cbcd28,0xa7cc0000)
  to   space 21760K, 0% used [0xa5740000,0xa5740000,0xa6c80000)
 ParOldGen       total 43008K, used 25458K [0x731c0000, 0x75bc0000, 0x9dc40000)
  object space 43008K, 59% used [0x731c0000,0x74a9cb08,0x75bc0000)
 PSPermGen       total 16384K, used 4349K [0x6b1c0000, 0x6c1c0000, 0x731c0000)
  object space 16384K, 26% used [0x6b1c0000,0x6b5ff628,0x6c1c0000)

