# JRE version: OpenJDK Runtime Environment (7.0_91-b02) (build 1.7.0_91-b02)
# Java VM: OpenJDK Server VM (24.91-b01 mixed mode linux-x86 )
Heap
 PSYoungGen      total 76032K, used 10738K [0x9db80000, 0xa3180000, 0xb3100000)
  eden space 65280K, 0% used [0x9db80000,0x9db80000,0xa1b40000)
  from space 10752K, 99% used [0xa1b40000,0xa25bcb60,0xa25c0000)
  to   space 9472K, 0% used [0xa25c0000,0xa25c0000,0xa2f00000)
 ParOldGen       total 43008K, used 21210K [0x73100000, 0x75b00000, 0x9db80000)
  object space 43008K, 49% used [0x73100000,0x745b6ac0,0x75b00000)
 PSPermGen       total 16384K, used 4295K [0x6b100000, 0x6c100000, 0x73100000)
  object space 16384K, 26% used [0x6b100000,0x6b531c50,0x6c100000)
GC Heap History (10 events):
Event: 3.159 GC heap after
Heap after GC invocations=2 (full 0):
 PSYoungGen      total 19200K, used 2548K [0x9db80000, 0xa0100000, 0xb3100000)
  eden space 16640K, 0% used [0x9db80000,0x9db80000,0x9ebc0000)
  from space 2560K, 99% used [0x9ee40000,0x9f0bd180,0x9f0c0000)
  to   space 2560K, 0% used [0x9ebc0000,0x9ebc0000,0x9ee40000)
 ParOldGen       total 43008K, used 2027K [0x73100000, 0x75b00000, 0x9db80000)
  object space 43008K, 4% used [0x73100000,0x732fae38,0x75b00000)
 PSPermGen       total 16384K, used 4120K [0x6b100000, 0x6c100000, 0x73100000)
  object space 16384K, 25% used [0x6b100000,0x6b506180,0x6c100000)
}
Event: 5.207 GC heap before
{Heap before GC invocations=3 (full 0):
 PSYoungGen      total 19200K, used 19188K [0x9db80000, 0xa0100000, 0xb3100000)
  eden space 16640K, 100% used [0x9db80000,0x9ebc0000,0x9ebc0000)
  from space 2560K, 99% used [0x9ee40000,0x9f0bd180,0x9f0c0000)
  to   space 2560K, 0% used [0x9ebc0000,0x9ebc0000,0x9ee40000)
 ParOldGen       total 43008K, used 2027K [0x73100000, 0x75b00000, 0x9db80000)
  object space 43008K, 4% used [0x73100000,0x732fae38,0x75b00000)
 PSPermGen       total 16384K, used 4202K [0x6b100000, 0x6c100000, 0x73100000)
  object space 16384K, 25% used [0x6b100000,0x6b51a9c8,0x6c100000)
Event: 5.307 GC heap after
Heap after GC invocations=3 (full 0):
 PSYoungGen      total 19200K, used 2550K [0x9db80000, 0xa0100000, 0xb3100000)
  eden space 16640K, 0% used [0x9db80000,0x9db80000,0x9ebc0000)
  from space 2560K, 99% used [0x9ebc0000,0x9ee3d900,0x9ee40000)
  to   space 2560K, 0% used [0x9fe80000,0x9fe80000,0xa0100000)
 ParOldGen       total 43008K, used 4812K [0x73100000, 0x75b00000, 0x9db80000)
  object space 43008K, 11% used [0x73100000,0x735b3118,0x75b00000)
 PSPermGen       total 16384K, used 4202K [0x6b100000, 0x6c100000, 0x73100000)
  object space 16384K, 25% used [0x6b100000,0x6b51a9c8,0x6c100000)
}
Event: 7.007 GC heap before
{Heap before GC invocations=4 (full 0):
 PSYoungGen      total 19200K, used 19190K [0x9db80000, 0xa0100000, 0xb3100000)
  eden space 16640K, 100% used [0x9db80000,0x9ebc0000,0x9ebc0000)
  from space 2560K, 99% used [0x9ebc0000,0x9ee3d900,0x9ee40000)
  to   space 2560K, 0% used [0x9fe80000,0x9fe80000,0xa0100000)
 ParOldGen       total 43008K, used 4812K [0x73100000, 0x75b00000, 0x9db80000)
  object space 43008K, 11% used [0x73100000,0x735b3118,0x75b00000)
 PSPermGen       total 16384K, used 4227K [0x6b100000, 0x6c100000, 0x73100000)
  object space 16384K, 25% used [0x6b100000,0x6b520f28,0x6c100000)
Event: 7.036 GC heap after
Heap after GC invocations=4 (full 0):
 PSYoungGen      total 35840K, used 2551K [0x9db80000, 0xa0100000, 0xb3100000)
  eden space 33280K, 0% used [0x9db80000,0x9db80000,0x9fc00000)
  from space 2560K, 99% used [0x9fe80000,0xa00fdd10,0xa0100000)
  to   space 2560K, 0% used [0x9fc00000,0x9fc00000,0x9fe80000)
 ParOldGen       total 43008K, used 7851K [0x73100000, 0x75b00000, 0x9db80000)
  object space 43008K, 18% used [0x73100000,0x738aaff8,0x75b00000)
 PSPermGen       total 16384K, used 4227K [0x6b100000, 0x6c100000, 0x73100000)
  object space 16384K, 25% used [0x6b100000,0x6b520f28,0x6c100000)
}
Event: 13.391 GC heap before
{Heap before GC invocations=5 (full 0):
 PSYoungGen      total 35840K, used 35831K [0x9db80000, 0xa0100000, 0xb3100000)
  eden space 33280K, 100% used [0x9db80000,0x9fc00000,0x9fc00000)
  from space 2560K, 99% used [0x9fe80000,0xa00fdd10,0xa0100000)
  to   space 2560K, 0% used [0x9fc00000,0x9fc00000,0x9fe80000)
 ParOldGen       total 43008K, used 7851K [0x73100000, 0x75b00000, 0x9db80000)
  object space 43008K, 18% used [0x73100000,0x738aaff8,0x75b00000)
 PSPermGen       total 16384K, used 4252K [0x6b100000, 0x6c100000, 0x73100000)
  object space 16384K, 25% used [0x6b100000,0x6b527060,0x6c100000)
Event: 13.535 GC heap after
Heap after GC invocations=5 (full 0):
 PSYoungGen      total 35840K, used 2559K [0x9db80000, 0xa2f00000, 0xb3100000)
  eden space 33280K, 0% used [0x9db80000,0x9db80000,0x9fc00000)
  from space 2560K, 99% used [0x9fc00000,0x9fe7fd10,0x9fe80000)
  to   space 9472K, 0% used [0xa25c0000,0xa25c0000,0xa2f00000)
 ParOldGen       total 43008K, used 12990K [0x73100000, 0x75b00000, 0x9db80000)
  object space 43008K, 30% used [0x73100000,0x73daf9e8,0x75b00000)
 PSPermGen       total 16384K, used 4252K [0x6b100000, 0x6c100000, 0x73100000)
  object space 16384K, 25% used [0x6b100000,0x6b527060,0x6c100000)
}
Event: 17.079 GC heap before
{Heap before GC invocations=6 (full 0):
 PSYoungGen      total 35840K, used 35839K [0x9db80000, 0xa2f00000, 0xb3100000)
  eden space 33280K, 100% used [0x9db80000,0x9fc00000,0x9fc00000)
  from space 2560K, 99% used [0x9fc00000,0x9fe7fd10,0x9fe80000)
  to   space 9472K, 0% used [0xa25c0000,0xa25c0000,0xa2f00000)
 ParOldGen       total 43008K, used 12990K [0x73100000, 0x75b00000, 0x9db80000)
  object space 43008K, 30% used [0x73100000,0x73daf9e8,0x75b00000)
 PSPermGen       total 16384K, used 4267K [0x6b100000, 0x6c100000, 0x73100000)
  object space 16384K, 26% used [0x6b100000,0x6b52ad08,0x6c100000)
Event: 17.159 GC heap after
Heap after GC invocations=6 (full 0):
 PSYoungGen      total 74752K, used 8410K [0x9db80000, 0xa3180000, 0xb3100000)
  eden space 65280K, 0% used [0x9db80000,0x9db80000,0xa1b40000)
  from space 9472K, 88% used [0xa25c0000,0xa2df6888,0xa2f00000)
  to   space 10752K, 0% used [0xa1b40000,0xa1b40000,0xa25c0000)
 ParOldGen       total 43008K, used 12990K [0x73100000, 0x75b00000, 0x9db80000)
  object space 43008K, 30% used [0x73100000,0x73daf9e8,0x75b00000)
 PSPermGen       total 16384K, used 4267K [0x6b100000, 0x6c100000, 0x73100000)
  object space 16384K, 26% used [0x6b100000,0x6b52ad08,0x6c100000)
}
Event: 23.396 GC heap before
{Heap before GC invocations=7 (full 0):
 PSYoungGen      total 74752K, used 73690K [0x9db80000, 0xa3180000, 0xb3100000)
  eden space 65280K, 100% used [0x9db80000,0xa1b40000,0xa1b40000)
  from space 9472K, 88% used [0xa25c0000,0xa2df6888,0xa2f00000)
  to   space 10752K, 0% used [0xa1b40000,0xa1b40000,0xa25c0000)
 ParOldGen       total 43008K, used 12990K [0x73100000, 0x75b00000, 0x9db80000)
  object space 43008K, 30% used [0x73100000,0x73daf9e8,0x75b00000)
 PSPermGen       total 16384K, used 4295K [0x6b100000, 0x6c100000, 0x73100000)
  object space 16384K, 26% used [0x6b100000,0x6b531c50,0x6c100000)

