# JRE version: OpenJDK Runtime Environment (7.0_91-b02) (build 1.7.0_91-b02)
# Java VM: OpenJDK Server VM (24.91-b01 mixed mode linux-x86 )
Heap
 PSYoungGen      total 146944K, used 21495K [0x9dc40000, 0xa85c0000, 0xb31c0000)
  eden space 125440K, 0% used [0x9dc40000,0x9dc40000,0xa56c0000)
  from space 21504K, 99% used [0xa56c0000,0xa6bbde18,0xa6bc0000)
  to   space 16384K, 0% used [0xa6bc0000,0xa6bc0000,0xa7bc0000)
 ParOldGen       total 43008K, used 38506K [0x731c0000, 0x75bc0000, 0x9dc40000)
  object space 43008K, 89% used [0x731c0000,0x7575aab8,0x75bc0000)
 PSPermGen       total 16384K, used 4351K [0x6b1c0000, 0x6c1c0000, 0x731c0000)
  object space 16384K, 26% used [0x6b1c0000,0x6b5ffd00,0x6c1c0000)
GC Heap History (10 events):
Event: 5.219 GC heap after
Heap after GC invocations=4 (full 0):
 PSYoungGen      total 35840K, used 2545K [0x9dc40000, 0xa01c0000, 0xb31c0000)
  eden space 33280K, 0% used [0x9dc40000,0x9dc40000,0x9fcc0000)
  from space 2560K, 99% used [0x9ff40000,0xa01bc4c8,0xa01c0000)
  to   space 2560K, 0% used [0x9fcc0000,0x9fcc0000,0x9ff40000)
 ParOldGen       total 43008K, used 7271K [0x731c0000, 0x75bc0000, 0x9dc40000)
  object space 43008K, 16% used [0x731c0000,0x738d9fc0,0x75bc0000)
 PSPermGen       total 16384K, used 4229K [0x6b1c0000, 0x6c1c0000, 0x731c0000)
  object space 16384K, 25% used [0x6b1c0000,0x6b5e1530,0x6c1c0000)
}
Event: 8.494 GC heap before
{Heap before GC invocations=5 (full 0):
 PSYoungGen      total 35840K, used 35825K [0x9dc40000, 0xa01c0000, 0xb31c0000)
  eden space 33280K, 100% used [0x9dc40000,0x9fcc0000,0x9fcc0000)
  from space 2560K, 99% used [0x9ff40000,0xa01bc4c8,0xa01c0000)
  to   space 2560K, 0% used [0x9fcc0000,0x9fcc0000,0x9ff40000)
 ParOldGen       total 43008K, used 7271K [0x731c0000, 0x75bc0000, 0x9dc40000)
  object space 43008K, 16% used [0x731c0000,0x738d9fc0,0x75bc0000)
 PSPermGen       total 16384K, used 4257K [0x6b1c0000, 0x6c1c0000, 0x731c0000)
  object space 16384K, 25% used [0x6b1c0000,0x6b5e86b8,0x6c1c0000)
Event: 8.539 GC heap after
Heap after GC invocations=5 (full 0):
 PSYoungGen      total 35840K, used 2548K [0x9dc40000, 0xa2fc0000, 0xb31c0000)
  eden space 33280K, 0% used [0x9dc40000,0x9dc40000,0x9fcc0000)
  from space 2560K, 99% used [0x9fcc0000,0x9ff3d378,0x9ff40000)
  to   space 9472K, 0% used [0xa2680000,0xa2680000,0xa2fc0000)
 ParOldGen       total 43008K, used 12406K [0x731c0000, 0x75bc0000, 0x9dc40000)
  object space 43008K, 28% used [0x731c0000,0x73dddb78,0x75bc0000)
 PSPermGen       total 16384K, used 4257K [0x6b1c0000, 0x6c1c0000, 0x731c0000)
  object space 16384K, 25% used [0x6b1c0000,0x6b5e86b8,0x6c1c0000)
}
Event: 11.226 GC heap before
{Heap before GC invocations=6 (full 0):
 PSYoungGen      total 35840K, used 35828K [0x9dc40000, 0xa2fc0000, 0xb31c0000)
  eden space 33280K, 100% used [0x9dc40000,0x9fcc0000,0x9fcc0000)
  from space 2560K, 99% used [0x9fcc0000,0x9ff3d378,0x9ff40000)
  to   space 9472K, 0% used [0xa2680000,0xa2680000,0xa2fc0000)
 ParOldGen       total 43008K, used 12406K [0x731c0000, 0x75bc0000, 0x9dc40000)
  object space 43008K, 28% used [0x731c0000,0x73dddb78,0x75bc0000)
 PSPermGen       total 16384K, used 4269K [0x6b1c0000, 0x6c1c0000, 0x731c0000)
  object space 16384K, 26% used [0x6b1c0000,0x6b5eb400,0x6c1c0000)
Event: 12.240 GC heap after
Heap after GC invocations=6 (full 0):
 PSYoungGen      total 74752K, used 8058K [0x9dc40000, 0xa3240000, 0xb31c0000)
  eden space 65280K, 0% used [0x9dc40000,0x9dc40000,0xa1c00000)
  from space 9472K, 85% used [0xa2680000,0xa2e5eb10,0xa2fc0000)
  to   space 10752K, 0% used [0xa1c00000,0xa1c00000,0xa2680000)
 ParOldGen       total 43008K, used 12406K [0x731c0000, 0x75bc0000, 0x9dc40000)
  object space 43008K, 28% used [0x731c0000,0x73dddb78,0x75bc0000)
 PSPermGen       total 16384K, used 4269K [0x6b1c0000, 0x6c1c0000, 0x731c0000)
  object space 16384K, 26% used [0x6b1c0000,0x6b5eb400,0x6c1c0000)
}
Event: 18.071 GC heap before
{Heap before GC invocations=7 (full 0):
 PSYoungGen      total 74752K, used 73338K [0x9dc40000, 0xa3240000, 0xb31c0000)
  eden space 65280K, 100% used [0x9dc40000,0xa1c00000,0xa1c00000)
  from space 9472K, 85% used [0xa2680000,0xa2e5eb10,0xa2fc0000)
  to   space 10752K, 0% used [0xa1c00000,0xa1c00000,0xa2680000)
 ParOldGen       total 43008K, used 12406K [0x731c0000, 0x75bc0000, 0x9dc40000)
  object space 43008K, 28% used [0x731c0000,0x73dddb78,0x75bc0000)
 PSPermGen       total 16384K, used 4296K [0x6b1c0000, 0x6c1c0000, 0x731c0000)
  object space 16384K, 26% used [0x6b1c0000,0x6b5f23e8,0x6c1c0000)
Event: 18.254 GC heap after
Heap after GC invocations=7 (full 0):
 PSYoungGen      total 76032K, used 10751K [0x9dc40000, 0xa7bc0000, 0xb31c0000)
  eden space 65280K, 0% used [0x9dc40000,0x9dc40000,0xa1c00000)
  from space 10752K, 99% used [0xa1c00000,0xa267fc08,0xa2680000)
  to   space 16384K, 0% used [0xa6bc0000,0xa6bc0000,0xa7bc0000)
 ParOldGen       total 43008K, used 20068K [0x731c0000, 0x75bc0000, 0x9dc40000)
  object space 43008K, 46% used [0x731c0000,0x745591c8,0x75bc0000)
 PSPermGen       total 16384K, used 4296K [0x6b1c0000, 0x6c1c0000, 0x731c0000)
  object space 16384K, 26% used [0x6b1c0000,0x6b5f23e8,0x6c1c0000)
}
Event: 21.223 GC heap before
{Heap before GC invocations=8 (full 0):
 PSYoungGen      total 76032K, used 76031K [0x9dc40000, 0xa7bc0000, 0xb31c0000)
  eden space 65280K, 100% used [0x9dc40000,0xa1c00000,0xa1c00000)
  from space 10752K, 99% used [0xa1c00000,0xa267fc08,0xa2680000)
  to   space 16384K, 0% used [0xa6bc0000,0xa6bc0000,0xa7bc0000)
 ParOldGen       total 43008K, used 20068K [0x731c0000, 0x75bc0000, 0x9dc40000)
  object space 43008K, 46% used [0x731c0000,0x745591c8,0x75bc0000)
 PSPermGen       total 16384K, used 4313K [0x6b1c0000, 0x6c1c0000, 0x731c0000)
  object space 16384K, 26% used [0x6b1c0000,0x6b5f67a8,0x6c1c0000)
Event: 21.461 GC heap after
Heap after GC invocations=8 (full 0):
 PSYoungGen      total 141824K, used 16379K [0x9dc40000, 0xa85c0000, 0xb31c0000)
  eden space 125440K, 0% used [0x9dc40000,0x9dc40000,0xa56c0000)
  from space 16384K, 99% used [0xa6bc0000,0xa7bbefd0,0xa7bc0000)
  to   space 21504K, 0% used [0xa56c0000,0xa56c0000,0xa6bc0000)
 ParOldGen       total 43008K, used 24668K [0x731c0000, 0x75bc0000, 0x9dc40000)
  object space 43008K, 57% used [0x731c0000,0x749d7080,0x75bc0000)
 PSPermGen       total 16384K, used 4313K [0x6b1c0000, 0x6c1c0000, 0x731c0000)
  object space 16384K, 26% used [0x6b1c0000,0x6b5f67a8,0x6c1c0000)
}
Event: 28.419 GC heap before
{Heap before GC invocations=9 (full 0):
 PSYoungGen      total 141824K, used 141819K [0x9dc40000, 0xa85c0000, 0xb31c0000)
  eden space 125440K, 100% used [0x9dc40000,0xa56c0000,0xa56c0000)
  from space 16384K, 99% used [0xa6bc0000,0xa7bbefd0,0xa7bc0000)
  to   space 21504K, 0% used [0xa56c0000,0xa56c0000,0xa6bc0000)
 ParOldGen       total 43008K, used 24668K [0x731c0000, 0x75bc0000, 0x9dc40000)
  object space 43008K, 57% used [0x731c0000,0x749d7080,0x75bc0000)
 PSPermGen       total 16384K, used 4351K [0x6b1c0000, 0x6c1c0000, 0x731c0000)
  object space 16384K, 26% used [0x6b1c0000,0x6b5ffd00,0x6c1c0000)

