# JRE version: OpenJDK Runtime Environment (7.0_91-b02) (build 1.7.0_91-b02)
# Java VM: OpenJDK Server VM (24.91-b01 mixed mode linux-x86 )
Heap
 PSYoungGen      total 75520K, used 9975K [0x9db80000, 0xa3000000, 0xb3100000)
  eden space 65536K, 0% used [0x9db80000,0x9db80000,0xa1b80000)
  from space 9984K, 99% used [0xa1b80000,0xa253dfc8,0xa2540000)
  to   space 8960K, 0% used [0xa2540000,0xa2540000,0xa2e00000)
 ParOldGen       total 43008K, used 19784K [0x73100000, 0x75b00000, 0x9db80000)
  object space 43008K, 46% used [0x73100000,0x744521c8,0x75b00000)
 PSPermGen       total 16384K, used 4296K [0x6b100000, 0x6c100000, 0x73100000)
  object space 16384K, 26% used [0x6b100000,0x6b532020,0x6c100000)
GC Heap History (10 events):
Event: 3.624 GC heap after
Heap after GC invocations=2 (full 0):
 PSYoungGen      total 19200K, used 2558K [0x9db80000, 0x9f0c0000, 0xb3100000)
  eden space 16640K, 0% used [0x9db80000,0x9db80000,0x9ebc0000)
  from space 2560K, 99% used [0x9ee40000,0x9f0bfa38,0x9f0c0000)
  to   space 2560K, 0% used [0x9ebc0000,0x9ebc0000,0x9ee40000)
 ParOldGen       total 43008K, used 1404K [0x73100000, 0x75b00000, 0x9db80000)
  object space 43008K, 3% used [0x73100000,0x7325f338,0x75b00000)
 PSPermGen       total 16384K, used 4164K [0x6b100000, 0x6c100000, 0x73100000)
  object space 16384K, 25% used [0x6b100000,0x6b511128,0x6c100000)
}
Event: 4.940 GC heap before
{Heap before GC invocations=3 (full 0):
 PSYoungGen      total 19200K, used 19198K [0x9db80000, 0x9f0c0000, 0xb3100000)
  eden space 16640K, 100% used [0x9db80000,0x9ebc0000,0x9ebc0000)
  from space 2560K, 99% used [0x9ee40000,0x9f0bfa38,0x9f0c0000)
  to   space 2560K, 0% used [0x9ebc0000,0x9ebc0000,0x9ee40000)
 ParOldGen       total 43008K, used 1404K [0x73100000, 0x75b00000, 0x9db80000)
  object space 43008K, 3% used [0x73100000,0x7325f338,0x75b00000)
 PSPermGen       total 16384K, used 4214K [0x6b100000, 0x6c100000, 0x73100000)
  object space 16384K, 25% used [0x6b100000,0x6b51d838,0x6c100000)
Event: 4.980 GC heap after
Heap after GC invocations=3 (full 0):
 PSYoungGen      total 19200K, used 2557K [0x9db80000, 0xa0100000, 0xb3100000)
  eden space 16640K, 0% used [0x9db80000,0x9db80000,0x9ebc0000)
  from space 2560K, 99% used [0x9ebc0000,0x9ee3f6f0,0x9ee40000)
  to   space 2560K, 0% used [0x9fe80000,0x9fe80000,0xa0100000)
 ParOldGen       total 43008K, used 4633K [0x73100000, 0x75b00000, 0x9db80000)
  object space 43008K, 10% used [0x73100000,0x735867e0,0x75b00000)
 PSPermGen       total 16384K, used 4214K [0x6b100000, 0x6c100000, 0x73100000)
  object space 16384K, 25% used [0x6b100000,0x6b51d838,0x6c100000)
}
Event: 6.646 GC heap before
{Heap before GC invocations=4 (full 0):
 PSYoungGen      total 19200K, used 19197K [0x9db80000, 0xa0100000, 0xb3100000)
  eden space 16640K, 100% used [0x9db80000,0x9ebc0000,0x9ebc0000)
  from space 2560K, 99% used [0x9ebc0000,0x9ee3f6f0,0x9ee40000)
  to   space 2560K, 0% used [0x9fe80000,0x9fe80000,0xa0100000)
 ParOldGen       total 43008K, used 4633K [0x73100000, 0x75b00000, 0x9db80000)
  object space 43008K, 10% used [0x73100000,0x735867e0,0x75b00000)
 PSPermGen       total 16384K, used 4239K [0x6b100000, 0x6c100000, 0x73100000)
  object space 16384K, 25% used [0x6b100000,0x6b523ef0,0x6c100000)
Event: 6.744 GC heap after
Heap after GC invocations=4 (full 0):
 PSYoungGen      total 35840K, used 2548K [0x9db80000, 0xa0100000, 0xb3100000)
  eden space 33280K, 0% used [0x9db80000,0x9db80000,0x9fc00000)
  from space 2560K, 99% used [0x9fe80000,0xa00fd190,0xa0100000)
  to   space 2560K, 0% used [0x9fc00000,0x9fc00000,0x9fe80000)
 ParOldGen       total 43008K, used 7514K [0x73100000, 0x75b00000, 0x9db80000)
  object space 43008K, 17% used [0x73100000,0x73856b70,0x75b00000)
 PSPermGen       total 16384K, used 4239K [0x6b100000, 0x6c100000, 0x73100000)
  object space 16384K, 25% used [0x6b100000,0x6b523ef0,0x6c100000)
}
Event: 10.083 GC heap before
{Heap before GC invocations=5 (full 0):
 PSYoungGen      total 35840K, used 35828K [0x9db80000, 0xa0100000, 0xb3100000)
  eden space 33280K, 100% used [0x9db80000,0x9fc00000,0x9fc00000)
  from space 2560K, 99% used [0x9fe80000,0xa00fd190,0xa0100000)
  to   space 2560K, 0% used [0x9fc00000,0x9fc00000,0x9fe80000)
 ParOldGen       total 43008K, used 7514K [0x73100000, 0x75b00000, 0x9db80000)
  object space 43008K, 17% used [0x73100000,0x73856b70,0x75b00000)
 PSPermGen       total 16384K, used 4254K [0x6b100000, 0x6c100000, 0x73100000)
  object space 16384K, 25% used [0x6b100000,0x6b527b48,0x6c100000)
Event: 10.388 GC heap after
Heap after GC invocations=5 (full 0):
 PSYoungGen      total 35840K, used 2554K [0x9db80000, 0xa2e00000, 0xb3100000)
  eden space 33280K, 0% used [0x9db80000,0x9db80000,0x9fc00000)
  from space 2560K, 99% used [0x9fc00000,0x9fe7e8d8,0x9fe80000)
  to   space 8960K, 0% used [0xa2540000,0xa2540000,0xa2e00000)
 ParOldGen       total 43008K, used 12861K [0x73100000, 0x75b00000, 0x9db80000)
  object space 43008K, 29% used [0x73100000,0x73d8f760,0x75b00000)
 PSPermGen       total 16384K, used 4254K [0x6b100000, 0x6c100000, 0x73100000)
  object space 16384K, 25% used [0x6b100000,0x6b527b48,0x6c100000)
}
Event: 13.264 GC heap before
{Heap before GC invocations=6 (full 0):
 PSYoungGen      total 35840K, used 35834K [0x9db80000, 0xa2e00000, 0xb3100000)
  eden space 33280K, 100% used [0x9db80000,0x9fc00000,0x9fc00000)
  from space 2560K, 99% used [0x9fc00000,0x9fe7e8d8,0x9fe80000)
  to   space 8960K, 0% used [0xa2540000,0xa2540000,0xa2e00000)
 ParOldGen       total 43008K, used 12861K [0x73100000, 0x75b00000, 0x9db80000)
  object space 43008K, 29% used [0x73100000,0x73d8f760,0x75b00000)
 PSPermGen       total 16384K, used 4271K [0x6b100000, 0x6c100000, 0x73100000)
  object space 16384K, 26% used [0x6b100000,0x6b52bd58,0x6c100000)
Event: 13.410 GC heap after
Heap after GC invocations=6 (full 0):
 PSYoungGen      total 74496K, used 7876K [0x9db80000, 0xa3000000, 0xb3100000)
  eden space 65536K, 0% used [0x9db80000,0x9db80000,0xa1b80000)
  from space 8960K, 87% used [0xa2540000,0xa2cf1128,0xa2e00000)
  to   space 9984K, 0% used [0xa1b80000,0xa1b80000,0xa2540000)
 ParOldGen       total 43008K, used 12861K [0x73100000, 0x75b00000, 0x9db80000)
  object space 43008K, 29% used [0x73100000,0x73d8f760,0x75b00000)
 PSPermGen       total 16384K, used 4271K [0x6b100000, 0x6c100000, 0x73100000)
  object space 16384K, 26% used [0x6b100000,0x6b52bd58,0x6c100000)
}
Event: 18.133 GC heap before
{Heap before GC invocations=7 (full 0):
 PSYoungGen      total 74496K, used 73412K [0x9db80000, 0xa3000000, 0xb3100000)
  eden space 65536K, 100% used [0x9db80000,0xa1b80000,0xa1b80000)
  from space 8960K, 87% used [0xa2540000,0xa2cf1128,0xa2e00000)
  to   space 9984K, 0% used [0xa1b80000,0xa1b80000,0xa2540000)
 ParOldGen       total 43008K, used 12861K [0x73100000, 0x75b00000, 0x9db80000)
  object space 43008K, 29% used [0x73100000,0x73d8f760,0x75b00000)
 PSPermGen       total 16384K, used 4296K [0x6b100000, 0x6c100000, 0x73100000)
  object space 16384K, 26% used [0x6b100000,0x6b532020,0x6c100000)

