# JRE version: OpenJDK Runtime Environment (7.0_91-b02) (build 1.7.0_91-b02)
# Java VM: OpenJDK Server VM (24.91-b01 mixed mode linux-x86 )
Heap
 PSYoungGen      total 69120K, used 2551K [0x9db40000, 0xa2140000, 0xb30c0000)
  eden space 66560K, 0% used [0x9db40000,0x9db40000,0xa1c40000)
  from space 2560K, 99% used [0xa1c40000,0xa1ebde20,0xa1ec0000)
  to   space 2560K, 0% used [0xa1ec0000,0xa1ec0000,0xa2140000)
 ParOldGen       total 43008K, used 24085K [0x730c0000, 0x75ac0000, 0x9db40000)
  object space 43008K, 56% used [0x730c0000,0x74845480,0x75ac0000)
 PSPermGen       total 16384K, used 4265K [0x6b0c0000, 0x6c0c0000, 0x730c0000)
  object space 16384K, 26% used [0x6b0c0000,0x6b4ea7c0,0x6c0c0000)
GC Heap History (9 events):
Event: 1.897 GC heap before
{Heap before GC invocations=1 (full 0):
 PSYoungGen      total 19200K, used 16640K [0x9db40000, 0x9f080000, 0xb30c0000)
  eden space 16640K, 100% used [0x9db40000,0x9eb80000,0x9eb80000)
  from space 2560K, 0% used [0x9ee00000,0x9ee00000,0x9f080000)
  to   space 2560K, 0% used [0x9eb80000,0x9eb80000,0x9ee00000)
 ParOldGen       total 43008K, used 0K [0x730c0000, 0x75ac0000, 0x9db40000)
  object space 43008K, 0% used [0x730c0000,0x730c0000,0x75ac0000)
 PSPermGen       total 16384K, used 3079K [0x6b0c0000, 0x6c0c0000, 0x730c0000)
  object space 16384K, 18% used [0x6b0c0000,0x6b3c1e78,0x6c0c0000)
Event: 1.963 GC heap after
Heap after GC invocations=1 (full 0):
 PSYoungGen      total 19200K, used 1304K [0x9db40000, 0xa00c0000, 0xb30c0000)
  eden space 16640K, 0% used [0x9db40000,0x9db40000,0x9eb80000)
  from space 2560K, 50% used [0x9eb80000,0x9ecc6148,0x9ee00000)
  to   space 2560K, 0% used [0x9fe40000,0x9fe40000,0xa00c0000)
 ParOldGen       total 43008K, used 0K [0x730c0000, 0x75ac0000, 0x9db40000)
  object space 43008K, 0% used [0x730c0000,0x730c0000,0x75ac0000)
 PSPermGen       total 16384K, used 3079K [0x6b0c0000, 0x6c0c0000, 0x730c0000)
  object space 16384K, 18% used [0x6b0c0000,0x6b3c1e78,0x6c0c0000)
}
Event: 3.556 GC heap before
{Heap before GC invocations=2 (full 0):
 PSYoungGen      total 19200K, used 17944K [0x9db40000, 0xa00c0000, 0xb30c0000)
  eden space 16640K, 100% used [0x9db40000,0x9eb80000,0x9eb80000)
  from space 2560K, 50% used [0x9eb80000,0x9ecc6148,0x9ee00000)
  to   space 2560K, 0% used [0x9fe40000,0x9fe40000,0xa00c0000)
 ParOldGen       total 43008K, used 0K [0x730c0000, 0x75ac0000, 0x9db40000)
  object space 43008K, 0% used [0x730c0000,0x730c0000,0x75ac0000)
 PSPermGen       total 16384K, used 4109K [0x6b0c0000, 0x6c0c0000, 0x730c0000)
  object space 16384K, 25% used [0x6b0c0000,0x6b4c34e8,0x6c0c0000)
Event: 3.585 GC heap after
Heap after GC invocations=2 (full 0):
 PSYoungGen      total 35840K, used 2545K [0x9db40000, 0xa00c0000, 0xb30c0000)
  eden space 33280K, 0% used [0x9db40000,0x9db40000,0x9fbc0000)
  from space 2560K, 99% used [0x9fe40000,0xa00bc638,0xa00c0000)
  to   space 2560K, 0% used [0x9fbc0000,0x9fbc0000,0x9fe40000)
 ParOldGen       total 43008K, used 1768K [0x730c0000, 0x75ac0000, 0x9db40000)
  object space 43008K, 4% used [0x730c0000,0x7327a3a8,0x75ac0000)
 PSPermGen       total 16384K, used 4109K [0x6b0c0000, 0x6c0c0000, 0x730c0000)
  object space 16384K, 25% used [0x6b0c0000,0x6b4c34e8,0x6c0c0000)
}
Event: 6.204 GC heap before
{Heap before GC invocations=3 (full 0):
 PSYoungGen      total 35840K, used 35825K [0x9db40000, 0xa00c0000, 0xb30c0000)
  eden space 33280K, 100% used [0x9db40000,0x9fbc0000,0x9fbc0000)
  from space 2560K, 99% used [0x9fe40000,0xa00bc638,0xa00c0000)
  to   space 2560K, 0% used [0x9fbc0000,0x9fbc0000,0x9fe40000)
 ParOldGen       total 43008K, used 1768K [0x730c0000, 0x75ac0000, 0x9db40000)
  object space 43008K, 4% used [0x730c0000,0x7327a3a8,0x75ac0000)
 PSPermGen       total 16384K, used 4214K [0x6b0c0000, 0x6c0c0000, 0x730c0000)
  object space 16384K, 25% used [0x6b0c0000,0x6b4ddae8,0x6c0c0000)
Event: 6.289 GC heap after
Heap after GC invocations=3 (full 0):
 PSYoungGen      total 35840K, used 2549K [0x9db40000, 0xa2140000, 0xb30c0000)
  eden space 33280K, 0% used [0x9db40000,0x9db40000,0x9fbc0000)
  from space 2560K, 99% used [0x9fbc0000,0x9fe3d448,0x9fe40000)
  to   space 2560K, 0% used [0xa1ec0000,0xa1ec0000,0xa2140000)
 ParOldGen       total 43008K, used 7157K [0x730c0000, 0x75ac0000, 0x9db40000)
  object space 43008K, 16% used [0x730c0000,0x737bd560,0x75ac0000)
 PSPermGen       total 16384K, used 4214K [0x6b0c0000, 0x6c0c0000, 0x730c0000)
  object space 16384K, 25% used [0x6b0c0000,0x6b4ddae8,0x6c0c0000)
}
Event: 8.372 GC heap before
{Heap before GC invocations=4 (full 0):
 PSYoungGen      total 35840K, used 35829K [0x9db40000, 0xa2140000, 0xb30c0000)
  eden space 33280K, 100% used [0x9db40000,0x9fbc0000,0x9fbc0000)
  from space 2560K, 99% used [0x9fbc0000,0x9fe3d448,0x9fe40000)
  to   space 2560K, 0% used [0xa1ec0000,0xa1ec0000,0xa2140000)
 ParOldGen       total 43008K, used 7157K [0x730c0000, 0x75ac0000, 0x9db40000)
  object space 43008K, 16% used [0x730c0000,0x737bd560,0x75ac0000)
 PSPermGen       total 16384K, used 4233K [0x6b0c0000, 0x6c0c0000, 0x730c0000)
  object space 16384K, 25% used [0x6b0c0000,0x6b4e2768,0x6c0c0000)
Event: 8.440 GC heap after
Heap after GC invocations=4 (full 0):
 PSYoungGen      total 69120K, used 2545K [0x9db40000, 0xa2140000, 0xb30c0000)
  eden space 66560K, 0% used [0x9db40000,0x9db40000,0xa1c40000)
  from space 2560K, 99% used [0xa1ec0000,0xa213c7b8,0xa2140000)
  to   space 2560K, 0% used [0xa1c40000,0xa1c40000,0xa1ec0000)
 ParOldGen       total 43008K, used 12620K [0x730c0000, 0x75ac0000, 0x9db40000)
  object space 43008K, 29% used [0x730c0000,0x73d13050,0x75ac0000)
 PSPermGen       total 16384K, used 4233K [0x6b0c0000, 0x6c0c0000, 0x730c0000)
  object space 16384K, 25% used [0x6b0c0000,0x6b4e2768,0x6c0c0000)
}
Event: 12.084 GC heap before
{Heap before GC invocations=5 (full 0):
 PSYoungGen      total 69120K, used 69105K [0x9db40000, 0xa2140000, 0xb30c0000)
  eden space 66560K, 100% used [0x9db40000,0xa1c40000,0xa1c40000)
  from space 2560K, 99% used [0xa1ec0000,0xa213c7b8,0xa2140000)
  to   space 2560K, 0% used [0xa1c40000,0xa1c40000,0xa1ec0000)
 ParOldGen       total 43008K, used 12621K [0x730c0000, 0x75ac0000, 0x9db40000)
  object space 43008K, 29% used [0x730c0000,0x73d13798,0x75ac0000)
 PSPermGen       total 16384K, used 4265K [0x6b0c0000, 0x6c0c0000, 0x730c0000)
  object space 16384K, 26% used [0x6b0c0000,0x6b4ea7c0,0x6c0c0000)

