# JRE version: OpenJDK Runtime Environment (7.0_91-b02) (build 1.7.0_91-b02)
# Java VM: OpenJDK Server VM (24.91-b01 mixed mode linux-x86 )
Heap
 PSYoungGen      total 149248K, used 18161K [0x9dbc0000, 0xa8140000, 0xb3140000)
  eden space 131072K, 0% used [0x9dbc0000,0x9dbc0000,0xa5bc0000)
  from space 18176K, 99% used [0xa5bc0000,0xa6d7c670,0xa6d80000)
  to   space 16128K, 0% used [0xa6d80000,0xa6d80000,0xa7d40000)
 ParOldGen       total 43008K, used 39605K [0x73140000, 0x75b40000, 0x9dbc0000)
  object space 43008K, 92% used [0x73140000,0x757ed7e8,0x75b40000)
 PSPermGen       total 16384K, used 4348K [0x6b140000, 0x6c140000, 0x73140000)
  object space 16384K, 26% used [0x6b140000,0x6b57f100,0x6c140000)
GC Heap History (10 events):
Event: 2.086 GC heap after
Heap after GC invocations=2 (full 0):
 PSYoungGen      total 35840K, used 2556K [0x9dbc0000, 0xa0140000, 0xb3140000)
  eden space 33280K, 0% used [0x9dbc0000,0x9dbc0000,0x9fc40000)
  from space 2560K, 99% used [0x9fec0000,0xa013f170,0xa0140000)
  to   space 2560K, 0% used [0x9fc40000,0x9fc40000,0x9fec0000)
 ParOldGen       total 43008K, used 2058K [0x73140000, 0x75b40000, 0x9dbc0000)
  object space 43008K, 4% used [0x73140000,0x73342858,0x75b40000)
 PSPermGen       total 16384K, used 4121K [0x6b140000, 0x6c140000, 0x73140000)
  object space 16384K, 25% used [0x6b140000,0x6b5464f8,0x6c140000)
}
Event: 4.258 GC heap before
{Heap before GC invocations=3 (full 0):
 PSYoungGen      total 35840K, used 35836K [0x9dbc0000, 0xa0140000, 0xb3140000)
  eden space 33280K, 100% used [0x9dbc0000,0x9fc40000,0x9fc40000)
  from space 2560K, 99% used [0x9fec0000,0xa013f170,0xa0140000)
  to   space 2560K, 0% used [0x9fc40000,0x9fc40000,0x9fec0000)
 ParOldGen       total 43008K, used 2058K [0x73140000, 0x75b40000, 0x9dbc0000)
  object space 43008K, 4% used [0x73140000,0x73342858,0x75b40000)
 PSPermGen       total 16384K, used 4234K [0x6b140000, 0x6c140000, 0x73140000)
  object space 16384K, 25% used [0x6b140000,0x6b562820,0x6c140000)
Event: 4.332 GC heap after
Heap after GC invocations=3 (full 0):
 PSYoungGen      total 35840K, used 2558K [0x9dbc0000, 0xa21c0000, 0xb3140000)
  eden space 33280K, 0% used [0x9dbc0000,0x9dbc0000,0x9fc40000)
  from space 2560K, 99% used [0x9fc40000,0x9febf920,0x9fec0000)
  to   space 2560K, 0% used [0xa1f40000,0xa1f40000,0xa21c0000)
 ParOldGen       total 43008K, used 7647K [0x73140000, 0x75b40000, 0x9dbc0000)
  object space 43008K, 17% used [0x73140000,0x738b7fc0,0x75b40000)
 PSPermGen       total 16384K, used 4234K [0x6b140000, 0x6c140000, 0x73140000)
  object space 16384K, 25% used [0x6b140000,0x6b562820,0x6c140000)
}
Event: 6.758 GC heap before
{Heap before GC invocations=4 (full 0):
 PSYoungGen      total 35840K, used 35838K [0x9dbc0000, 0xa21c0000, 0xb3140000)
  eden space 33280K, 100% used [0x9dbc0000,0x9fc40000,0x9fc40000)
  from space 2560K, 99% used [0x9fc40000,0x9febf920,0x9fec0000)
  to   space 2560K, 0% used [0xa1f40000,0xa1f40000,0xa21c0000)
 ParOldGen       total 43008K, used 7647K [0x73140000, 0x75b40000, 0x9dbc0000)
  object space 43008K, 17% used [0x73140000,0x738b7fc0,0x75b40000)
 PSPermGen       total 16384K, used 4255K [0x6b140000, 0x6c140000, 0x73140000)
  object space 16384K, 25% used [0x6b140000,0x6b567c40,0x6c140000)
Event: 6.860 GC heap after
Heap after GC invocations=4 (full 0):
 PSYoungGen      total 69120K, used 2552K [0x9dbc0000, 0xa21c0000, 0xb3140000)
  eden space 66560K, 0% used [0x9dbc0000,0x9dbc0000,0xa1cc0000)
  from space 2560K, 99% used [0xa1f40000,0xa21be198,0xa21c0000)
  to   space 2560K, 0% used [0xa1cc0000,0xa1cc0000,0xa1f40000)
 ParOldGen       total 43008K, used 14120K [0x73140000, 0x75b40000, 0x9dbc0000)
  object space 43008K, 32% used [0x73140000,0x73f0a380,0x75b40000)
 PSPermGen       total 16384K, used 4255K [0x6b140000, 0x6c140000, 0x73140000)
  object space 16384K, 25% used [0x6b140000,0x6b567c40,0x6c140000)
}
Event: 13.759 GC heap before
{Heap before GC invocations=5 (full 0):
 PSYoungGen      total 69120K, used 69112K [0x9dbc0000, 0xa21c0000, 0xb3140000)
  eden space 66560K, 100% used [0x9dbc0000,0xa1cc0000,0xa1cc0000)
  from space 2560K, 99% used [0xa1f40000,0xa21be198,0xa21c0000)
  to   space 2560K, 0% used [0xa1cc0000,0xa1cc0000,0xa1f40000)
 ParOldGen       total 43008K, used 14120K [0x73140000, 0x75b40000, 0x9dbc0000)
  object space 43008K, 32% used [0x73140000,0x73f0a380,0x75b40000)
 PSPermGen       total 16384K, used 4284K [0x6b140000, 0x6c140000, 0x73140000)
  object space 16384K, 26% used [0x6b140000,0x6b56f0b8,0x6c140000)
Event: 13.870 GC heap after
Heap after GC invocations=5 (full 0):
 PSYoungGen      total 69120K, used 2544K [0x9dbc0000, 0xa7d40000, 0xb3140000)
  eden space 66560K, 0% used [0x9dbc0000,0x9dbc0000,0xa1cc0000)
  from space 2560K, 99% used [0xa1cc0000,0xa1f3c138,0xa1f40000)
  to   space 16128K, 0% used [0xa6d80000,0xa6d80000,0xa7d40000)
 ParOldGen       total 43008K, used 24919K [0x73140000, 0x75b40000, 0x9dbc0000)
  object space 43008K, 57% used [0x73140000,0x74995f70,0x75b40000)
 PSPermGen       total 16384K, used 4284K [0x6b140000, 0x6c140000, 0x73140000)
  object space 16384K, 26% used [0x6b140000,0x6b56f0b8,0x6c140000)
}
Event: 18.431 GC heap before
{Heap before GC invocations=6 (full 0):
 PSYoungGen      total 69120K, used 69104K [0x9dbc0000, 0xa7d40000, 0xb3140000)
  eden space 66560K, 100% used [0x9dbc0000,0xa1cc0000,0xa1cc0000)
  from space 2560K, 99% used [0xa1cc0000,0xa1f3c138,0xa1f40000)
  to   space 16128K, 0% used [0xa6d80000,0xa6d80000,0xa7d40000)
 ParOldGen       total 43008K, used 24919K [0x73140000, 0x75b40000, 0x9dbc0000)
  object space 43008K, 57% used [0x73140000,0x74995f70,0x75b40000)
 PSPermGen       total 16384K, used 4300K [0x6b140000, 0x6c140000, 0x73140000)
  object space 16384K, 26% used [0x6b140000,0x6b573180,0x6c140000)
Event: 18.607 GC heap after
Heap after GC invocations=6 (full 0):
 PSYoungGen      total 147200K, used 13432K [0x9dbc0000, 0xa8140000, 0xb3140000)
  eden space 131072K, 0% used [0x9dbc0000,0x9dbc0000,0xa5bc0000)
  from space 16128K, 83% used [0xa6d80000,0xa7a9e118,0xa7d40000)
  to   space 18176K, 0% used [0xa5bc0000,0xa5bc0000,0xa6d80000)
 ParOldGen       total 43008K, used 24919K [0x73140000, 0x75b40000, 0x9dbc0000)
  object space 43008K, 57% used [0x73140000,0x74995f70,0x75b40000)
 PSPermGen       total 16384K, used 4300K [0x6b140000, 0x6c140000, 0x73140000)
  object space 16384K, 26% used [0x6b140000,0x6b573180,0x6c140000)
}
Event: 24.550 GC heap before
{Heap before GC invocations=7 (full 0):
 PSYoungGen      total 147200K, used 144504K [0x9dbc0000, 0xa8140000, 0xb3140000)
  eden space 131072K, 100% used [0x9dbc0000,0xa5bc0000,0xa5bc0000)
  from space 16128K, 83% used [0xa6d80000,0xa7a9e118,0xa7d40000)
  to   space 18176K, 0% used [0xa5bc0000,0xa5bc0000,0xa6d80000)
 ParOldGen       total 43008K, used 24919K [0x73140000, 0x75b40000, 0x9dbc0000)
  object space 43008K, 57% used [0x73140000,0x74995f70,0x75b40000)
 PSPermGen       total 16384K, used 4348K [0x6b140000, 0x6c140000, 0x73140000)
  object space 16384K, 26% used [0x6b140000,0x6b57f100,0x6c140000)

