# JRE version: OpenJDK Runtime Environment (7.0_91-b02) (build 1.7.0_91-b02)
# Java VM: OpenJDK Server VM (24.91-b01 mixed mode linux-x86 )
Heap
 PSYoungGen      total 259840K, used 44187K [0x9dbc0000, 0xb3140000, 0xb3140000)
  eden space 207360K, 0% used [0x9dbc0000,0x9dbc0000,0xaa640000)
  from space 52480K, 84% used [0xafe00000,0xb2926c30,0xb3140000)
  to   space 71168K, 0% used [0xaa640000,0xaa640000,0xaebc0000)
 ParOldGen       total 150016K, used 149875K [0x73140000, 0x7c3c0000, 0x9dbc0000)
  object space 150016K, 99% used [0x73140000,0x7c39cee0,0x7c3c0000)
 PSPermGen       total 16384K, used 4421K [0x6b140000, 0x6c140000, 0x73140000)
  object space 16384K, 26% used [0x6b140000,0x6b5916e0,0x6c140000)
GC Heap History (10 events):
Event: 10.103 GC heap after
Heap after GC invocations=12 (full 1):
 PSYoungGen      total 226816K, used 32511K [0x9dbc0000, 0xb3140000, 0xb3140000)
  eden space 194304K, 0% used [0x9dbc0000,0x9dbc0000,0xa9980000)
  from space 32512K, 99% used [0xa9980000,0xab93fcc0,0xab940000)
  to   space 43776K, 0% used [0xb0680000,0xb0680000,0xb3140000)
 ParOldGen       total 78080K, used 58648K [0x73140000, 0x77d80000, 0x9dbc0000)
  object space 78080K, 75% used [0x73140000,0x76a860a8,0x77d80000)
 PSPermGen       total 16384K, used 4393K [0x6b140000, 0x6c140000, 0x73140000)
  object space 16384K, 26% used [0x6b140000,0x6b58a6a0,0x6c140000)
}
Event: 11.135 GC heap before
{Heap before GC invocations=13 (full 1):
 PSYoungGen      total 226816K, used 226815K [0x9dbc0000, 0xb3140000, 0xb3140000)
  eden space 194304K, 100% used [0x9dbc0000,0xa9980000,0xa9980000)
  from space 32512K, 99% used [0xa9980000,0xab93fcc0,0xab940000)
  to   space 43776K, 0% used [0xb0680000,0xb0680000,0xb3140000)
 ParOldGen       total 78080K, used 58648K [0x73140000, 0x77d80000, 0x9dbc0000)
  object space 78080K, 75% used [0x73140000,0x76a860a8,0x77d80000)
 PSPermGen       total 16384K, used 4403K [0x6b140000, 0x6c140000, 0x73140000)
  object space 16384K, 26% used [0x6b140000,0x6b58cde0,0x6c140000)
Event: 11.346 GC heap after
Heap after GC invocations=13 (full 1):
 PSYoungGen      total 299776K, used 30835K [0x9dbc0000, 0xb3140000, 0xb3140000)
  eden space 256000K, 0% used [0x9dbc0000,0x9dbc0000,0xad5c0000)
  from space 43776K, 70% used [0xb0680000,0xb249cf38,0xb3140000)
  to   space 46848K, 0% used [0xad5c0000,0xad5c0000,0xb0380000)
 ParOldGen       total 89856K, used 89682K [0x73140000, 0x78900000, 0x9dbc0000)
  object space 89856K, 99% used [0x73140000,0x788d48c8,0x78900000)
 PSPermGen       total 16384K, used 4403K [0x6b140000, 0x6c140000, 0x73140000)
  object space 16384K, 26% used [0x6b140000,0x6b58cde0,0x6c140000)
}
Event: 11.346 GC heap before
{Heap before GC invocations=14 (full 2):
 PSYoungGen      total 299776K, used 30835K [0x9dbc0000, 0xb3140000, 0xb3140000)
  eden space 256000K, 0% used [0x9dbc0000,0x9dbc0000,0xad5c0000)
  from space 43776K, 70% used [0xb0680000,0xb249cf38,0xb3140000)
  to   space 46848K, 0% used [0xad5c0000,0xad5c0000,0xb0380000)
 ParOldGen       total 89856K, used 89682K [0x73140000, 0x78900000, 0x9dbc0000)
  object space 89856K, 99% used [0x73140000,0x788d48c8,0x78900000)
 PSPermGen       total 16384K, used 4403K [0x6b140000, 0x6c140000, 0x73140000)
  object space 16384K, 26% used [0x6b140000,0x6b58cde0,0x6c140000)
Event: 12.094 GC heap after
Heap after GC invocations=14 (full 2):
 PSYoungGen      total 299776K, used 28685K [0x9dbc0000, 0xb3140000, 0xb3140000)
  eden space 256000K, 0% used [0x9dbc0000,0x9dbc0000,0xad5c0000)
  from space 43776K, 65% used [0xb0680000,0xb22834e8,0xb3140000)
  to   space 46848K, 0% used [0xad5c0000,0xad5c0000,0xb0380000)
 ParOldGen       total 150016K, used 89847K [0x73140000, 0x7c3c0000, 0x9dbc0000)
  object space 150016K, 59% used [0x73140000,0x788fde78,0x7c3c0000)
 PSPermGen       total 16384K, used 4402K [0x6b140000, 0x6c140000, 0x73140000)
  object space 16384K, 26% used [0x6b140000,0x6b58cbd0,0x6c140000)
}
Event: 13.087 GC heap before
{Heap before GC invocations=15 (full 2):
 PSYoungGen      total 299776K, used 284685K [0x9dbc0000, 0xb3140000, 0xb3140000)
  eden space 256000K, 100% used [0x9dbc0000,0xad5c0000,0xad5c0000)
  from space 43776K, 65% used [0xb0680000,0xb22834e8,0xb3140000)
  to   space 46848K, 0% used [0xad5c0000,0xad5c0000,0xb0380000)
 ParOldGen       total 150016K, used 89847K [0x73140000, 0x7c3c0000, 0x9dbc0000)
  object space 150016K, 59% used [0x73140000,0x788fde78,0x7c3c0000)
 PSPermGen       total 16384K, used 4418K [0x6b140000, 0x6c140000, 0x73140000)
  object space 16384K, 26% used [0x6b140000,0x6b590b30,0x6c140000)
Event: 13.269 GC heap after
Heap after GC invocations=15 (full 2):
 PSYoungGen      total 296704K, used 40648K [0x9dbc0000, 0xb3140000, 0xb3140000)
  eden space 256000K, 0% used [0x9dbc0000,0x9dbc0000,0xad5c0000)
  from space 40704K, 99% used [0xad5c0000,0xafd723d0,0xafd80000)
  to   space 52480K, 0% used [0xafe00000,0xafe00000,0xb3140000)
 ParOldGen       total 150016K, used 117364K [0x73140000, 0x7c3c0000, 0x9dbc0000)
  object space 150016K, 78% used [0x73140000,0x7a3dd0c8,0x7c3c0000)
 PSPermGen       total 16384K, used 4418K [0x6b140000, 0x6c140000, 0x73140000)
  object space 16384K, 26% used [0x6b140000,0x6b590b30,0x6c140000)
}
Event: 14.035 GC heap before
{Heap before GC invocations=16 (full 2):
 PSYoungGen      total 296704K, used 296648K [0x9dbc0000, 0xb3140000, 0xb3140000)
  eden space 256000K, 100% used [0x9dbc0000,0xad5c0000,0xad5c0000)
  from space 40704K, 99% used [0xad5c0000,0xafd723d0,0xafd80000)
  to   space 52480K, 0% used [0xafe00000,0xafe00000,0xb3140000)
 ParOldGen       total 150016K, used 117364K [0x73140000, 0x7c3c0000, 0x9dbc0000)
  object space 150016K, 78% used [0x73140000,0x7a3dd0c8,0x7c3c0000)
 PSPermGen       total 16384K, used 4421K [0x6b140000, 0x6c140000, 0x73140000)
  object space 16384K, 26% used [0x6b140000,0x6b591770,0x6c140000)
Event: 14.427 GC heap after
Heap after GC invocations=16 (full 2):
 PSYoungGen      total 259840K, used 52474K [0x9dbc0000, 0xb3140000, 0xb3140000)
  eden space 207360K, 0% used [0x9dbc0000,0x9dbc0000,0xaa640000)
  from space 52480K, 99% used [0xafe00000,0xb313ebf0,0xb3140000)
  to   space 71168K, 0% used [0xaa640000,0xaa640000,0xaebc0000)
 ParOldGen       total 150016K, used 143527K [0x73140000, 0x7c3c0000, 0x9dbc0000)
  object space 150016K, 95% used [0x73140000,0x7bd69e30,0x7c3c0000)
 PSPermGen       total 16384K, used 4421K [0x6b140000, 0x6c140000, 0x73140000)
  object space 16384K, 26% used [0x6b140000,0x6b591770,0x6c140000)
}
Event: 14.761 GC heap before
{Heap before GC invocations=17 (full 3):
 PSYoungGen      total 259840K, used 52474K [0x9dbc0000, 0xb3140000, 0xb3140000)
  eden space 207360K, 0% used [0x9dbc0000,0x9dbc0000,0xaa640000)
  from space 52480K, 99% used [0xafe00000,0xb313ebf0,0xb3140000)
  to   space 71168K, 0% used [0xaa640000,0xaa640000,0xaebc0000)
 ParOldGen       total 150016K, used 143527K [0x73140000, 0x7c3c0000, 0x9dbc0000)
  object space 150016K, 95% used [0x73140000,0x7bd69e30,0x7c3c0000)
 PSPermGen       total 16384K, used 4421K [0x6b140000, 0x6c140000, 0x73140000)
  object space 16384K, 26% used [0x6b140000,0x6b591770,0x6c140000)

