# JRE version: OpenJDK Runtime Environment (7.0_91-b02) (build 1.7.0_91-b02)
# Java VM: OpenJDK Server VM (24.91-b01 mixed mode linux-x86 )
Heap
 PSYoungGen      total 69120K, used 2549K [0x9dc40000, 0xa2240000, 0xb31c0000)
  eden space 66560K, 0% used [0x9dc40000,0x9dc40000,0xa1d40000)
  from space 2560K, 99% used [0xa1d40000,0xa1fbd720,0xa1fc0000)
  to   space 2560K, 0% used [0xa1fc0000,0xa1fc0000,0xa2240000)
 ParOldGen       total 43008K, used 23305K [0x731c0000, 0x75bc0000, 0x9dc40000)
  object space 43008K, 54% used [0x731c0000,0x74882608,0x75bc0000)
 PSPermGen       total 16384K, used 4278K [0x6b1c0000, 0x6c1c0000, 0x731c0000)
  object space 16384K, 26% used [0x6b1c0000,0x6b5edb08,0x6c1c0000)
GC Heap History (9 events):
Event: 0.832 GC heap before
{Heap before GC invocations=1 (full 0):
 PSYoungGen      total 19200K, used 16640K [0x9dc40000, 0x9f180000, 0xb31c0000)
  eden space 16640K, 100% used [0x9dc40000,0x9ec80000,0x9ec80000)
  from space 2560K, 0% used [0x9ef00000,0x9ef00000,0x9f180000)
  to   space 2560K, 0% used [0x9ec80000,0x9ec80000,0x9ef00000)
 ParOldGen       total 43008K, used 0K [0x731c0000, 0x75bc0000, 0x9dc40000)
  object space 43008K, 0% used [0x731c0000,0x731c0000,0x75bc0000)
 PSPermGen       total 16384K, used 3036K [0x6b1c0000, 0x6c1c0000, 0x731c0000)
  object space 16384K, 18% used [0x6b1c0000,0x6b4b7060,0x6c1c0000)
Event: 0.848 GC heap after
Heap after GC invocations=1 (full 0):
 PSYoungGen      total 19200K, used 1186K [0x9dc40000, 0xa01c0000, 0xb31c0000)
  eden space 16640K, 0% used [0x9dc40000,0x9dc40000,0x9ec80000)
  from space 2560K, 46% used [0x9ec80000,0x9eda89f8,0x9ef00000)
  to   space 2560K, 0% used [0x9ff40000,0x9ff40000,0xa01c0000)
 ParOldGen       total 43008K, used 0K [0x731c0000, 0x75bc0000, 0x9dc40000)
  object space 43008K, 0% used [0x731c0000,0x731c0000,0x75bc0000)
 PSPermGen       total 16384K, used 3036K [0x6b1c0000, 0x6c1c0000, 0x731c0000)
  object space 16384K, 18% used [0x6b1c0000,0x6b4b7060,0x6c1c0000)
}
Event: 2.412 GC heap before
{Heap before GC invocations=2 (full 0):
 PSYoungGen      total 19200K, used 17826K [0x9dc40000, 0xa01c0000, 0xb31c0000)
  eden space 16640K, 100% used [0x9dc40000,0x9ec80000,0x9ec80000)
  from space 2560K, 46% used [0x9ec80000,0x9eda89f8,0x9ef00000)
  to   space 2560K, 0% used [0x9ff40000,0x9ff40000,0xa01c0000)
 ParOldGen       total 43008K, used 0K [0x731c0000, 0x75bc0000, 0x9dc40000)
  object space 43008K, 0% used [0x731c0000,0x731c0000,0x75bc0000)
 PSPermGen       total 16384K, used 4125K [0x6b1c0000, 0x6c1c0000, 0x731c0000)
  object space 16384K, 25% used [0x6b1c0000,0x6b5c7570,0x6c1c0000)
Event: 2.444 GC heap after
Heap after GC invocations=2 (full 0):
 PSYoungGen      total 35840K, used 2549K [0x9dc40000, 0xa01c0000, 0xb31c0000)
  eden space 33280K, 0% used [0x9dc40000,0x9dc40000,0x9fcc0000)
  from space 2560K, 99% used [0x9ff40000,0xa01bd480,0xa01c0000)
  to   space 2560K, 0% used [0x9fcc0000,0x9fcc0000,0x9ff40000)
 ParOldGen       total 43008K, used 1819K [0x731c0000, 0x75bc0000, 0x9dc40000)
  object space 43008K, 4% used [0x731c0000,0x73386ec8,0x75bc0000)
 PSPermGen       total 16384K, used 4125K [0x6b1c0000, 0x6c1c0000, 0x731c0000)
  object space 16384K, 25% used [0x6b1c0000,0x6b5c7570,0x6c1c0000)
}
Event: 4.436 GC heap before
{Heap before GC invocations=3 (full 0):
 PSYoungGen      total 35840K, used 35829K [0x9dc40000, 0xa01c0000, 0xb31c0000)
  eden space 33280K, 100% used [0x9dc40000,0x9fcc0000,0x9fcc0000)
  from space 2560K, 99% used [0x9ff40000,0xa01bd480,0xa01c0000)
  to   space 2560K, 0% used [0x9fcc0000,0x9fcc0000,0x9ff40000)
 ParOldGen       total 43008K, used 1819K [0x731c0000, 0x75bc0000, 0x9dc40000)
  object space 43008K, 4% used [0x731c0000,0x73386ec8,0x75bc0000)
 PSPermGen       total 16384K, used 4227K [0x6b1c0000, 0x6c1c0000, 0x731c0000)
  object space 16384K, 25% used [0x6b1c0000,0x6b5e0c48,0x6c1c0000)
Event: 4.572 GC heap after
Heap after GC invocations=3 (full 0):
 PSYoungGen      total 35840K, used 2559K [0x9dc40000, 0xa2240000, 0xb31c0000)
  eden space 33280K, 0% used [0x9dc40000,0x9dc40000,0x9fcc0000)
  from space 2560K, 99% used [0x9fcc0000,0x9ff3ffb0,0x9ff40000)
  to   space 2560K, 0% used [0xa1fc0000,0xa1fc0000,0xa2240000)
 ParOldGen       total 43008K, used 7154K [0x731c0000, 0x75bc0000, 0x9dc40000)
  object space 43008K, 16% used [0x731c0000,0x738bc8c0,0x75bc0000)
 PSPermGen       total 16384K, used 4227K [0x6b1c0000, 0x6c1c0000, 0x731c0000)
  object space 16384K, 25% used [0x6b1c0000,0x6b5e0c48,0x6c1c0000)
}
Event: 10.443 GC heap before
{Heap before GC invocations=4 (full 0):
 PSYoungGen      total 35840K, used 35839K [0x9dc40000, 0xa2240000, 0xb31c0000)
  eden space 33280K, 100% used [0x9dc40000,0x9fcc0000,0x9fcc0000)
  from space 2560K, 99% used [0x9fcc0000,0x9ff3ffb0,0x9ff40000)
  to   space 2560K, 0% used [0xa1fc0000,0xa1fc0000,0xa2240000)
 ParOldGen       total 43008K, used 7154K [0x731c0000, 0x75bc0000, 0x9dc40000)
  object space 43008K, 16% used [0x731c0000,0x738bc8c0,0x75bc0000)
 PSPermGen       total 16384K, used 4254K [0x6b1c0000, 0x6c1c0000, 0x731c0000)
  object space 16384K, 25% used [0x6b1c0000,0x6b5e7a90,0x6c1c0000)
Event: 10.521 GC heap after
Heap after GC invocations=4 (full 0):
 PSYoungGen      total 69120K, used 2548K [0x9dc40000, 0xa2240000, 0xb31c0000)
  eden space 66560K, 0% used [0x9dc40000,0x9dc40000,0xa1d40000)
  from space 2560K, 99% used [0xa1fc0000,0xa223d068,0xa2240000)
  to   space 2560K, 0% used [0xa1d40000,0xa1d40000,0xa1fc0000)
 ParOldGen       total 43008K, used 12260K [0x731c0000, 0x75bc0000, 0x9dc40000)
  object space 43008K, 28% used [0x731c0000,0x73db90b0,0x75bc0000)
 PSPermGen       total 16384K, used 4254K [0x6b1c0000, 0x6c1c0000, 0x731c0000)
  object space 16384K, 25% used [0x6b1c0000,0x6b5e7a90,0x6c1c0000)
}
Event: 17.099 GC heap before
{Heap before GC invocations=5 (full 0):
 PSYoungGen      total 69120K, used 69108K [0x9dc40000, 0xa2240000, 0xb31c0000)
  eden space 66560K, 100% used [0x9dc40000,0xa1d40000,0xa1d40000)
  from space 2560K, 99% used [0xa1fc0000,0xa223d068,0xa2240000)
  to   space 2560K, 0% used [0xa1d40000,0xa1d40000,0xa1fc0000)
 ParOldGen       total 43008K, used 12260K [0x731c0000, 0x75bc0000, 0x9dc40000)
  object space 43008K, 28% used [0x731c0000,0x73db90b0,0x75bc0000)
 PSPermGen       total 16384K, used 4278K [0x6b1c0000, 0x6c1c0000, 0x731c0000)
  object space 16384K, 26% used [0x6b1c0000,0x6b5edb08,0x6c1c0000)

