# JRE version: OpenJDK Runtime Environment (7.0_91-b02) (build 1.7.0_91-b02)
# Java VM: OpenJDK Server VM (24.91-b01 mixed mode linux-x86 )
Heap
 PSYoungGen      total 149248K, used 18427K [0x9db40000, 0xa8140000, 0xb30c0000)
  eden space 130816K, 0% used [0x9db40000,0x9db40000,0xa5b00000)
  from space 18432K, 99% used [0xa5b00000,0xa6cfec50,0xa6d00000)
  to   space 16128K, 0% used [0xa6d00000,0xa6d00000,0xa7cc0000)
 ParOldGen       total 43008K, used 39208K [0x730c0000, 0x75ac0000, 0x9db40000)
  object space 43008K, 91% used [0x730c0000,0x7570a140,0x75ac0000)
 PSPermGen       total 16384K, used 4349K [0x6b0c0000, 0x6c0c0000, 0x730c0000)
  object space 16384K, 26% used [0x6b0c0000,0x6b4ff760,0x6c0c0000)
GC Heap History (10 events):
Event: 2.111 GC heap after
Heap after GC invocations=2 (full 0):
 PSYoungGen      total 35840K, used 2547K [0x9db40000, 0xa00c0000, 0xb30c0000)
  eden space 33280K, 0% used [0x9db40000,0x9db40000,0x9fbc0000)
  from space 2560K, 99% used [0x9fe40000,0xa00bcca0,0xa00c0000)
  to   space 2560K, 0% used [0x9fbc0000,0x9fbc0000,0x9fe40000)
 ParOldGen       total 43008K, used 1863K [0x730c0000, 0x75ac0000, 0x9db40000)
  object space 43008K, 4% used [0x730c0000,0x73291d80,0x75ac0000)
 PSPermGen       total 16384K, used 4120K [0x6b0c0000, 0x6c0c0000, 0x730c0000)
  object space 16384K, 25% used [0x6b0c0000,0x6b4c63d8,0x6c0c0000)
}
Event: 5.236 GC heap before
{Heap before GC invocations=3 (full 0):
 PSYoungGen      total 35840K, used 35827K [0x9db40000, 0xa00c0000, 0xb30c0000)
  eden space 33280K, 100% used [0x9db40000,0x9fbc0000,0x9fbc0000)
  from space 2560K, 99% used [0x9fe40000,0xa00bcca0,0xa00c0000)
  to   space 2560K, 0% used [0x9fbc0000,0x9fbc0000,0x9fe40000)
 ParOldGen       total 43008K, used 1863K [0x730c0000, 0x75ac0000, 0x9db40000)
  object space 43008K, 4% used [0x730c0000,0x73291d80,0x75ac0000)
 PSPermGen       total 16384K, used 4232K [0x6b0c0000, 0x6c0c0000, 0x730c0000)
  object space 16384K, 25% used [0x6b0c0000,0x6b4e22a8,0x6c0c0000)
Event: 5.339 GC heap after
Heap after GC invocations=3 (full 0):
 PSYoungGen      total 35840K, used 2555K [0x9db40000, 0xa2140000, 0xb30c0000)
  eden space 33280K, 0% used [0x9db40000,0x9db40000,0x9fbc0000)
  from space 2560K, 99% used [0x9fbc0000,0x9fe3ef00,0x9fe40000)
  to   space 2560K, 0% used [0xa1ec0000,0xa1ec0000,0xa2140000)
 ParOldGen       total 43008K, used 7487K [0x730c0000, 0x75ac0000, 0x9db40000)
  object space 43008K, 17% used [0x730c0000,0x7380fc50,0x75ac0000)
 PSPermGen       total 16384K, used 4232K [0x6b0c0000, 0x6c0c0000, 0x730c0000)
  object space 16384K, 25% used [0x6b0c0000,0x6b4e22a8,0x6c0c0000)
}
Event: 8.372 GC heap before
{Heap before GC invocations=4 (full 0):
 PSYoungGen      total 35840K, used 35835K [0x9db40000, 0xa2140000, 0xb30c0000)
  eden space 33280K, 100% used [0x9db40000,0x9fbc0000,0x9fbc0000)
  from space 2560K, 99% used [0x9fbc0000,0x9fe3ef00,0x9fe40000)
  to   space 2560K, 0% used [0xa1ec0000,0xa1ec0000,0xa2140000)
 ParOldGen       total 43008K, used 7487K [0x730c0000, 0x75ac0000, 0x9db40000)
  object space 43008K, 17% used [0x730c0000,0x7380fc50,0x75ac0000)
 PSPermGen       total 16384K, used 4257K [0x6b0c0000, 0x6c0c0000, 0x730c0000)
  object space 16384K, 25% used [0x6b0c0000,0x6b4e8648,0x6c0c0000)
Event: 8.517 GC heap after
Heap after GC invocations=4 (full 0):
 PSYoungGen      total 69120K, used 2549K [0x9db40000, 0xa2140000, 0xb30c0000)
  eden space 66560K, 0% used [0x9db40000,0x9db40000,0xa1c40000)
  from space 2560K, 99% used [0xa1ec0000,0xa213d558,0xa2140000)
  to   space 2560K, 0% used [0xa1c40000,0xa1c40000,0xa1ec0000)
 ParOldGen       total 43008K, used 14071K [0x730c0000, 0x75ac0000, 0x9db40000)
  object space 43008K, 32% used [0x730c0000,0x73e7dc20,0x75ac0000)
 PSPermGen       total 16384K, used 4257K [0x6b0c0000, 0x6c0c0000, 0x730c0000)
  object space 16384K, 25% used [0x6b0c0000,0x6b4e8648,0x6c0c0000)
}
Event: 14.555 GC heap before
{Heap before GC invocations=5 (full 0):
 PSYoungGen      total 69120K, used 69109K [0x9db40000, 0xa2140000, 0xb30c0000)
  eden space 66560K, 100% used [0x9db40000,0xa1c40000,0xa1c40000)
  from space 2560K, 99% used [0xa1ec0000,0xa213d558,0xa2140000)
  to   space 2560K, 0% used [0xa1c40000,0xa1c40000,0xa1ec0000)
 ParOldGen       total 43008K, used 14071K [0x730c0000, 0x75ac0000, 0x9db40000)
  object space 43008K, 32% used [0x730c0000,0x73e7dc20,0x75ac0000)
 PSPermGen       total 16384K, used 4285K [0x6b0c0000, 0x6c0c0000, 0x730c0000)
  object space 16384K, 26% used [0x6b0c0000,0x6b4ef460,0x6c0c0000)
Event: 14.737 GC heap after
Heap after GC invocations=5 (full 0):
 PSYoungGen      total 69120K, used 2545K [0x9db40000, 0xa7cc0000, 0xb30c0000)
  eden space 66560K, 0% used [0x9db40000,0x9db40000,0xa1c40000)
  from space 2560K, 99% used [0xa1c40000,0xa1ebc4a0,0xa1ec0000)
  to   space 16128K, 0% used [0xa6d00000,0xa6d00000,0xa7cc0000)
 ParOldGen       total 43008K, used 24812K [0x730c0000, 0x75ac0000, 0x9db40000)
  object space 43008K, 57% used [0x730c0000,0x748fb020,0x75ac0000)
 PSPermGen       total 16384K, used 4285K [0x6b0c0000, 0x6c0c0000, 0x730c0000)
  object space 16384K, 26% used [0x6b0c0000,0x6b4ef460,0x6c0c0000)
}
Event: 18.544 GC heap before
{Heap before GC invocations=6 (full 0):
 PSYoungGen      total 69120K, used 69105K [0x9db40000, 0xa7cc0000, 0xb30c0000)
  eden space 66560K, 100% used [0x9db40000,0xa1c40000,0xa1c40000)
  from space 2560K, 99% used [0xa1c40000,0xa1ebc4a0,0xa1ec0000)
  to   space 16128K, 0% used [0xa6d00000,0xa6d00000,0xa7cc0000)
 ParOldGen       total 43008K, used 24812K [0x730c0000, 0x75ac0000, 0x9db40000)
  object space 43008K, 57% used [0x730c0000,0x748fb020,0x75ac0000)
 PSPermGen       total 16384K, used 4302K [0x6b0c0000, 0x6c0c0000, 0x730c0000)
  object space 16384K, 26% used [0x6b0c0000,0x6b4f3b00,0x6c0c0000)
Event: 18.688 GC heap after
Heap after GC invocations=6 (full 0):
 PSYoungGen      total 146944K, used 13652K [0x9db40000, 0xa8140000, 0xb30c0000)
  eden space 130816K, 0% used [0x9db40000,0x9db40000,0xa5b00000)
  from space 16128K, 84% used [0xa6d00000,0xa7a55138,0xa7cc0000)
  to   space 18432K, 0% used [0xa5b00000,0xa5b00000,0xa6d00000)
 ParOldGen       total 43008K, used 24812K [0x730c0000, 0x75ac0000, 0x9db40000)
  object space 43008K, 57% used [0x730c0000,0x748fb020,0x75ac0000)
 PSPermGen       total 16384K, used 4302K [0x6b0c0000, 0x6c0c0000, 0x730c0000)
  object space 16384K, 26% used [0x6b0c0000,0x6b4f3b00,0x6c0c0000)
}
Event: 25.188 GC heap before
{Heap before GC invocations=7 (full 0):
 PSYoungGen      total 146944K, used 144468K [0x9db40000, 0xa8140000, 0xb30c0000)
  eden space 130816K, 100% used [0x9db40000,0xa5b00000,0xa5b00000)
  from space 16128K, 84% used [0xa6d00000,0xa7a55138,0xa7cc0000)
  to   space 18432K, 0% used [0xa5b00000,0xa5b00000,0xa6d00000)
 ParOldGen       total 43008K, used 24812K [0x730c0000, 0x75ac0000, 0x9db40000)
  object space 43008K, 57% used [0x730c0000,0x748fb020,0x75ac0000)
 PSPermGen       total 16384K, used 4349K [0x6b0c0000, 0x6c0c0000, 0x730c0000)
  object space 16384K, 26% used [0x6b0c0000,0x6b4ff760,0x6c0c0000)

