# JRE version: OpenJDK Runtime Environment (7.0_91-b02) (build 1.7.0_91-b02)
# Java VM: OpenJDK Server VM (24.91-b01 mixed mode linux-x86 )
Heap
 PSYoungGen      total 75520K, used 9977K [0x9dbc0000, 0xa3040000, 0xb3140000)
  eden space 65536K, 0% used [0x9dbc0000,0x9dbc0000,0xa1bc0000)
  from space 9984K, 99% used [0xa1bc0000,0xa257e680,0xa2580000)
  to   space 8960K, 0% used [0xa2580000,0xa2580000,0xa2e40000)
 ParOldGen       total 43008K, used 19716K [0x73140000, 0x75b40000, 0x9dbc0000)
  object space 43008K, 45% used [0x73140000,0x744812b0,0x75b40000)
 PSPermGen       total 16384K, used 4297K [0x6b140000, 0x6c140000, 0x73140000)
  object space 16384K, 26% used [0x6b140000,0x6b5725b8,0x6c140000)
GC Heap History (10 events):
Event: 3.718 GC heap after
Heap after GC invocations=2 (full 0):
 PSYoungGen      total 19200K, used 2549K [0x9dbc0000, 0xa0140000, 0xb3140000)
  eden space 16640K, 0% used [0x9dbc0000,0x9dbc0000,0x9ec00000)
  from space 2560K, 99% used [0x9ee80000,0x9f0fd4b0,0x9f100000)
  to   space 2560K, 0% used [0x9ec00000,0x9ec00000,0x9ee80000)
 ParOldGen       total 43008K, used 1729K [0x73140000, 0x75b40000, 0x9dbc0000)
  object space 43008K, 4% used [0x73140000,0x732f05f8,0x75b40000)
 PSPermGen       total 16384K, used 4164K [0x6b140000, 0x6c140000, 0x73140000)
  object space 16384K, 25% used [0x6b140000,0x6b551280,0x6c140000)
}
Event: 5.145 GC heap before
{Heap before GC invocations=3 (full 0):
 PSYoungGen      total 19200K, used 19189K [0x9dbc0000, 0xa0140000, 0xb3140000)
  eden space 16640K, 100% used [0x9dbc0000,0x9ec00000,0x9ec00000)
  from space 2560K, 99% used [0x9ee80000,0x9f0fd4b0,0x9f100000)
  to   space 2560K, 0% used [0x9ec00000,0x9ec00000,0x9ee80000)
 ParOldGen       total 43008K, used 1729K [0x73140000, 0x75b40000, 0x9dbc0000)
  object space 43008K, 4% used [0x73140000,0x732f05f8,0x75b40000)
 PSPermGen       total 16384K, used 4216K [0x6b140000, 0x6c140000, 0x73140000)
  object space 16384K, 25% used [0x6b140000,0x6b55e0c8,0x6c140000)
Event: 5.207 GC heap after
Heap after GC invocations=3 (full 0):
 PSYoungGen      total 19200K, used 2559K [0x9dbc0000, 0xa0140000, 0xb3140000)
  eden space 16640K, 0% used [0x9dbc0000,0x9dbc0000,0x9ec00000)
  from space 2560K, 99% used [0x9ec00000,0x9ee7fff0,0x9ee80000)
  to   space 2560K, 0% used [0x9fec0000,0x9fec0000,0xa0140000)
 ParOldGen       total 43008K, used 4439K [0x73140000, 0x75b40000, 0x9dbc0000)
  object space 43008K, 10% used [0x73140000,0x73595c20,0x75b40000)
 PSPermGen       total 16384K, used 4216K [0x6b140000, 0x6c140000, 0x73140000)
  object space 16384K, 25% used [0x6b140000,0x6b55e0c8,0x6c140000)
}
Event: 6.992 GC heap before
{Heap before GC invocations=4 (full 0):
 PSYoungGen      total 19200K, used 19199K [0x9dbc0000, 0xa0140000, 0xb3140000)
  eden space 16640K, 100% used [0x9dbc0000,0x9ec00000,0x9ec00000)
  from space 2560K, 99% used [0x9ec00000,0x9ee7fff0,0x9ee80000)
  to   space 2560K, 0% used [0x9fec0000,0x9fec0000,0xa0140000)
 ParOldGen       total 43008K, used 4439K [0x73140000, 0x75b40000, 0x9dbc0000)
  object space 43008K, 10% used [0x73140000,0x73595c20,0x75b40000)
 PSPermGen       total 16384K, used 4240K [0x6b140000, 0x6c140000, 0x73140000)
  object space 16384K, 25% used [0x6b140000,0x6b5643f0,0x6c140000)
Event: 7.042 GC heap after
Heap after GC invocations=4 (full 0):
 PSYoungGen      total 35840K, used 2548K [0x9dbc0000, 0xa0140000, 0xb3140000)
  eden space 33280K, 0% used [0x9dbc0000,0x9dbc0000,0x9fc40000)
  from space 2560K, 99% used [0x9fec0000,0xa013d320,0xa0140000)
  to   space 2560K, 0% used [0x9fc40000,0x9fc40000,0x9fec0000)
 ParOldGen       total 43008K, used 7448K [0x73140000, 0x75b40000, 0x9dbc0000)
  object space 43008K, 17% used [0x73140000,0x738863e0,0x75b40000)
 PSPermGen       total 16384K, used 4240K [0x6b140000, 0x6c140000, 0x73140000)
  object space 16384K, 25% used [0x6b140000,0x6b5643f0,0x6c140000)
}
Event: 9.345 GC heap before
{Heap before GC invocations=5 (full 0):
 PSYoungGen      total 35840K, used 35828K [0x9dbc0000, 0xa0140000, 0xb3140000)
  eden space 33280K, 100% used [0x9dbc0000,0x9fc40000,0x9fc40000)
  from space 2560K, 99% used [0x9fec0000,0xa013d320,0xa0140000)
  to   space 2560K, 0% used [0x9fc40000,0x9fc40000,0x9fec0000)
 ParOldGen       total 43008K, used 7448K [0x73140000, 0x75b40000, 0x9dbc0000)
  object space 43008K, 17% used [0x73140000,0x738863e0,0x75b40000)
 PSPermGen       total 16384K, used 4262K [0x6b140000, 0x6c140000, 0x73140000)
  object space 16384K, 26% used [0x6b140000,0x6b569a40,0x6c140000)
Event: 9.427 GC heap after
Heap after GC invocations=5 (full 0):
 PSYoungGen      total 35840K, used 2554K [0x9dbc0000, 0xa2e40000, 0xb3140000)
  eden space 33280K, 0% used [0x9dbc0000,0x9dbc0000,0x9fc40000)
  from space 2560K, 99% used [0x9fc40000,0x9febea60,0x9fec0000)
  to   space 8960K, 0% used [0xa2580000,0xa2580000,0xa2e40000)
 ParOldGen       total 43008K, used 12814K [0x73140000, 0x75b40000, 0x9dbc0000)
  object space 43008K, 29% used [0x73140000,0x73dc3878,0x75b40000)
 PSPermGen       total 16384K, used 4262K [0x6b140000, 0x6c140000, 0x73140000)
  object space 16384K, 26% used [0x6b140000,0x6b569a40,0x6c140000)
}
Event: 11.537 GC heap before
{Heap before GC invocations=6 (full 0):
 PSYoungGen      total 35840K, used 35834K [0x9dbc0000, 0xa2e40000, 0xb3140000)
  eden space 33280K, 100% used [0x9dbc0000,0x9fc40000,0x9fc40000)
  from space 2560K, 99% used [0x9fc40000,0x9febea60,0x9fec0000)
  to   space 8960K, 0% used [0xa2580000,0xa2580000,0xa2e40000)
 ParOldGen       total 43008K, used 12814K [0x73140000, 0x75b40000, 0x9dbc0000)
  object space 43008K, 29% used [0x73140000,0x73dc3878,0x75b40000)
 PSPermGen       total 16384K, used 4272K [0x6b140000, 0x6c140000, 0x73140000)
  object space 16384K, 26% used [0x6b140000,0x6b56c168,0x6c140000)
Event: 11.985 GC heap after
Heap after GC invocations=6 (full 0):
 PSYoungGen      total 74496K, used 7891K [0x9dbc0000, 0xa3040000, 0xb3140000)
  eden space 65536K, 0% used [0x9dbc0000,0x9dbc0000,0xa1bc0000)
  from space 8960K, 88% used [0xa2580000,0xa2d34da0,0xa2e40000)
  to   space 9984K, 0% used [0xa1bc0000,0xa1bc0000,0xa2580000)
 ParOldGen       total 43008K, used 12814K [0x73140000, 0x75b40000, 0x9dbc0000)
  object space 43008K, 29% used [0x73140000,0x73dc3878,0x75b40000)
 PSPermGen       total 16384K, used 4272K [0x6b140000, 0x6c140000, 0x73140000)
  object space 16384K, 26% used [0x6b140000,0x6b56c168,0x6c140000)
}
Event: 17.136 GC heap before
{Heap before GC invocations=7 (full 0):
 PSYoungGen      total 74496K, used 73427K [0x9dbc0000, 0xa3040000, 0xb3140000)
  eden space 65536K, 100% used [0x9dbc0000,0xa1bc0000,0xa1bc0000)
  from space 8960K, 88% used [0xa2580000,0xa2d34da0,0xa2e40000)
  to   space 9984K, 0% used [0xa1bc0000,0xa1bc0000,0xa2580000)
 ParOldGen       total 43008K, used 12814K [0x73140000, 0x75b40000, 0x9dbc0000)
  object space 43008K, 29% used [0x73140000,0x73dc3878,0x75b40000)
 PSPermGen       total 16384K, used 4297K [0x6b140000, 0x6c140000, 0x73140000)
  object space 16384K, 26% used [0x6b140000,0x6b5725b8,0x6c140000)

