# JRE version: OpenJDK Runtime Environment (7.0_91-b02) (build 1.7.0_91-b02)
# Java VM: OpenJDK Server VM (24.91-b01 mixed mode linux-x86 )
Heap
 PSYoungGen      total 76032K, used 10737K [0x9dbc0000, 0xa31c0000, 0xb3140000)
  eden space 65280K, 0% used [0x9dbc0000,0x9dbc0000,0xa1b80000)
  from space 10752K, 99% used [0xa1b80000,0xa25fc4d8,0xa2600000)
  to   space 9472K, 0% used [0xa2600000,0xa2600000,0xa2f40000)
 ParOldGen       total 43008K, used 20207K [0x73140000, 0x75b40000, 0x9dbc0000)
  object space 43008K, 46% used [0x73140000,0x744fbd88,0x75b40000)
 PSPermGen       total 16384K, used 4295K [0x6b140000, 0x6c140000, 0x73140000)
  object space 16384K, 26% used [0x6b140000,0x6b571d08,0x6c140000)
GC Heap History (10 events):
Event: 2.443 GC heap after
Heap after GC invocations=2 (full 0):
 PSYoungGen      total 19200K, used 2559K [0x9dbc0000, 0xa0140000, 0xb3140000)
  eden space 16640K, 0% used [0x9dbc0000,0x9dbc0000,0x9ec00000)
  from space 2560K, 99% used [0x9ee80000,0x9f0ffef8,0x9f100000)
  to   space 2560K, 0% used [0x9ec00000,0x9ec00000,0x9ee80000)
 ParOldGen       total 43008K, used 1949K [0x73140000, 0x75b40000, 0x9dbc0000)
  object space 43008K, 4% used [0x73140000,0x73327408,0x75b40000)
 PSPermGen       total 16384K, used 4117K [0x6b140000, 0x6c140000, 0x73140000)
  object space 16384K, 25% used [0x6b140000,0x6b545738,0x6c140000)
}
Event: 3.877 GC heap before
{Heap before GC invocations=3 (full 0):
 PSYoungGen      total 19200K, used 19199K [0x9dbc0000, 0xa0140000, 0xb3140000)
  eden space 16640K, 100% used [0x9dbc0000,0x9ec00000,0x9ec00000)
  from space 2560K, 99% used [0x9ee80000,0x9f0ffef8,0x9f100000)
  to   space 2560K, 0% used [0x9ec00000,0x9ec00000,0x9ee80000)
 ParOldGen       total 43008K, used 1949K [0x73140000, 0x75b40000, 0x9dbc0000)
  object space 43008K, 4% used [0x73140000,0x73327408,0x75b40000)
 PSPermGen       total 16384K, used 4204K [0x6b140000, 0x6c140000, 0x73140000)
  object space 16384K, 25% used [0x6b140000,0x6b55b120,0x6c140000)
Event: 3.936 GC heap after
Heap after GC invocations=3 (full 0):
 PSYoungGen      total 19200K, used 2555K [0x9dbc0000, 0xa0140000, 0xb3140000)
  eden space 16640K, 0% used [0x9dbc0000,0x9dbc0000,0x9ec00000)
  from space 2560K, 99% used [0x9ec00000,0x9ee7ec78,0x9ee80000)
  to   space 2560K, 0% used [0x9fec0000,0x9fec0000,0xa0140000)
 ParOldGen       total 43008K, used 4751K [0x73140000, 0x75b40000, 0x9dbc0000)
  object space 43008K, 11% used [0x73140000,0x735e3c50,0x75b40000)
 PSPermGen       total 16384K, used 4204K [0x6b140000, 0x6c140000, 0x73140000)
  object space 16384K, 25% used [0x6b140000,0x6b55b120,0x6c140000)
}
Event: 5.370 GC heap before
{Heap before GC invocations=4 (full 0):
 PSYoungGen      total 19200K, used 19195K [0x9dbc0000, 0xa0140000, 0xb3140000)
  eden space 16640K, 100% used [0x9dbc0000,0x9ec00000,0x9ec00000)
  from space 2560K, 99% used [0x9ec00000,0x9ee7ec78,0x9ee80000)
  to   space 2560K, 0% used [0x9fec0000,0x9fec0000,0xa0140000)
 ParOldGen       total 43008K, used 4751K [0x73140000, 0x75b40000, 0x9dbc0000)
  object space 43008K, 11% used [0x73140000,0x735e3c50,0x75b40000)
 PSPermGen       total 16384K, used 4232K [0x6b140000, 0x6c140000, 0x73140000)
  object space 16384K, 25% used [0x6b140000,0x6b5623a0,0x6c140000)
Event: 5.424 GC heap after
Heap after GC invocations=4 (full 0):
 PSYoungGen      total 35840K, used 2545K [0x9dbc0000, 0xa0140000, 0xb3140000)
  eden space 33280K, 0% used [0x9dbc0000,0x9dbc0000,0x9fc40000)
  from space 2560K, 99% used [0x9fec0000,0xa013c718,0xa0140000)
  to   space 2560K, 0% used [0x9fc40000,0x9fc40000,0x9fec0000)
 ParOldGen       total 43008K, used 7433K [0x73140000, 0x75b40000, 0x9dbc0000)
  object space 43008K, 17% used [0x73140000,0x73882668,0x75b40000)
 PSPermGen       total 16384K, used 4232K [0x6b140000, 0x6c140000, 0x73140000)
  object space 16384K, 25% used [0x6b140000,0x6b5623a0,0x6c140000)
}
Event: 8.787 GC heap before
{Heap before GC invocations=5 (full 0):
 PSYoungGen      total 35840K, used 35825K [0x9dbc0000, 0xa0140000, 0xb3140000)
  eden space 33280K, 100% used [0x9dbc0000,0x9fc40000,0x9fc40000)
  from space 2560K, 99% used [0x9fec0000,0xa013c718,0xa0140000)
  to   space 2560K, 0% used [0x9fc40000,0x9fc40000,0x9fec0000)
 ParOldGen       total 43008K, used 7433K [0x73140000, 0x75b40000, 0x9dbc0000)
  object space 43008K, 17% used [0x73140000,0x73882668,0x75b40000)
 PSPermGen       total 16384K, used 4255K [0x6b140000, 0x6c140000, 0x73140000)
  object space 16384K, 25% used [0x6b140000,0x6b567ec0,0x6c140000)
Event: 8.873 GC heap after
Heap after GC invocations=5 (full 0):
 PSYoungGen      total 35840K, used 2553K [0x9dbc0000, 0xa2f40000, 0xb3140000)
  eden space 33280K, 0% used [0x9dbc0000,0x9dbc0000,0x9fc40000)
  from space 2560K, 99% used [0x9fc40000,0x9febe7d8,0x9fec0000)
  to   space 9472K, 0% used [0xa2600000,0xa2600000,0xa2f40000)
 ParOldGen       total 43008K, used 12537K [0x73140000, 0x75b40000, 0x9dbc0000)
  object space 43008K, 29% used [0x73140000,0x73d7e410,0x75b40000)
 PSPermGen       total 16384K, used 4255K [0x6b140000, 0x6c140000, 0x73140000)
  object space 16384K, 25% used [0x6b140000,0x6b567ec0,0x6c140000)
}
Event: 12.350 GC heap before
{Heap before GC invocations=6 (full 0):
 PSYoungGen      total 35840K, used 35833K [0x9dbc0000, 0xa2f40000, 0xb3140000)
  eden space 33280K, 100% used [0x9dbc0000,0x9fc40000,0x9fc40000)
  from space 2560K, 99% used [0x9fc40000,0x9febe7d8,0x9fec0000)
  to   space 9472K, 0% used [0xa2600000,0xa2600000,0xa2f40000)
 ParOldGen       total 43008K, used 12537K [0x73140000, 0x75b40000, 0x9dbc0000)
  object space 43008K, 29% used [0x73140000,0x73d7e410,0x75b40000)
 PSPermGen       total 16384K, used 4266K [0x6b140000, 0x6c140000, 0x73140000)
  object space 16384K, 26% used [0x6b140000,0x6b56a9f0,0x6c140000)
Event: 12.487 GC heap after
Heap after GC invocations=6 (full 0):
 PSYoungGen      total 74752K, used 8309K [0x9dbc0000, 0xa31c0000, 0xb3140000)
  eden space 65280K, 0% used [0x9dbc0000,0x9dbc0000,0xa1b80000)
  from space 9472K, 87% used [0xa2600000,0xa2e1d6d8,0xa2f40000)
  to   space 10752K, 0% used [0xa1b80000,0xa1b80000,0xa2600000)
 ParOldGen       total 43008K, used 12537K [0x73140000, 0x75b40000, 0x9dbc0000)
  object space 43008K, 29% used [0x73140000,0x73d7e410,0x75b40000)
 PSPermGen       total 16384K, used 4266K [0x6b140000, 0x6c140000, 0x73140000)
  object space 16384K, 26% used [0x6b140000,0x6b56a9f0,0x6c140000)
}
Event: 19.015 GC heap before
{Heap before GC invocations=7 (full 0):
 PSYoungGen      total 74752K, used 73589K [0x9dbc0000, 0xa31c0000, 0xb3140000)
  eden space 65280K, 100% used [0x9dbc0000,0xa1b80000,0xa1b80000)
  from space 9472K, 87% used [0xa2600000,0xa2e1d6d8,0xa2f40000)
  to   space 10752K, 0% used [0xa1b80000,0xa1b80000,0xa2600000)
 ParOldGen       total 43008K, used 12537K [0x73140000, 0x75b40000, 0x9dbc0000)
  object space 43008K, 29% used [0x73140000,0x73d7e410,0x75b40000)
 PSPermGen       total 16384K, used 4295K [0x6b140000, 0x6c140000, 0x73140000)
  object space 16384K, 26% used [0x6b140000,0x6b571d08,0x6c140000)

