# JRE version: OpenJDK Runtime Environment (7.0_91-b02) (build 1.7.0_91-b02)
# Java VM: OpenJDK Server VM (24.91-b01 mixed mode linux-x86 )
Heap
 PSYoungGen      total 74240K, used 50244K [0x9dbc0000, 0xa33c0000, 0xb3140000)
  eden space 64512K, 63% used [0x9dbc0000,0xa03ae210,0xa1ac0000)
  from space 9728K, 99% used [0xa2640000,0xa2fbff58,0xa2fc0000)
  to   space 11776K, 0% used [0xa1ac0000,0xa1ac0000,0xa2640000)
 ParOldGen       total 43008K, used 15744K [0x73140000, 0x75b40000, 0x9dbc0000)
  object space 43008K, 36% used [0x73140000,0x740a0118,0x75b40000)
 PSPermGen       total 16384K, used 4296K [0x6b140000, 0x6c140000, 0x73140000)
  object space 16384K, 26% used [0x6b140000,0x6b5721d8,0x6c140000)
GC Heap History (10 events):
Event: 9.918 GC heap before
{Heap before GC invocations=4 (full 0):
 PSYoungGen      total 19200K, used 19187K [0x9dbc0000, 0x9f100000, 0xb3140000)
  eden space 16640K, 100% used [0x9dbc0000,0x9ec00000,0x9ec00000)
  from space 2560K, 99% used [0x9ec00000,0x9ee7cd68,0x9ee80000)
  to   space 2560K, 0% used [0x9ee80000,0x9ee80000,0x9f100000)
 ParOldGen       total 43008K, used 4370K [0x73140000, 0x75b40000, 0x9dbc0000)
  object space 43008K, 10% used [0x73140000,0x73584a70,0x75b40000)
 PSPermGen       total 16384K, used 4234K [0x6b140000, 0x6c140000, 0x73140000)
  object space 16384K, 25% used [0x6b140000,0x6b562b60,0x6c140000)
Event: 9.966 GC heap after
Heap after GC invocations=4 (full 0):
 PSYoungGen      total 19200K, used 2558K [0x9dbc0000, 0xa0140000, 0xb3140000)
  eden space 16640K, 0% used [0x9dbc0000,0x9dbc0000,0x9ec00000)
  from space 2560K, 99% used [0x9ee80000,0x9f0ff8d8,0x9f100000)
  to   space 2560K, 0% used [0x9ec00000,0x9ec00000,0x9ee80000)
 ParOldGen       total 43008K, used 7505K [0x73140000, 0x75b40000, 0x9dbc0000)
  object space 43008K, 17% used [0x73140000,0x738945e0,0x75b40000)
 PSPermGen       total 16384K, used 4234K [0x6b140000, 0x6c140000, 0x73140000)
  object space 16384K, 25% used [0x6b140000,0x6b562b60,0x6c140000)
}
Event: 11.609 GC heap before
{Heap before GC invocations=5 (full 0):
 PSYoungGen      total 19200K, used 19198K [0x9dbc0000, 0xa0140000, 0xb3140000)
  eden space 16640K, 100% used [0x9dbc0000,0x9ec00000,0x9ec00000)
  from space 2560K, 99% used [0x9ee80000,0x9f0ff8d8,0x9f100000)
  to   space 2560K, 0% used [0x9ec00000,0x9ec00000,0x9ee80000)
 ParOldGen       total 43008K, used 7505K [0x73140000, 0x75b40000, 0x9dbc0000)
  object space 43008K, 17% used [0x73140000,0x738945e0,0x75b40000)
 PSPermGen       total 16384K, used 4245K [0x6b140000, 0x6c140000, 0x73140000)
  object space 16384K, 25% used [0x6b140000,0x6b565678,0x6c140000)
Event: 11.688 GC heap after
Heap after GC invocations=5 (full 0):
 PSYoungGen      total 19200K, used 2546K [0x9dbc0000, 0xa09c0000, 0xb3140000)
  eden space 16640K, 0% used [0x9dbc0000,0x9dbc0000,0x9ec00000)
  from space 2560K, 99% used [0x9ec00000,0x9ee7cb78,0x9ee80000)
  to   space 6912K, 0% used [0xa0300000,0xa0300000,0xa09c0000)
 ParOldGen       total 43008K, used 10349K [0x73140000, 0x75b40000, 0x9dbc0000)
  object space 43008K, 24% used [0x73140000,0x73b5b6c0,0x75b40000)
 PSPermGen       total 16384K, used 4245K [0x6b140000, 0x6c140000, 0x73140000)
  object space 16384K, 25% used [0x6b140000,0x6b565678,0x6c140000)
}
Event: 13.267 GC heap before
{Heap before GC invocations=6 (full 0):
 PSYoungGen      total 19200K, used 19186K [0x9dbc0000, 0xa09c0000, 0xb3140000)
  eden space 16640K, 100% used [0x9dbc0000,0x9ec00000,0x9ec00000)
  from space 2560K, 99% used [0x9ec00000,0x9ee7cb78,0x9ee80000)
  to   space 6912K, 0% used [0xa0300000,0xa0300000,0xa09c0000)
 ParOldGen       total 43008K, used 10349K [0x73140000, 0x75b40000, 0x9dbc0000)
  object space 43008K, 24% used [0x73140000,0x73b5b6c0,0x75b40000)
 PSPermGen       total 16384K, used 4261K [0x6b140000, 0x6c140000, 0x73140000)
  object space 16384K, 26% used [0x6b140000,0x6b5694f0,0x6c140000)
Event: 13.398 GC heap after
Heap after GC invocations=6 (full 0):
 PSYoungGen      total 40192K, used 5466K [0x9dbc0000, 0xa09c0000, 0xb3140000)
  eden space 33280K, 0% used [0x9dbc0000,0x9dbc0000,0x9fc40000)
  from space 6912K, 79% used [0xa0300000,0xa08568b8,0xa09c0000)
  to   space 6912K, 0% used [0x9fc40000,0x9fc40000,0xa0300000)
 ParOldGen       total 43008K, used 10349K [0x73140000, 0x75b40000, 0x9dbc0000)
  object space 43008K, 24% used [0x73140000,0x73b5b6c0,0x75b40000)
 PSPermGen       total 16384K, used 4261K [0x6b140000, 0x6c140000, 0x73140000)
  object space 16384K, 26% used [0x6b140000,0x6b5694f0,0x6c140000)
}
Event: 16.153 GC heap before
{Heap before GC invocations=7 (full 0):
 PSYoungGen      total 40192K, used 38746K [0x9dbc0000, 0xa09c0000, 0xb3140000)
  eden space 33280K, 100% used [0x9dbc0000,0x9fc40000,0x9fc40000)
  from space 6912K, 79% used [0xa0300000,0xa08568b8,0xa09c0000)
  to   space 6912K, 0% used [0x9fc40000,0x9fc40000,0xa0300000)
 ParOldGen       total 43008K, used 10349K [0x73140000, 0x75b40000, 0x9dbc0000)
  object space 43008K, 24% used [0x73140000,0x73b5b6c0,0x75b40000)
 PSPermGen       total 16384K, used 4271K [0x6b140000, 0x6c140000, 0x73140000)
  object space 16384K, 26% used [0x6b140000,0x6b56be28,0x6c140000)
Event: 16.334 GC heap after
Heap after GC invocations=7 (full 0):
 PSYoungGen      total 40192K, used 6906K [0x9dbc0000, 0xa2fc0000, 0xb3140000)
  eden space 33280K, 0% used [0x9dbc0000,0x9dbc0000,0x9fc40000)
  from space 6912K, 99% used [0x9fc40000,0xa02febd8,0xa0300000)
  to   space 9728K, 0% used [0xa2640000,0xa2640000,0xa2fc0000)
 ParOldGen       total 43008K, used 14047K [0x73140000, 0x75b40000, 0x9dbc0000)
  object space 43008K, 32% used [0x73140000,0x73ef7e38,0x75b40000)
 PSPermGen       total 16384K, used 4271K [0x6b140000, 0x6c140000, 0x73140000)
  object space 16384K, 26% used [0x6b140000,0x6b56be28,0x6c140000)
}
Event: 18.969 GC heap before
{Heap before GC invocations=8 (full 0):
 PSYoungGen      total 40192K, used 40186K [0x9dbc0000, 0xa2fc0000, 0xb3140000)
  eden space 33280K, 100% used [0x9dbc0000,0x9fc40000,0x9fc40000)
  from space 6912K, 99% used [0x9fc40000,0xa02febd8,0xa0300000)
  to   space 9728K, 0% used [0xa2640000,0xa2640000,0xa2fc0000)
 ParOldGen       total 43008K, used 14047K [0x73140000, 0x75b40000, 0x9dbc0000)
  object space 43008K, 32% used [0x73140000,0x73ef7e38,0x75b40000)
 PSPermGen       total 16384K, used 4281K [0x6b140000, 0x6c140000, 0x73140000)
  object space 16384K, 26% used [0x6b140000,0x6b56e5b0,0x6c140000)
Event: 19.137 GC heap after
Heap after GC invocations=8 (full 0):
 PSYoungGen      total 74240K, used 9727K [0x9dbc0000, 0xa33c0000, 0xb3140000)
  eden space 64512K, 0% used [0x9dbc0000,0x9dbc0000,0xa1ac0000)
  from space 9728K, 99% used [0xa2640000,0xa2fbff58,0xa2fc0000)
  to   space 11776K, 0% used [0xa1ac0000,0xa1ac0000,0xa2640000)
 ParOldGen       total 43008K, used 15744K [0x73140000, 0x75b40000, 0x9dbc0000)
  object space 43008K, 36% used [0x73140000,0x740a0118,0x75b40000)
 PSPermGen       total 16384K, used 4281K [0x6b140000, 0x6c140000, 0x73140000)
  object space 16384K, 26% used [0x6b140000,0x6b56e5b0,0x6c140000)
}

