# JRE version: OpenJDK Runtime Environment (7.0_91-b02) (build 1.7.0_91-b02)
# Java VM: OpenJDK Server VM (24.91-b01 mixed mode linux-x86 )
Heap
 PSYoungGen      total 76032K, used 11763K [0x9db40000, 0xa3340000, 0xb30c0000)
  eden space 64256K, 0% used [0x9db40000,0x9db40000,0xa1a00000)
  from space 11776K, 99% used [0xa1a00000,0xa257ceb8,0xa2580000)
  to   space 9472K, 0% used [0xa2580000,0xa2580000,0xa2ec0000)
 ParOldGen       total 43008K, used 23178K [0x730c0000, 0x75ac0000, 0x9db40000)
  object space 43008K, 53% used [0x730c0000,0x747628c0,0x75ac0000)
 PSPermGen       total 16384K, used 4298K [0x6b0c0000, 0x6c0c0000, 0x730c0000)
  object space 16384K, 26% used [0x6b0c0000,0x6b4f2918,0x6c0c0000)
GC Heap History (10 events):
Event: 7.783 GC heap after
Heap after GC invocations=4 (full 0):
 PSYoungGen      total 19200K, used 2550K [0x9db40000, 0xa00c0000, 0xb30c0000)
  eden space 16640K, 0% used [0x9db40000,0x9db40000,0x9eb80000)
  from space 2560K, 99% used [0x9ee00000,0x9f07da18,0x9f080000)
  to   space 2560K, 0% used [0x9eb80000,0x9eb80000,0x9ee00000)
 ParOldGen       total 43008K, used 7360K [0x730c0000, 0x75ac0000, 0x9db40000)
  object space 43008K, 17% used [0x730c0000,0x737f01c8,0x75ac0000)
 PSPermGen       total 16384K, used 4234K [0x6b0c0000, 0x6c0c0000, 0x730c0000)
  object space 16384K, 25% used [0x6b0c0000,0x6b4e2ac8,0x6c0c0000)
}
Event: 10.216 GC heap before
{Heap before GC invocations=5 (full 0):
 PSYoungGen      total 19200K, used 19190K [0x9db40000, 0xa00c0000, 0xb30c0000)
  eden space 16640K, 100% used [0x9db40000,0x9eb80000,0x9eb80000)
  from space 2560K, 99% used [0x9ee00000,0x9f07da18,0x9f080000)
  to   space 2560K, 0% used [0x9eb80000,0x9eb80000,0x9ee00000)
 ParOldGen       total 43008K, used 7360K [0x730c0000, 0x75ac0000, 0x9db40000)
  object space 43008K, 17% used [0x730c0000,0x737f01c8,0x75ac0000)
 PSPermGen       total 16384K, used 4245K [0x6b0c0000, 0x6c0c0000, 0x730c0000)
  object space 16384K, 25% used [0x6b0c0000,0x6b4e5400,0x6c0c0000)
Event: 10.273 GC heap after
Heap after GC invocations=5 (full 0):
 PSYoungGen      total 19200K, used 2548K [0x9db40000, 0xa0940000, 0xb30c0000)
  eden space 16640K, 0% used [0x9db40000,0x9db40000,0x9eb80000)
  from space 2560K, 99% used [0x9eb80000,0x9edfd128,0x9ee00000)
  to   space 6912K, 0% used [0xa0280000,0xa0280000,0xa0940000)
 ParOldGen       total 43008K, used 9948K [0x730c0000, 0x75ac0000, 0x9db40000)
  object space 43008K, 23% used [0x730c0000,0x73a77110,0x75ac0000)
 PSPermGen       total 16384K, used 4245K [0x6b0c0000, 0x6c0c0000, 0x730c0000)
  object space 16384K, 25% used [0x6b0c0000,0x6b4e5400,0x6c0c0000)
}
Event: 11.463 GC heap before
{Heap before GC invocations=6 (full 0):
 PSYoungGen      total 19200K, used 19188K [0x9db40000, 0xa0940000, 0xb30c0000)
  eden space 16640K, 100% used [0x9db40000,0x9eb80000,0x9eb80000)
  from space 2560K, 99% used [0x9eb80000,0x9edfd128,0x9ee00000)
  to   space 6912K, 0% used [0xa0280000,0xa0280000,0xa0940000)
 ParOldGen       total 43008K, used 9948K [0x730c0000, 0x75ac0000, 0x9db40000)
  object space 43008K, 23% used [0x730c0000,0x73a77110,0x75ac0000)
 PSPermGen       total 16384K, used 4261K [0x6b0c0000, 0x6c0c0000, 0x730c0000)
  object space 16384K, 26% used [0x6b0c0000,0x6b4e9490,0x6c0c0000)
Event: 11.508 GC heap after
Heap after GC invocations=6 (full 0):
 PSYoungGen      total 40192K, used 5518K [0x9db40000, 0xa0940000, 0xb30c0000)
  eden space 33280K, 0% used [0x9db40000,0x9db40000,0x9fbc0000)
  from space 6912K, 79% used [0xa0280000,0xa07e3940,0xa0940000)
  to   space 6912K, 0% used [0x9fbc0000,0x9fbc0000,0xa0280000)
 ParOldGen       total 43008K, used 9948K [0x730c0000, 0x75ac0000, 0x9db40000)
  object space 43008K, 23% used [0x730c0000,0x73a77110,0x75ac0000)
 PSPermGen       total 16384K, used 4261K [0x6b0c0000, 0x6c0c0000, 0x730c0000)
  object space 16384K, 26% used [0x6b0c0000,0x6b4e9490,0x6c0c0000)
}
Event: 14.378 GC heap before
{Heap before GC invocations=7 (full 0):
 PSYoungGen      total 40192K, used 38798K [0x9db40000, 0xa0940000, 0xb30c0000)
  eden space 33280K, 100% used [0x9db40000,0x9fbc0000,0x9fbc0000)
  from space 6912K, 79% used [0xa0280000,0xa07e3940,0xa0940000)
  to   space 6912K, 0% used [0x9fbc0000,0x9fbc0000,0xa0280000)
 ParOldGen       total 43008K, used 9948K [0x730c0000, 0x75ac0000, 0x9db40000)
  object space 43008K, 23% used [0x730c0000,0x73a77110,0x75ac0000)
 PSPermGen       total 16384K, used 4271K [0x6b0c0000, 0x6c0c0000, 0x730c0000)
  object space 16384K, 26% used [0x6b0c0000,0x6b4ebc10,0x6c0c0000)
Event: 14.533 GC heap after
Heap after GC invocations=7 (full 0):
 PSYoungGen      total 40192K, used 6898K [0x9db40000, 0xa2ec0000, 0xb30c0000)
  eden space 33280K, 0% used [0x9db40000,0x9db40000,0x9fbc0000)
  from space 6912K, 99% used [0x9fbc0000,0xa027c9d8,0xa0280000)
  to   space 9472K, 0% used [0xa2580000,0xa2580000,0xa2ec0000)
 ParOldGen       total 43008K, used 13357K [0x730c0000, 0x75ac0000, 0x9db40000)
  object space 43008K, 31% used [0x730c0000,0x73dcb698,0x75ac0000)
 PSPermGen       total 16384K, used 4271K [0x6b0c0000, 0x6c0c0000, 0x730c0000)
  object space 16384K, 26% used [0x6b0c0000,0x6b4ebc10,0x6c0c0000)
}
Event: 16.520 GC heap before
{Heap before GC invocations=8 (full 0):
 PSYoungGen      total 40192K, used 40178K [0x9db40000, 0xa2ec0000, 0xb30c0000)
  eden space 33280K, 100% used [0x9db40000,0x9fbc0000,0x9fbc0000)
  from space 6912K, 99% used [0x9fbc0000,0xa027c9d8,0xa0280000)
  to   space 9472K, 0% used [0xa2580000,0xa2580000,0xa2ec0000)
 ParOldGen       total 43008K, used 13357K [0x730c0000, 0x75ac0000, 0x9db40000)
  object space 43008K, 31% used [0x730c0000,0x73dcb698,0x75ac0000)
 PSPermGen       total 16384K, used 4289K [0x6b0c0000, 0x6c0c0000, 0x730c0000)
  object space 16384K, 26% used [0x6b0c0000,0x6b4f04a0,0x6c0c0000)
Event: 16.679 GC heap after
Heap after GC invocations=8 (full 0):
 PSYoungGen      total 73728K, used 9461K [0x9db40000, 0xa3340000, 0xb30c0000)
  eden space 64256K, 0% used [0x9db40000,0x9db40000,0xa1a00000)
  from space 9472K, 99% used [0xa2580000,0xa2ebd538,0xa2ec0000)
  to   space 11776K, 0% used [0xa1a00000,0xa1a00000,0xa2580000)
 ParOldGen       total 43008K, used 15347K [0x730c0000, 0x75ac0000, 0x9db40000)
  object space 43008K, 35% used [0x730c0000,0x73fbccd0,0x75ac0000)
 PSPermGen       total 16384K, used 4289K [0x6b0c0000, 0x6c0c0000, 0x730c0000)
  object space 16384K, 26% used [0x6b0c0000,0x6b4f04a0,0x6c0c0000)
}
Event: 20.219 GC heap before
{Heap before GC invocations=9 (full 0):
 PSYoungGen      total 73728K, used 73717K [0x9db40000, 0xa3340000, 0xb30c0000)
  eden space 64256K, 100% used [0x9db40000,0xa1a00000,0xa1a00000)
  from space 9472K, 99% used [0xa2580000,0xa2ebd538,0xa2ec0000)
  to   space 11776K, 0% used [0xa1a00000,0xa1a00000,0xa2580000)
 ParOldGen       total 43008K, used 15347K [0x730c0000, 0x75ac0000, 0x9db40000)
  object space 43008K, 35% used [0x730c0000,0x73fbccd0,0x75ac0000)
 PSPermGen       total 16384K, used 4298K [0x6b0c0000, 0x6c0c0000, 0x730c0000)
  object space 16384K, 26% used [0x6b0c0000,0x6b4f2918,0x6c0c0000)

