# JRE version: OpenJDK Runtime Environment (7.0_91-b02) (build 1.7.0_91-b02)
# Java VM: OpenJDK Server VM (24.91-b01 mixed mode linux-x86 )
Heap
 PSYoungGen      total 264704K, used 35280K [0x9dbc0000, 0xb3140000, 0xb3140000)
  eden space 223744K, 0% used [0x9dbc0000,0x9dbc0000,0xab640000)
  from space 40960K, 86% used [0xaeec0000,0xb11343f0,0xb16c0000)
  to   space 57856K, 0% used [0xab640000,0xab640000,0xaeec0000)
 ParOldGen       total 88320K, used 88164K [0x73140000, 0x78780000, 0x9dbc0000)
  object space 88320K, 99% used [0x73140000,0x787591a0,0x78780000)
 PSPermGen       total 16384K, used 4402K [0x6b140000, 0x6c140000, 0x73140000)
  object space 16384K, 26% used [0x6b140000,0x6b58c980,0x6c140000)
GC Heap History (10 events):
Event: 7.521 GC heap after
Heap after GC invocations=7 (full 0):
 PSYoungGen      total 146688K, used 16886K [0x9dbc0000, 0xb0f40000, 0xb3140000)
  eden space 129792K, 0% used [0x9dbc0000,0x9dbc0000,0xa5a80000)
  from space 16896K, 99% used [0xa5a80000,0xa6afda98,0xa6b00000)
  to   space 27648K, 0% used [0xaf440000,0xaf440000,0xb0f40000)
 ParOldGen       total 43008K, used 31541K [0x73140000, 0x75b40000, 0x9dbc0000)
  object space 43008K, 73% used [0x73140000,0x7500d6b0,0x75b40000)
 PSPermGen       total 16384K, used 4364K [0x6b140000, 0x6c140000, 0x73140000)
  object space 16384K, 26% used [0x6b140000,0x6b583268,0x6c140000)
}
Event: 7.521 GC heap before
{Heap before GC invocations=8 (full 1):
 PSYoungGen      total 146688K, used 16886K [0x9dbc0000, 0xb0f40000, 0xb3140000)
  eden space 129792K, 0% used [0x9dbc0000,0x9dbc0000,0xa5a80000)
  from space 16896K, 99% used [0xa5a80000,0xa6afda98,0xa6b00000)
  to   space 27648K, 0% used [0xaf440000,0xaf440000,0xb0f40000)
 ParOldGen       total 43008K, used 31541K [0x73140000, 0x75b40000, 0x9dbc0000)
  object space 43008K, 73% used [0x73140000,0x7500d6b0,0x75b40000)
 PSPermGen       total 16384K, used 4364K [0x6b140000, 0x6c140000, 0x73140000)
  object space 16384K, 26% used [0x6b140000,0x6b583268,0x6c140000)
Event: 7.898 GC heap after
Heap after GC invocations=8 (full 1):
 PSYoungGen      total 146688K, used 2542K [0x9dbc0000, 0xb0f40000, 0xb3140000)
  eden space 129792K, 0% used [0x9dbc0000,0x9dbc0000,0xa5a80000)
  from space 16896K, 15% used [0xa5a80000,0xa5cfb870,0xa6b00000)
  to   space 27648K, 0% used [0xaf440000,0xaf440000,0xb0f40000)
 ParOldGen       total 83456K, used 42864K [0x73140000, 0x782c0000, 0x9dbc0000)
  object space 83456K, 51% used [0x73140000,0x75b1c1e0,0x782c0000)
 PSPermGen       total 16384K, used 4362K [0x6b140000, 0x6c140000, 0x73140000)
  object space 16384K, 26% used [0x6b140000,0x6b582838,0x6c140000)
}
Event: 8.996 GC heap before
{Heap before GC invocations=9 (full 1):
 PSYoungGen      total 146688K, used 132334K [0x9dbc0000, 0xb0f40000, 0xb3140000)
  eden space 129792K, 100% used [0x9dbc0000,0xa5a80000,0xa5a80000)
  from space 16896K, 15% used [0xa5a80000,0xa5cfb870,0xa6b00000)
  to   space 27648K, 0% used [0xaf440000,0xaf440000,0xb0f40000)
 ParOldGen       total 83456K, used 42864K [0x73140000, 0x782c0000, 0x9dbc0000)
  object space 83456K, 51% used [0x73140000,0x75b1c1e0,0x782c0000)
 PSPermGen       total 16384K, used 4375K [0x6b140000, 0x6c140000, 0x73140000)
  object space 16384K, 26% used [0x6b140000,0x6b585e20,0x6c140000)
Event: 9.041 GC heap after
Heap after GC invocations=9 (full 1):
 PSYoungGen      total 203520K, used 16992K [0x9dbc0000, 0xb0500000, 0xb3140000)
  eden space 186368K, 0% used [0x9dbc0000,0x9dbc0000,0xa91c0000)
  from space 17152K, 99% used [0xaf440000,0xb04d83c8,0xb0500000)
  to   space 28672K, 0% used [0xacd00000,0xacd00000,0xae900000)
 ParOldGen       total 83456K, used 42864K [0x73140000, 0x782c0000, 0x9dbc0000)
  object space 83456K, 51% used [0x73140000,0x75b1c1e0,0x782c0000)
 PSPermGen       total 16384K, used 4375K [0x6b140000, 0x6c140000, 0x73140000)
  object space 16384K, 26% used [0x6b140000,0x6b585e20,0x6c140000)
}
Event: 10.721 GC heap before
{Heap before GC invocations=10 (full 1):
 PSYoungGen      total 203520K, used 203360K [0x9dbc0000, 0xb0500000, 0xb3140000)
  eden space 186368K, 100% used [0x9dbc0000,0xa91c0000,0xa91c0000)
  from space 17152K, 99% used [0xaf440000,0xb04d83c8,0xb0500000)
  to   space 28672K, 0% used [0xacd00000,0xacd00000,0xae900000)
 ParOldGen       total 83456K, used 42864K [0x73140000, 0x782c0000, 0x9dbc0000)
  object space 83456K, 51% used [0x73140000,0x75b1c1e0,0x782c0000)
 PSPermGen       total 16384K, used 4392K [0x6b140000, 0x6c140000, 0x73140000)
  object space 16384K, 26% used [0x6b140000,0x6b58a080,0x6c140000)
Event: 10.845 GC heap after
Heap after GC invocations=10 (full 1):
 PSYoungGen      total 269312K, used 28666K [0x9dbc0000, 0xb16c0000, 0xb3140000)
  eden space 240640K, 0% used [0x9dbc0000,0x9dbc0000,0xac6c0000)
  from space 28672K, 99% used [0xacd00000,0xae8fe8f0,0xae900000)
  to   space 40960K, 0% used [0xaeec0000,0xaeec0000,0xb16c0000)
 ParOldGen       total 83456K, used 60804K [0x73140000, 0x782c0000, 0x9dbc0000)
  object space 83456K, 72% used [0x73140000,0x76ca1058,0x782c0000)
 PSPermGen       total 16384K, used 4392K [0x6b140000, 0x6c140000, 0x73140000)
  object space 16384K, 26% used [0x6b140000,0x6b58a080,0x6c140000)
}
Event: 12.227 GC heap before
{Heap before GC invocations=11 (full 1):
 PSYoungGen      total 269312K, used 269306K [0x9dbc0000, 0xb16c0000, 0xb3140000)
  eden space 240640K, 100% used [0x9dbc0000,0xac6c0000,0xac6c0000)
  from space 28672K, 99% used [0xacd00000,0xae8fe8f0,0xae900000)
  to   space 40960K, 0% used [0xaeec0000,0xaeec0000,0xb16c0000)
 ParOldGen       total 83456K, used 61434K [0x73140000, 0x782c0000, 0x9dbc0000)
  object space 83456K, 73% used [0x73140000,0x76d3eb98,0x782c0000)
 PSPermGen       total 16384K, used 4402K [0x6b140000, 0x6c140000, 0x73140000)
  object space 16384K, 26% used [0x6b140000,0x6b58cbc0,0x6c140000)
Event: 12.414 GC heap after
Heap after GC invocations=11 (full 1):
 PSYoungGen      total 264704K, used 40958K [0x9dbc0000, 0xb3140000, 0xb3140000)
  eden space 223744K, 0% used [0x9dbc0000,0x9dbc0000,0xab640000)
  from space 40960K, 99% used [0xaeec0000,0xb16bfbf8,0xb16c0000)
  to   space 57856K, 0% used [0xab640000,0xab640000,0xaeec0000)
 ParOldGen       total 88320K, used 87748K [0x73140000, 0x78780000, 0x9dbc0000)
  object space 88320K, 99% used [0x73140000,0x786f12b8,0x78780000)
 PSPermGen       total 16384K, used 4402K [0x6b140000, 0x6c140000, 0x73140000)
  object space 16384K, 26% used [0x6b140000,0x6b58cbc0,0x6c140000)
}
Event: 12.415 GC heap before
{Heap before GC invocations=12 (full 2):
 PSYoungGen      total 264704K, used 40958K [0x9dbc0000, 0xb3140000, 0xb3140000)
  eden space 223744K, 0% used [0x9dbc0000,0x9dbc0000,0xab640000)
  from space 40960K, 99% used [0xaeec0000,0xb16bfbf8,0xb16c0000)
  to   space 57856K, 0% used [0xab640000,0xab640000,0xaeec0000)
 ParOldGen       total 88320K, used 87748K [0x73140000, 0x78780000, 0x9dbc0000)
  object space 88320K, 99% used [0x73140000,0x786f12b8,0x78780000)
 PSPermGen       total 16384K, used 4402K [0x6b140000, 0x6c140000, 0x73140000)
  object space 16384K, 26% used [0x6b140000,0x6b58cbc0,0x6c140000)

