# JRE version: OpenJDK Runtime Environment (7.0_91-b02) (build 1.7.0_91-b02)
# Java VM: OpenJDK Server VM (24.91-b01 mixed mode linux-x86 )
Heap
 PSYoungGen      total 75264K, used 9726K [0x9db80000, 0xa2f80000, 0xb3100000)
  eden space 65536K, 0% used [0x9db80000,0x9db80000,0xa1b80000)
  from space 9728K, 99% used [0xa1b80000,0xa24ffb58,0xa2500000)
  to   space 8704K, 0% used [0xa2500000,0xa2500000,0xa2d80000)
 ParOldGen       total 43008K, used 19605K [0x73100000, 0x75b00000, 0x9db80000)
  object space 43008K, 45% used [0x73100000,0x74425598,0x75b00000)
 PSPermGen       total 16384K, used 4293K [0x6b100000, 0x6c100000, 0x73100000)
  object space 16384K, 26% used [0x6b100000,0x6b5315c0,0x6c100000)
GC Heap History (10 events):
Event: 3.950 GC heap after
Heap after GC invocations=2 (full 0):
 PSYoungGen      total 19200K, used 2549K [0x9db80000, 0xa0100000, 0xb3100000)
  eden space 16640K, 0% used [0x9db80000,0x9db80000,0x9ebc0000)
  from space 2560K, 99% used [0x9ee40000,0x9f0bd6e0,0x9f0c0000)
  to   space 2560K, 0% used [0x9ebc0000,0x9ebc0000,0x9ee40000)
 ParOldGen       total 43008K, used 2008K [0x73100000, 0x75b00000, 0x9db80000)
  object space 43008K, 4% used [0x73100000,0x732f6038,0x75b00000)
 PSPermGen       total 16384K, used 4173K [0x6b100000, 0x6c100000, 0x73100000)
  object space 16384K, 25% used [0x6b100000,0x6b5136c8,0x6c100000)
}
Event: 8.063 GC heap before
{Heap before GC invocations=3 (full 0):
 PSYoungGen      total 19200K, used 19189K [0x9db80000, 0xa0100000, 0xb3100000)
  eden space 16640K, 100% used [0x9db80000,0x9ebc0000,0x9ebc0000)
  from space 2560K, 99% used [0x9ee40000,0x9f0bd6e0,0x9f0c0000)
  to   space 2560K, 0% used [0x9ebc0000,0x9ebc0000,0x9ee40000)
 ParOldGen       total 43008K, used 2008K [0x73100000, 0x75b00000, 0x9db80000)
  object space 43008K, 4% used [0x73100000,0x732f6038,0x75b00000)
 PSPermGen       total 16384K, used 4209K [0x6b100000, 0x6c100000, 0x73100000)
  object space 16384K, 25% used [0x6b100000,0x6b51c678,0x6c100000)
Event: 8.120 GC heap after
Heap after GC invocations=3 (full 0):
 PSYoungGen      total 19200K, used 2547K [0x9db80000, 0xa0100000, 0xb3100000)
  eden space 16640K, 0% used [0x9db80000,0x9db80000,0x9ebc0000)
  from space 2560K, 99% used [0x9ebc0000,0x9ee3cc70,0x9ee40000)
  to   space 2560K, 0% used [0x9fe80000,0x9fe80000,0xa0100000)
 ParOldGen       total 43008K, used 4099K [0x73100000, 0x75b00000, 0x9db80000)
  object space 43008K, 9% used [0x73100000,0x73500d80,0x75b00000)
 PSPermGen       total 16384K, used 4209K [0x6b100000, 0x6c100000, 0x73100000)
  object space 16384K, 25% used [0x6b100000,0x6b51c678,0x6c100000)
}
Event: 9.450 GC heap before
{Heap before GC invocations=4 (full 0):
 PSYoungGen      total 19200K, used 19187K [0x9db80000, 0xa0100000, 0xb3100000)
  eden space 16640K, 100% used [0x9db80000,0x9ebc0000,0x9ebc0000)
  from space 2560K, 99% used [0x9ebc0000,0x9ee3cc70,0x9ee40000)
  to   space 2560K, 0% used [0x9fe80000,0x9fe80000,0xa0100000)
 ParOldGen       total 43008K, used 4099K [0x73100000, 0x75b00000, 0x9db80000)
  object space 43008K, 9% used [0x73100000,0x73500d80,0x75b00000)
 PSPermGen       total 16384K, used 4233K [0x6b100000, 0x6c100000, 0x73100000)
  object space 16384K, 25% used [0x6b100000,0x6b5224d0,0x6c100000)
Event: 9.504 GC heap after
Heap after GC invocations=4 (full 0):
 PSYoungGen      total 35840K, used 2546K [0x9db80000, 0xa0100000, 0xb3100000)
  eden space 33280K, 0% used [0x9db80000,0x9db80000,0x9fc00000)
  from space 2560K, 99% used [0x9fe80000,0xa00fcb38,0xa0100000)
  to   space 2560K, 0% used [0x9fc00000,0x9fc00000,0x9fe80000)
 ParOldGen       total 43008K, used 7330K [0x73100000, 0x75b00000, 0x9db80000)
  object space 43008K, 17% used [0x73100000,0x73828908,0x75b00000)
 PSPermGen       total 16384K, used 4233K [0x6b100000, 0x6c100000, 0x73100000)
  object space 16384K, 25% used [0x6b100000,0x6b5224d0,0x6c100000)
}
Event: 12.434 GC heap before
{Heap before GC invocations=5 (full 0):
 PSYoungGen      total 35840K, used 35826K [0x9db80000, 0xa0100000, 0xb3100000)
  eden space 33280K, 100% used [0x9db80000,0x9fc00000,0x9fc00000)
  from space 2560K, 99% used [0x9fe80000,0xa00fcb38,0xa0100000)
  to   space 2560K, 0% used [0x9fc00000,0x9fc00000,0x9fe80000)
 ParOldGen       total 43008K, used 7330K [0x73100000, 0x75b00000, 0x9db80000)
  object space 43008K, 17% used [0x73100000,0x73828908,0x75b00000)
 PSPermGen       total 16384K, used 4260K [0x6b100000, 0x6c100000, 0x73100000)
  object space 16384K, 26% used [0x6b100000,0x6b5290f8,0x6c100000)
Event: 12.538 GC heap after
Heap after GC invocations=5 (full 0):
 PSYoungGen      total 35840K, used 2547K [0x9db80000, 0xa2d80000, 0xb3100000)
  eden space 33280K, 0% used [0x9db80000,0x9db80000,0x9fc00000)
  from space 2560K, 99% used [0x9fc00000,0x9fe7ce78,0x9fe80000)
  to   space 8704K, 0% used [0xa2500000,0xa2500000,0xa2d80000)
 ParOldGen       total 43008K, used 12721K [0x73100000, 0x75b00000, 0x9db80000)
  object space 43008K, 29% used [0x73100000,0x73d6c6c0,0x75b00000)
 PSPermGen       total 16384K, used 4260K [0x6b100000, 0x6c100000, 0x73100000)
  object space 16384K, 26% used [0x6b100000,0x6b5290f8,0x6c100000)
}
Event: 14.860 GC heap before
{Heap before GC invocations=6 (full 0):
 PSYoungGen      total 35840K, used 35827K [0x9db80000, 0xa2d80000, 0xb3100000)
  eden space 33280K, 100% used [0x9db80000,0x9fc00000,0x9fc00000)
  from space 2560K, 99% used [0x9fc00000,0x9fe7ce78,0x9fe80000)
  to   space 8704K, 0% used [0xa2500000,0xa2500000,0xa2d80000)
 ParOldGen       total 43008K, used 12721K [0x73100000, 0x75b00000, 0x9db80000)
  object space 43008K, 29% used [0x73100000,0x73d6c6c0,0x75b00000)
 PSPermGen       total 16384K, used 4269K [0x6b100000, 0x6c100000, 0x73100000)
  object space 16384K, 26% used [0x6b100000,0x6b52b7a8,0x6c100000)
Event: 14.984 GC heap after
Heap after GC invocations=6 (full 0):
 PSYoungGen      total 74240K, used 8139K [0x9db80000, 0xa2f80000, 0xb3100000)
  eden space 65536K, 0% used [0x9db80000,0x9db80000,0xa1b80000)
  from space 8704K, 93% used [0xa2500000,0xa2cf2f90,0xa2d80000)
  to   space 9728K, 0% used [0xa1b80000,0xa1b80000,0xa2500000)
 ParOldGen       total 43008K, used 12721K [0x73100000, 0x75b00000, 0x9db80000)
  object space 43008K, 29% used [0x73100000,0x73d6c6c0,0x75b00000)
 PSPermGen       total 16384K, used 4269K [0x6b100000, 0x6c100000, 0x73100000)
  object space 16384K, 26% used [0x6b100000,0x6b52b7a8,0x6c100000)
}
Event: 19.550 GC heap before
{Heap before GC invocations=7 (full 0):
 PSYoungGen      total 74240K, used 73675K [0x9db80000, 0xa2f80000, 0xb3100000)
  eden space 65536K, 100% used [0x9db80000,0xa1b80000,0xa1b80000)
  from space 8704K, 93% used [0xa2500000,0xa2cf2f90,0xa2d80000)
  to   space 9728K, 0% used [0xa1b80000,0xa1b80000,0xa2500000)
 ParOldGen       total 43008K, used 12721K [0x73100000, 0x75b00000, 0x9db80000)
  object space 43008K, 29% used [0x73100000,0x73d6c6c0,0x75b00000)
 PSPermGen       total 16384K, used 4293K [0x6b100000, 0x6c100000, 0x73100000)
  object space 16384K, 26% used [0x6b100000,0x6b5315c0,0x6c100000)

