# JRE version: OpenJDK Runtime Environment (7.0_91-b02) (build 1.7.0_91-b02)
# Java VM: OpenJDK Server VM (24.91-b01 mixed mode linux-x86 )
Heap
 PSYoungGen      total 144384K, used 73029K [0x9dc00000, 0xa7f00000, 0xb3180000)
  eden space 130304K, 45% used [0x9dc00000,0xa15c3248,0xa5b40000)
  from space 14080K, 98% used [0xa6bc0000,0xa794e2f8,0xa7980000)
  to   space 16896K, 0% used [0xa5b40000,0xa5b40000,0xa6bc0000)
 ParOldGen       total 43008K, used 22798K [0x73180000, 0x75b80000, 0x9dc00000)
  object space 43008K, 53% used [0x73180000,0x747c3b10,0x75b80000)
 PSPermGen       total 16384K, used 4319K [0x6b180000, 0x6c180000, 0x73180000)
  object space 16384K, 26% used [0x6b180000,0x6b5b7d10,0x6c180000)
GC Heap History (10 events):
Event: 4.077 GC heap before
{Heap before GC invocations=2 (full 0):
 PSYoungGen      total 19200K, used 19195K [0x9dc00000, 0xa0180000, 0xb3180000)
  eden space 16640K, 100% used [0x9dc00000,0x9ec40000,0x9ec40000)
  from space 2560K, 99% used [0x9ec40000,0x9eebef50,0x9eec0000)
  to   space 2560K, 0% used [0x9ff00000,0x9ff00000,0xa0180000)
 ParOldGen       total 43008K, used 268K [0x73180000, 0x75b80000, 0x9dc00000)
  object space 43008K, 0% used [0x73180000,0x731c3090,0x75b80000)
 PSPermGen       total 16384K, used 4159K [0x6b180000, 0x6c180000, 0x73180000)
  object space 16384K, 25% used [0x6b180000,0x6b58fef8,0x6c180000)
Event: 4.132 GC heap after
Heap after GC invocations=2 (full 0):
 PSYoungGen      total 35840K, used 2549K [0x9dc00000, 0xa0180000, 0xb3180000)
  eden space 33280K, 0% used [0x9dc00000,0x9dc00000,0x9fc80000)
  from space 2560K, 99% used [0x9ff00000,0xa017d7b8,0xa0180000)
  to   space 2560K, 0% used [0x9fc80000,0x9fc80000,0x9ff00000)
 ParOldGen       total 43008K, used 1810K [0x73180000, 0x75b80000, 0x9dc00000)
  object space 43008K, 4% used [0x73180000,0x73344948,0x75b80000)
 PSPermGen       total 16384K, used 4159K [0x6b180000, 0x6c180000, 0x73180000)
  object space 16384K, 25% used [0x6b180000,0x6b58fef8,0x6c180000)
}
Event: 7.341 GC heap before
{Heap before GC invocations=3 (full 0):
 PSYoungGen      total 35840K, used 35829K [0x9dc00000, 0xa0180000, 0xb3180000)
  eden space 33280K, 100% used [0x9dc00000,0x9fc80000,0x9fc80000)
  from space 2560K, 99% used [0x9ff00000,0xa017d7b8,0xa0180000)
  to   space 2560K, 0% used [0x9fc80000,0x9fc80000,0x9ff00000)
 ParOldGen       total 43008K, used 1810K [0x73180000, 0x75b80000, 0x9dc00000)
  object space 43008K, 4% used [0x73180000,0x73344948,0x75b80000)
 PSPermGen       total 16384K, used 4236K [0x6b180000, 0x6c180000, 0x73180000)
  object space 16384K, 25% used [0x6b180000,0x6b5a33d8,0x6c180000)
Event: 7.437 GC heap after
Heap after GC invocations=3 (full 0):
 PSYoungGen      total 35840K, used 2547K [0x9dc00000, 0xa2200000, 0xb3180000)
  eden space 33280K, 0% used [0x9dc00000,0x9dc00000,0x9fc80000)
  from space 2560K, 99% used [0x9fc80000,0x9fefcd80,0x9ff00000)
  to   space 2560K, 0% used [0xa1f80000,0xa1f80000,0xa2200000)
 ParOldGen       total 43008K, used 7128K [0x73180000, 0x75b80000, 0x9dc00000)
  object space 43008K, 16% used [0x73180000,0x73876210,0x75b80000)
 PSPermGen       total 16384K, used 4236K [0x6b180000, 0x6c180000, 0x73180000)
  object space 16384K, 25% used [0x6b180000,0x6b5a33d8,0x6c180000)
}
Event: 10.361 GC heap before
{Heap before GC invocations=4 (full 0):
 PSYoungGen      total 35840K, used 35827K [0x9dc00000, 0xa2200000, 0xb3180000)
  eden space 33280K, 100% used [0x9dc00000,0x9fc80000,0x9fc80000)
  from space 2560K, 99% used [0x9fc80000,0x9fefcd80,0x9ff00000)
  to   space 2560K, 0% used [0xa1f80000,0xa1f80000,0xa2200000)
 ParOldGen       total 43008K, used 7128K [0x73180000, 0x75b80000, 0x9dc00000)
  object space 43008K, 16% used [0x73180000,0x73876210,0x75b80000)
 PSPermGen       total 16384K, used 4260K [0x6b180000, 0x6c180000, 0x73180000)
  object space 16384K, 26% used [0x6b180000,0x6b5a9010,0x6c180000)
Event: 10.529 GC heap after
Heap after GC invocations=4 (full 0):
 PSYoungGen      total 69120K, used 2554K [0x9dc00000, 0xa2200000, 0xb3180000)
  eden space 66560K, 0% used [0x9dc00000,0x9dc00000,0xa1d00000)
  from space 2560K, 99% used [0xa1f80000,0xa21fe950,0xa2200000)
  to   space 2560K, 0% used [0xa1d00000,0xa1d00000,0xa1f80000)
 ParOldGen       total 43008K, used 12643K [0x73180000, 0x75b80000, 0x9dc00000)
  object space 43008K, 29% used [0x73180000,0x73dd8fb8,0x75b80000)
 PSPermGen       total 16384K, used 4260K [0x6b180000, 0x6c180000, 0x73180000)
  object space 16384K, 26% used [0x6b180000,0x6b5a9010,0x6c180000)
}
Event: 15.231 GC heap before
{Heap before GC invocations=5 (full 0):
 PSYoungGen      total 69120K, used 69114K [0x9dc00000, 0xa2200000, 0xb3180000)
  eden space 66560K, 100% used [0x9dc00000,0xa1d00000,0xa1d00000)
  from space 2560K, 99% used [0xa1f80000,0xa21fe950,0xa2200000)
  to   space 2560K, 0% used [0xa1d00000,0xa1d00000,0xa1f80000)
 ParOldGen       total 43008K, used 12643K [0x73180000, 0x75b80000, 0x9dc00000)
  object space 43008K, 29% used [0x73180000,0x73dd8fb8,0x75b80000)
 PSPermGen       total 16384K, used 4286K [0x6b180000, 0x6c180000, 0x73180000)
  object space 16384K, 26% used [0x6b180000,0x6b5af808,0x6c180000)
Event: 15.331 GC heap after
Heap after GC invocations=5 (full 0):
 PSYoungGen      total 69120K, used 2555K [0x9dc00000, 0xa7980000, 0xb3180000)
  eden space 66560K, 0% used [0x9dc00000,0x9dc00000,0xa1d00000)
  from space 2560K, 99% used [0xa1d00000,0xa1f7eda8,0xa1f80000)
  to   space 14080K, 0% used [0xa6bc0000,0xa6bc0000,0xa7980000)
 ParOldGen       total 43008K, used 22798K [0x73180000, 0x75b80000, 0x9dc00000)
  object space 43008K, 53% used [0x73180000,0x747c3b10,0x75b80000)
 PSPermGen       total 16384K, used 4286K [0x6b180000, 0x6c180000, 0x73180000)
  object space 16384K, 26% used [0x6b180000,0x6b5af808,0x6c180000)
}
Event: 19.113 GC heap before
{Heap before GC invocations=6 (full 0):
 PSYoungGen      total 69120K, used 69115K [0x9dc00000, 0xa7980000, 0xb3180000)
  eden space 66560K, 100% used [0x9dc00000,0xa1d00000,0xa1d00000)
  from space 2560K, 99% used [0xa1d00000,0xa1f7eda8,0xa1f80000)
  to   space 14080K, 0% used [0xa6bc0000,0xa6bc0000,0xa7980000)
 ParOldGen       total 43008K, used 22798K [0x73180000, 0x75b80000, 0x9dc00000)
  object space 43008K, 53% used [0x73180000,0x747c3b10,0x75b80000)
 PSPermGen       total 16384K, used 4299K [0x6b180000, 0x6c180000, 0x73180000)
  object space 16384K, 26% used [0x6b180000,0x6b5b2f80,0x6c180000)
Event: 19.337 GC heap after
Heap after GC invocations=6 (full 0):
 PSYoungGen      total 144384K, used 13880K [0x9dc00000, 0xa7f00000, 0xb3180000)
  eden space 130304K, 0% used [0x9dc00000,0x9dc00000,0xa5b40000)
  from space 14080K, 98% used [0xa6bc0000,0xa794e2f8,0xa7980000)
  to   space 16896K, 0% used [0xa5b40000,0xa5b40000,0xa6bc0000)
 ParOldGen       total 43008K, used 22798K [0x73180000, 0x75b80000, 0x9dc00000)
  object space 43008K, 53% used [0x73180000,0x747c3b10,0x75b80000)
 PSPermGen       total 16384K, used 4299K [0x6b180000, 0x6c180000, 0x73180000)
  object space 16384K, 26% used [0x6b180000,0x6b5b2f80,0x6c180000)
}

