# JRE version: OpenJDK Runtime Environment (7.0_91-b02) (build 1.7.0_91-b02)
# Java VM: OpenJDK Server VM (24.91-b01 mixed mode linux-x86 )
Heap
 PSYoungGen      total 217088K, used 32497K [0x9db80000, 0xb3100000, 0xb3100000)
  eden space 155648K, 0% used [0x9db80000,0x9db80000,0xa7380000)
  from space 61440K, 52% used [0xaf500000,0xb14bc708,0xb3100000)
  to   space 97024K, 0% used [0xa7380000,0xa7380000,0xad240000)
 ParOldGen       total 156160K, used 156105K [0x73100000, 0x7c980000, 0x9db80000)
  object space 156160K, 99% used [0x73100000,0x7c972700,0x7c980000)
 PSPermGen       total 16384K, used 4420K [0x6b100000, 0x6c100000, 0x73100000)
  object space 16384K, 26% used [0x6b100000,0x6b551318,0x6c100000)
GC Heap History (10 events):
Event: 9.126 GC heap after
Heap after GC invocations=10 (full 1):
 PSYoungGen      total 280064K, used 31476K [0x9db80000, 0xb2380000, 0xb3100000)
  eden space 248576K, 0% used [0x9db80000,0x9db80000,0xace40000)
  from space 31488K, 99% used [0xace40000,0xaecfd388,0xaed00000)
  to   space 43264K, 0% used [0xaf940000,0xaf940000,0xb2380000)
 ParOldGen       total 84736K, used 58277K [0x73100000, 0x783c0000, 0x9db80000)
  object space 84736K, 68% used [0x73100000,0x769e96f0,0x783c0000)
 PSPermGen       total 16384K, used 4386K [0x6b100000, 0x6c100000, 0x73100000)
  object space 16384K, 26% used [0x6b100000,0x6b5488d8,0x6c100000)
}
Event: 10.959 GC heap before
{Heap before GC invocations=11 (full 1):
 PSYoungGen      total 280064K, used 280052K [0x9db80000, 0xb2380000, 0xb3100000)
  eden space 248576K, 100% used [0x9db80000,0xace40000,0xace40000)
  from space 31488K, 99% used [0xace40000,0xaecfd388,0xaed00000)
  to   space 43264K, 0% used [0xaf940000,0xaf940000,0xb2380000)
 ParOldGen       total 84736K, used 58277K [0x73100000, 0x783c0000, 0x9db80000)
  object space 84736K, 68% used [0x73100000,0x769e96f0,0x783c0000)
 PSPermGen       total 16384K, used 4404K [0x6b100000, 0x6c100000, 0x73100000)
  object space 16384K, 26% used [0x6b100000,0x6b54d178,0x6c100000)
Event: 11.168 GC heap after
Heap after GC invocations=11 (full 1):
 PSYoungGen      total 270080K, used 43249K [0x9db80000, 0xb3100000, 0xb3100000)
  eden space 226816K, 0% used [0x9db80000,0x9db80000,0xab900000)
  from space 43264K, 99% used [0xaf940000,0xb237c408,0xb2380000)
  to   space 61440K, 0% used [0xab900000,0xab900000,0xaf500000)
 ParOldGen       total 87552K, used 86793K [0x73100000, 0x78680000, 0x9db80000)
  object space 87552K, 99% used [0x73100000,0x785c25d0,0x78680000)
 PSPermGen       total 16384K, used 4404K [0x6b100000, 0x6c100000, 0x73100000)
  object space 16384K, 26% used [0x6b100000,0x6b54d178,0x6c100000)
}
Event: 11.168 GC heap before
{Heap before GC invocations=12 (full 2):
 PSYoungGen      total 270080K, used 43249K [0x9db80000, 0xb3100000, 0xb3100000)
  eden space 226816K, 0% used [0x9db80000,0x9db80000,0xab900000)
  from space 43264K, 99% used [0xaf940000,0xb237c408,0xb2380000)
  to   space 61440K, 0% used [0xab900000,0xab900000,0xaf500000)
 ParOldGen       total 87552K, used 86793K [0x73100000, 0x78680000, 0x9db80000)
  object space 87552K, 99% used [0x73100000,0x785c25d0,0x78680000)
 PSPermGen       total 16384K, used 4404K [0x6b100000, 0x6c100000, 0x73100000)
  object space 16384K, 26% used [0x6b100000,0x6b54d178,0x6c100000)
Event: 12.011 GC heap after
Heap after GC invocations=12 (full 2):
 PSYoungGen      total 270080K, used 36297K [0x9db80000, 0xb3100000, 0xb3100000)
  eden space 226816K, 0% used [0x9db80000,0x9db80000,0xab900000)
  from space 43264K, 83% used [0xaf940000,0xb1cb24a0,0xb2380000)
  to   space 61440K, 0% used [0xab900000,0xab900000,0xaf500000)
 ParOldGen       total 156160K, used 87470K [0x73100000, 0x7c980000, 0x9db80000)
  object space 156160K, 56% used [0x73100000,0x7866bbe0,0x7c980000)
 PSPermGen       total 16384K, used 4403K [0x6b100000, 0x6c100000, 0x73100000)
  object space 16384K, 26% used [0x6b100000,0x6b54ced8,0x6c100000)
}
Event: 12.813 GC heap before
{Heap before GC invocations=13 (full 2):
 PSYoungGen      total 270080K, used 263113K [0x9db80000, 0xb3100000, 0xb3100000)
  eden space 226816K, 100% used [0x9db80000,0xab900000,0xab900000)
  from space 43264K, 83% used [0xaf940000,0xb1cb24a0,0xb2380000)
  to   space 61440K, 0% used [0xab900000,0xab900000,0xaf500000)
 ParOldGen       total 156160K, used 87470K [0x73100000, 0x7c980000, 0x9db80000)
  object space 156160K, 56% used [0x73100000,0x7866bbe0,0x7c980000)
 PSPermGen       total 16384K, used 4418K [0x6b100000, 0x6c100000, 0x73100000)
  object space 16384K, 26% used [0x6b100000,0x6b550a98,0x6c100000)
Event: 13.070 GC heap after
Heap after GC invocations=13 (full 2):
 PSYoungGen      total 288256K, used 61424K [0x9db80000, 0xb3100000, 0xb3100000)
  eden space 226816K, 0% used [0x9db80000,0x9db80000,0xab900000)
  from space 61440K, 99% used [0xab900000,0xaf4fc358,0xaf500000)
  to   space 61440K, 0% used [0xaf500000,0xaf500000,0xb3100000)
 ParOldGen       total 156160K, used 98418K [0x73100000, 0x7c980000, 0x9db80000)
  object space 156160K, 63% used [0x73100000,0x7911c800,0x7c980000)
 PSPermGen       total 16384K, used 4418K [0x6b100000, 0x6c100000, 0x73100000)
  object space 16384K, 26% used [0x6b100000,0x6b550a98,0x6c100000)
}
Event: 13.594 GC heap before
{Heap before GC invocations=14 (full 2):
 PSYoungGen      total 288256K, used 288240K [0x9db80000, 0xb3100000, 0xb3100000)
  eden space 226816K, 100% used [0x9db80000,0xab900000,0xab900000)
  from space 61440K, 99% used [0xab900000,0xaf4fc358,0xaf500000)
  to   space 61440K, 0% used [0xaf500000,0xaf500000,0xb3100000)
 ParOldGen       total 156160K, used 98418K [0x73100000, 0x7c980000, 0x9db80000)
  object space 156160K, 63% used [0x73100000,0x7911c800,0x7c980000)
 PSPermGen       total 16384K, used 4420K [0x6b100000, 0x6c100000, 0x73100000)
  object space 16384K, 26% used [0x6b100000,0x6b5513b8,0x6c100000)
Event: 13.841 GC heap after
Heap after GC invocations=14 (full 2):
 PSYoungGen      total 217088K, used 61439K [0x9db80000, 0xb3100000, 0xb3100000)
  eden space 155648K, 0% used [0x9db80000,0x9db80000,0xa7380000)
  from space 61440K, 99% used [0xaf500000,0xb30ffca0,0xb3100000)
  to   space 97024K, 0% used [0xa7380000,0xa7380000,0xad240000)
 ParOldGen       total 156160K, used 132659K [0x73100000, 0x7c980000, 0x9db80000)
  object space 156160K, 84% used [0x73100000,0x7b28cf78,0x7c980000)
 PSPermGen       total 16384K, used 4420K [0x6b100000, 0x6c100000, 0x73100000)
  object space 16384K, 26% used [0x6b100000,0x6b5513b8,0x6c100000)
}
Event: 13.841 GC heap before
{Heap before GC invocations=15 (full 3):
 PSYoungGen      total 217088K, used 61439K [0x9db80000, 0xb3100000, 0xb3100000)
  eden space 155648K, 0% used [0x9db80000,0x9db80000,0xa7380000)
  from space 61440K, 99% used [0xaf500000,0xb30ffca0,0xb3100000)
  to   space 97024K, 0% used [0xa7380000,0xa7380000,0xad240000)
 ParOldGen       total 156160K, used 132659K [0x73100000, 0x7c980000, 0x9db80000)
  object space 156160K, 84% used [0x73100000,0x7b28cf78,0x7c980000)
 PSPermGen       total 16384K, used 4420K [0x6b100000, 0x6c100000, 0x73100000)
  object space 16384K, 26% used [0x6b100000,0x6b5513b8,0x6c100000)

