# JRE version: OpenJDK Runtime Environment (7.0_91-b02) (build 1.7.0_91-b02)
# Java VM: OpenJDK Server VM (24.91-b01 mixed mode linux-x86 )
Heap
 PSYoungGen      total 76288K, used 11000K [0x9dbc0000, 0xa3240000, 0xb3140000)
  eden space 65280K, 0% used [0x9dbc0000,0x9dbc0000,0xa1b80000)
  from space 11008K, 99% used [0xa1b80000,0xa263e288,0xa2640000)
  to   space 9728K, 0% used [0xa2640000,0xa2640000,0xa2fc0000)
 ParOldGen       total 43008K, used 20601K [0x73140000, 0x75b40000, 0x9dbc0000)
  object space 43008K, 47% used [0x73140000,0x7455e5c0,0x75b40000)
 PSPermGen       total 16384K, used 4277K [0x6b140000, 0x6c140000, 0x73140000)
  object space 16384K, 26% used [0x6b140000,0x6b56d528,0x6c140000)
GC Heap History (10 events):
Event: 3.288 GC heap after
Heap after GC invocations=2 (full 0):
 PSYoungGen      total 19200K, used 2545K [0x9dbc0000, 0xa0140000, 0xb3140000)
  eden space 16640K, 0% used [0x9dbc0000,0x9dbc0000,0x9ec00000)
  from space 2560K, 99% used [0x9ee80000,0x9f0fc628,0x9f100000)
  to   space 2560K, 0% used [0x9ec00000,0x9ec00000,0x9ee80000)
 ParOldGen       total 43008K, used 1918K [0x73140000, 0x75b40000, 0x9dbc0000)
  object space 43008K, 4% used [0x73140000,0x7331f998,0x75b40000)
 PSPermGen       total 16384K, used 4103K [0x6b140000, 0x6c140000, 0x73140000)
  object space 16384K, 25% used [0x6b140000,0x6b541c80,0x6c140000)
}
Event: 5.170 GC heap before
{Heap before GC invocations=3 (full 0):
 PSYoungGen      total 19200K, used 19185K [0x9dbc0000, 0xa0140000, 0xb3140000)
  eden space 16640K, 100% used [0x9dbc0000,0x9ec00000,0x9ec00000)
  from space 2560K, 99% used [0x9ee80000,0x9f0fc628,0x9f100000)
  to   space 2560K, 0% used [0x9ec00000,0x9ec00000,0x9ee80000)
 ParOldGen       total 43008K, used 1918K [0x73140000, 0x75b40000, 0x9dbc0000)
  object space 43008K, 4% used [0x73140000,0x7331f998,0x75b40000)
 PSPermGen       total 16384K, used 4189K [0x6b140000, 0x6c140000, 0x73140000)
  object space 16384K, 25% used [0x6b140000,0x6b5574c8,0x6c140000)
Event: 5.214 GC heap after
Heap after GC invocations=3 (full 0):
 PSYoungGen      total 19200K, used 2550K [0x9dbc0000, 0xa0140000, 0xb3140000)
  eden space 16640K, 0% used [0x9dbc0000,0x9dbc0000,0x9ec00000)
  from space 2560K, 99% used [0x9ec00000,0x9ee7dba8,0x9ee80000)
  to   space 2560K, 0% used [0x9fec0000,0x9fec0000,0xa0140000)
 ParOldGen       total 43008K, used 4182K [0x73140000, 0x75b40000, 0x9dbc0000)
  object space 43008K, 9% used [0x73140000,0x73555840,0x75b40000)
 PSPermGen       total 16384K, used 4189K [0x6b140000, 0x6c140000, 0x73140000)
  object space 16384K, 25% used [0x6b140000,0x6b5574c8,0x6c140000)
}
Event: 6.858 GC heap before
{Heap before GC invocations=4 (full 0):
 PSYoungGen      total 19200K, used 19190K [0x9dbc0000, 0xa0140000, 0xb3140000)
  eden space 16640K, 100% used [0x9dbc0000,0x9ec00000,0x9ec00000)
  from space 2560K, 99% used [0x9ec00000,0x9ee7dba8,0x9ee80000)
  to   space 2560K, 0% used [0x9fec0000,0x9fec0000,0xa0140000)
 ParOldGen       total 43008K, used 4182K [0x73140000, 0x75b40000, 0x9dbc0000)
  object space 43008K, 9% used [0x73140000,0x73555840,0x75b40000)
 PSPermGen       total 16384K, used 4213K [0x6b140000, 0x6c140000, 0x73140000)
  object space 16384K, 25% used [0x6b140000,0x6b55d798,0x6c140000)
Event: 6.894 GC heap after
Heap after GC invocations=4 (full 0):
 PSYoungGen      total 35840K, used 2557K [0x9dbc0000, 0xa0140000, 0xb3140000)
  eden space 33280K, 0% used [0x9dbc0000,0x9dbc0000,0x9fc40000)
  from space 2560K, 99% used [0x9fec0000,0xa013f458,0xa0140000)
  to   space 2560K, 0% used [0x9fc40000,0x9fc40000,0x9fec0000)
 ParOldGen       total 43008K, used 7562K [0x73140000, 0x75b40000, 0x9dbc0000)
  object space 43008K, 17% used [0x73140000,0x738a2a00,0x75b40000)
 PSPermGen       total 16384K, used 4213K [0x6b140000, 0x6c140000, 0x73140000)
  object space 16384K, 25% used [0x6b140000,0x6b55d798,0x6c140000)
}
Event: 11.103 GC heap before
{Heap before GC invocations=5 (full 0):
 PSYoungGen      total 35840K, used 35837K [0x9dbc0000, 0xa0140000, 0xb3140000)
  eden space 33280K, 100% used [0x9dbc0000,0x9fc40000,0x9fc40000)
  from space 2560K, 99% used [0x9fec0000,0xa013f458,0xa0140000)
  to   space 2560K, 0% used [0x9fc40000,0x9fc40000,0x9fec0000)
 ParOldGen       total 43008K, used 7562K [0x73140000, 0x75b40000, 0x9dbc0000)
  object space 43008K, 17% used [0x73140000,0x738a2a00,0x75b40000)
 PSPermGen       total 16384K, used 4235K [0x6b140000, 0x6c140000, 0x73140000)
  object space 16384K, 25% used [0x6b140000,0x6b562c98,0x6c140000)
Event: 11.224 GC heap after
Heap after GC invocations=5 (full 0):
 PSYoungGen      total 35840K, used 2545K [0x9dbc0000, 0xa2fc0000, 0xb3140000)
  eden space 33280K, 0% used [0x9dbc0000,0x9dbc0000,0x9fc40000)
  from space 2560K, 99% used [0x9fc40000,0x9febc7c8,0x9fec0000)
  to   space 9728K, 0% used [0xa2640000,0xa2640000,0xa2fc0000)
 ParOldGen       total 43008K, used 13105K [0x73140000, 0x75b40000, 0x9dbc0000)
  object space 43008K, 30% used [0x73140000,0x73e0c480,0x75b40000)
 PSPermGen       total 16384K, used 4235K [0x6b140000, 0x6c140000, 0x73140000)
  object space 16384K, 25% used [0x6b140000,0x6b562c98,0x6c140000)
}
Event: 14.566 GC heap before
{Heap before GC invocations=6 (full 0):
 PSYoungGen      total 35840K, used 35825K [0x9dbc0000, 0xa2fc0000, 0xb3140000)
  eden space 33280K, 100% used [0x9dbc0000,0x9fc40000,0x9fc40000)
  from space 2560K, 99% used [0x9fc40000,0x9febc7c8,0x9fec0000)
  to   space 9728K, 0% used [0xa2640000,0xa2640000,0xa2fc0000)
 ParOldGen       total 43008K, used 13105K [0x73140000, 0x75b40000, 0x9dbc0000)
  object space 43008K, 30% used [0x73140000,0x73e0c480,0x75b40000)
 PSPermGen       total 16384K, used 4251K [0x6b140000, 0x6c140000, 0x73140000)
  object space 16384K, 25% used [0x6b140000,0x6b566fb0,0x6c140000)
Event: 14.693 GC heap after
Heap after GC invocations=6 (full 0):
 PSYoungGen      total 75008K, used 8352K [0x9dbc0000, 0xa3240000, 0xb3140000)
  eden space 65280K, 0% used [0x9dbc0000,0x9dbc0000,0xa1b80000)
  from space 9728K, 85% used [0xa2640000,0xa2e68160,0xa2fc0000)
  to   space 11008K, 0% used [0xa1b80000,0xa1b80000,0xa2640000)
 ParOldGen       total 43008K, used 13105K [0x73140000, 0x75b40000, 0x9dbc0000)
  object space 43008K, 30% used [0x73140000,0x73e0c480,0x75b40000)
 PSPermGen       total 16384K, used 4251K [0x6b140000, 0x6c140000, 0x73140000)
  object space 16384K, 25% used [0x6b140000,0x6b566fb0,0x6c140000)
}
Event: 20.312 GC heap before
{Heap before GC invocations=7 (full 0):
 PSYoungGen      total 75008K, used 73632K [0x9dbc0000, 0xa3240000, 0xb3140000)
  eden space 65280K, 100% used [0x9dbc0000,0xa1b80000,0xa1b80000)
  from space 9728K, 85% used [0xa2640000,0xa2e68160,0xa2fc0000)
  to   space 11008K, 0% used [0xa1b80000,0xa1b80000,0xa2640000)
 ParOldGen       total 43008K, used 13105K [0x73140000, 0x75b40000, 0x9dbc0000)
  object space 43008K, 30% used [0x73140000,0x73e0c480,0x75b40000)
 PSPermGen       total 16384K, used 4277K [0x6b140000, 0x6c140000, 0x73140000)
  object space 16384K, 26% used [0x6b140000,0x6b56d528,0x6c140000)

